2023/06/14 17:00:17 admin_perm_controller.go:56: [32m[INFO][0m [trace_id=1686733217190090700] [adminLogin Controller] start ...
2023/06/14 17:00:17 admin_perm_controller.go:65: [32m[INFO][0m [trace_id=1686733217190090700] ---->input param: {Password:admin Name:admin Dept: IsTeacher:false}
2023/06/14 17:03:45 admin_perm_controller.go:56: [32m[INFO][0m [trace_id=1686733425160129200] [adminLogin Controller] start ...
2023/06/14 17:03:45 admin_perm_controller.go:65: [32m[INFO][0m [trace_id=1686733425160129200] ---->input param: {Password:admin Name:admin Dept: IsTeacher:false}
2023/06/14 17:03:46 admin_perm_controller.go:56: [32m[INFO][0m [trace_id=1686733426885826700] [adminLogin Controller] start ...
2023/06/14 17:03:46 admin_perm_controller.go:65: [32m[INFO][0m [trace_id=1686733426885826700] ---->input param: {Password:admin Name:admin Dept: IsTeacher:false}
2023/06/14 17:04:35 admin_perm_controller.go:56: [32m[INFO][0m [trace_id=1686733475115279700] [adminLogin Controller] start ...
2023/06/14 17:04:35 admin_perm_controller.go:65: [32m[INFO][0m [trace_id=1686733475115279700] ---->input param: {Password:admin Name:admin Dept: IsTeacher:false}
2023/06/14 17:05:11 admin_perm_controller.go:56: [32m[INFO][0m [trace_id=1686733511529172600] [adminLogin Controller] start ...
2023/06/14 17:05:11 admin_perm_controller.go:65: [32m[INFO][0m [trace_id=1686733511529172600] ---->input param: {Password:admin Name:admin Dept: IsTeacher:false}
2023/06/14 17:05:18 admin_perm_controller.go:27: [32m[INFO][0m [trace_id=1686733518737217600] checkAuth:%!p(string=eyJhbGciOiJIUzI1NiIsInR5cCI6IkpXVCJ9.eyJ1c2VyX25hbWUiOiJhZG1pbjEiLCJleHAiOjE2ODY3MzUwNjEsImlzcyI6IjE2ODY3MzE0NjEifQ.Xsl6juD0Emu7fag6TjaK6lefDJF7A1dLsv3NLy4GQOI)
2023/06/14 17:05:29 admin_perm_controller.go:27: [32m[INFO][0m [trace_id=1686733529803018100] checkAuth:%!p(string=eyJhbGciOiJIUzI1NiIsInR5cCI6IkpXVCJ9.eyJ1c2VyX25hbWUiOiJhZG1pbiIsImV4cCI6MTY4NjczNzExMSwiaXNzIjoiMTY4NjczMzUxMSJ9.H9HciqkmVl6I7lGJARS8M5vZF0J065gtLPTuZaTaQSQ)
2023/06/14 17:05:29 admin_course_edit_controller.go:16: [32m[INFO][0m [trace_id=1686733529803018100] [Admin CourseAll Controller] start ...
2023/06/14 17:06:45 admin_perm_controller.go:27: [32m[INFO][0m [trace_id=1686733605991159900] checkAuth:%!p(string=eyJhbGciOiJIUzI1NiIsInR5cCI6IkpXVCJ9.eyJ1c2VyX25hbWUiOiJhZG1pbiIsImV4cCI6MTY4NjczNzExMSwiaXNzIjoiMTY4NjczMzUxMSJ9.H9HciqkmVl6I7lGJARS8M5vZF0J065gtLPTuZaTaQSQ)
2023/06/14 17:06:45 admin_course_edit_controller.go:16: [32m[INFO][0m [trace_id=1686733605991159900] [Admin CourseAll Controller] start ...
2023/06/14 17:06:47 admin_perm_controller.go:27: [32m[INFO][0m [trace_id=1686733607225994900] checkAuth:%!p(string=eyJhbGciOiJIUzI1NiIsInR5cCI6IkpXVCJ9.eyJ1c2VyX25hbWUiOiJhZG1pbiIsImV4cCI6MTY4NjczNzExMSwiaXNzIjoiMTY4NjczMzUxMSJ9.H9HciqkmVl6I7lGJARS8M5vZF0J065gtLPTuZaTaQSQ)
2023/06/14 17:06:47 admin_course_edit_controller.go:16: [32m[INFO][0m [trace_id=1686733607225994900] [Admin CourseAll Controller] start ...
2023/06/14 17:06:48 admin_perm_controller.go:27: [32m[INFO][0m [trace_id=1686733608270068500] checkAuth:%!p(string=eyJhbGciOiJIUzI1NiIsInR5cCI6IkpXVCJ9.eyJ1c2VyX25hbWUiOiJhZG1pbiIsImV4cCI6MTY4NjczNzExMSwiaXNzIjoiMTY4NjczMzUxMSJ9.H9HciqkmVl6I7lGJARS8M5vZF0J065gtLPTuZaTaQSQ)
2023/06/14 17:06:48 admin_course_edit_controller.go:16: [32m[INFO][0m [trace_id=1686733608270068500] [Admin CourseAll Controller] start ...
2023/06/14 17:08:13 admin_perm_controller.go:27: [32m[INFO][0m [trace_id=1686733693312880100] checkAuth:%!p(string=eyJhbGciOiJIUzI1NiIsInR5cCI6IkpXVCJ9.eyJ1c2VyX25hbWUiOiJhZG1pbiIsImV4cCI6MTY4NjczNzExMSwiaXNzIjoiMTY4NjczMzUxMSJ9.H9HciqkmVl6I7lGJARS8M5vZF0J065gtLPTuZaTaQSQ)
2023/06/14 17:08:13 admin_course_edit_controller.go:16: [32m[INFO][0m [trace_id=1686733693312880100] [Admin CourseAll Controller] start ...
2023/06/14 17:08:19 admin_perm_controller.go:27: [32m[INFO][0m [trace_id=1686733699784658700] checkAuth:%!p(string=eyJhbGciOiJIUzI1NiIsInR5cCI6IkpXVCJ9.eyJ1c2VyX25hbWUiOiJhZG1pbiIsImV4cCI6MTY4NjczNzExMSwiaXNzIjoiMTY4NjczMzUxMSJ9.H9HciqkmVl6I7lGJARS8M5vZF0J065gtLPTuZaTaQSQ)
2023/06/14 17:08:19 admin_course_edit_controller.go:16: [32m[INFO][0m [trace_id=1686733699784658700] [Admin CourseAll Controller] start ...
2023/06/14 17:16:16 admin_perm_controller.go:56: [32m[INFO][0m [trace_id=1686734176446235400] [adminLogin Controller] start ...
2023/06/14 17:16:16 admin_perm_controller.go:65: [32m[INFO][0m [trace_id=1686734176446235400] ---->input param: {Password:admin Name:admin Dept: IsTeacher:false}
2023/06/14 17:16:21 admin_perm_controller.go:27: [32m[INFO][0m [trace_id=1686734181607370700] checkAuth:%!p(string=eyJhbGciOiJIUzI1NiIsInR5cCI6IkpXVCJ9.eyJ1c2VyX25hbWUiOiJhZG1pbiIsImV4cCI6MTY4NjczNzExMSwiaXNzIjoiMTY4NjczMzUxMSJ9.H9HciqkmVl6I7lGJARS8M5vZF0J065gtLPTuZaTaQSQ)
2023/06/14 17:17:02 admin_perm_controller.go:27: [32m[INFO][0m [trace_id=1686734222312501200] checkAuth:%!p(string=eyJhbGciOiJIUzI1NiIsInR5cCI6IkpXVCJ9.eyJ1c2VyX25hbWUiOiJhZG1pbiIsImV4cCI6MTY4NjczNzExMSwiaXNzIjoiMTY4NjczMzUxMSJ9.H9HciqkmVl6I7lGJARS8M5vZF0J065gtLPTuZaTaQSQ)
2023/06/14 17:17:03 admin_perm_controller.go:27: [32m[INFO][0m [trace_id=1686734223620192500] checkAuth:%!p(string=eyJhbGciOiJIUzI1NiIsInR5cCI6IkpXVCJ9.eyJ1c2VyX25hbWUiOiJhZG1pbiIsImV4cCI6MTY4NjczNzExMSwiaXNzIjoiMTY4NjczMzUxMSJ9.H9HciqkmVl6I7lGJARS8M5vZF0J065gtLPTuZaTaQSQ)
2023/06/14 17:17:04 admin_perm_controller.go:27: [32m[INFO][0m [trace_id=1686734224809743200] checkAuth:%!p(string=eyJhbGciOiJIUzI1NiIsInR5cCI6IkpXVCJ9.eyJ1c2VyX25hbWUiOiJhZG1pbiIsImV4cCI6MTY4NjczNzExMSwiaXNzIjoiMTY4NjczMzUxMSJ9.H9HciqkmVl6I7lGJARS8M5vZF0J065gtLPTuZaTaQSQ)
2023/06/14 17:17:08 admin_perm_controller.go:56: [32m[INFO][0m [trace_id=1686734228139313500] [adminLogin Controller] start ...
2023/06/14 17:17:08 admin_perm_controller.go:65: [32m[INFO][0m [trace_id=1686734228139313500] ---->input param: {Password:admin Name:admin Dept: IsTeacher:false}
2023/06/14 17:17:09 admin_perm_controller.go:56: [32m[INFO][0m [trace_id=1686734229978845700] [adminLogin Controller] start ...
2023/06/14 17:17:09 admin_perm_controller.go:65: [32m[INFO][0m [trace_id=1686734229978845700] ---->input param: {Password:admin Name:admin Dept: IsTeacher:false}
2023/06/14 17:17:30 admin_perm_controller.go:56: [32m[INFO][0m [trace_id=1686734250824277800] [adminLogin Controller] start ...
2023/06/14 17:17:30 admin_perm_controller.go:65: [32m[INFO][0m [trace_id=1686734250824277800] ---->input param: {Password:admin Name:admin Dept: IsTeacher:false}
2023/06/14 17:17:31 admin_perm_controller.go:56: [32m[INFO][0m [trace_id=1686734251769483600] [adminLogin Controller] start ...
2023/06/14 17:17:31 admin_perm_controller.go:65: [32m[INFO][0m [trace_id=1686734251769483600] ---->input param: {Password:admin Name:admin Dept: IsTeacher:false}
2023/06/14 17:17:48 admin_perm_controller.go:56: [32m[INFO][0m [trace_id=1686734268733779300] [adminLogin Controller] start ...
2023/06/14 17:17:48 admin_perm_controller.go:65: [32m[INFO][0m [trace_id=1686734268733779300] ---->input param: {Password:admin Name:admin Dept: IsTeacher:false}
2023/06/14 17:17:50 admin_perm_controller.go:56: [32m[INFO][0m [trace_id=1686734270611765700] [adminLogin Controller] start ...
2023/06/14 17:17:50 admin_perm_controller.go:65: [32m[INFO][0m [trace_id=1686734270611765700] ---->input param: {Password:admin Name:admin Dept: IsTeacher:false}
2023/06/14 17:18:15 admin_perm_controller.go:56: [32m[INFO][0m [trace_id=1686734295176743000] [adminLogin Controller] start ...
2023/06/14 17:18:15 admin_perm_controller.go:65: [32m[INFO][0m [trace_id=1686734295176743000] ---->input param: {Password:admin Name:admin Dept: IsTeacher:false}
2023/06/14 17:18:20 admin_perm_controller.go:56: [32m[INFO][0m [trace_id=1686734300398100500] [adminLogin Controller] start ...
2023/06/14 17:18:20 admin_perm_controller.go:65: [32m[INFO][0m [trace_id=1686734300398100500] ---->input param: {Password:admin Name:admin Dept: IsTeacher:false}
2023/06/14 17:18:54 admin_perm_controller.go:56: [32m[INFO][0m [trace_id=1686734334406246600] [adminLogin Controller] start ...
2023/06/14 17:18:54 admin_perm_controller.go:65: [32m[INFO][0m [trace_id=1686734334406246600] ---->input param: {Password:admin Name:admin Dept: IsTeacher:false}
2023/06/14 17:21:50 admin_perm_controller.go:56: [32m[INFO][0m [trace_id=1686734510423559800] [adminLogin Controller] start ...
2023/06/14 17:21:50 admin_perm_controller.go:65: [32m[INFO][0m [trace_id=1686734510423559800] ---->input param: {Password:admin Name:admin Dept: IsTeacher:false}
2023/06/14 17:21:50 admin_perm_controller.go:96: [32m[INFO][0m [trace_id=1686734510423559800] ---->out param: eyJhbGciOiJIUzI1NiIsInR5cCI6IkpXVCJ9.eyJ1c2VyX25hbWUiOiJhZG1pbiIsImV4cCI6MTY4NjczODExMCwiaXNzIjoiMTY4NjczNDUxMCJ9.p2tv6BIWg3GBHaU74CPIxNkDDVx0Nb3MpL6UllMpy8g,ç™»å½•æˆåŠŸ
2023/06/14 17:35:11 admin_perm_controller.go:56: [32m[INFO][0m [trace_id=1686735311617525400] [adminLogin Controller] start ...
2023/06/14 17:35:11 admin_perm_controller.go:65: [32m[INFO][0m [trace_id=1686735311617525400] ---->input param: {Password:admin Name:admin Dept: IsTeacher:false}
2023/06/14 17:35:11 admin_perm_controller.go:96: [32m[INFO][0m [trace_id=1686735311617525400] ---->out param: eyJhbGciOiJIUzI1NiIsInR5cCI6IkpXVCJ9.eyJ1c2VyX25hbWUiOiJhZG1pbiIsImV4cCI6MTY4NjczODkxMSwiaXNzIjoiMTY4NjczNTMxMSJ9.eB8u6scROXGuowqbor5-EV3t5EXLuupOy8pNAVMWWB8,ç™»å½•æˆåŠŸ
2023/06/14 17:35:31 admin_perm_controller.go:56: [32m[INFO][0m [trace_id=1686735331087270300] [adminLogin Controller] start ...
2023/06/14 17:35:31 admin_perm_controller.go:65: [32m[INFO][0m [trace_id=1686735331087270300] ---->input param: {Password:admin Name:admin Dept: IsTeacher:false}
2023/06/14 17:35:31 admin_perm_controller.go:96: [32m[INFO][0m [trace_id=1686735331087270300] ---->out param: eyJhbGciOiJIUzI1NiIsInR5cCI6IkpXVCJ9.eyJ1c2VyX25hbWUiOiJhZG1pbiIsImV4cCI6MTY4NjczODkzMSwiaXNzIjoiMTY4NjczNTMzMSJ9.yMQvawcumYSPSTNLpsDyty5OqF2D-98LQuXWw8vgCqI,ç™»å½•æˆåŠŸï¼šè¯¥è´¦å·å·²åœ¨åˆ«å¤„ç™»å½•
2023/06/14 17:59:50 admin_perm_controller.go:27: [32m[INFO][0m [trace_id=1686736790991884200] checkAuth:%!p(string=)
