2023/06/13 11:22:21 admin_perm_service.go:42: [36m[DEBUG][0m newTokenStr:eyJhbGciOiJIUzI1NiIsInR5cCI6IkpXVCJ9.eyJ1c2VyX25hbWUiOiJhZG1pbjEiLCJleHAiOjE2ODY2MzAxNDEsImlzcyI6IjE2ODY2MjY1NDEifQ.pBhiA1E3lBHIuQnN7JSruf4QuDedPmm1u0dTErDWe8U
2023/06/13 11:22:21 admin_perm_service.go:53: [36m[DEBUG][0m tokenStr:eyJhbGciOiJIUzI1NiIsInR5cCI6IkpXVCJ9.eyJ1c2VyX25hbWUiOiJhZG1pbjEiLCJleHAiOjE2ODY2MzAxNDEsImlzcyI6IjE2ODY2MjY1NDEifQ.pBhiA1E3lBHIuQnN7JSruf4QuDedPmm1u0dTErDWe8U,&{10000 %!d(string=ok)}
2023/06/13 11:24:05 admin_perm_service.go:35: [36m[DEBUG][0m oldTokenStr:eyJhbGciOiJIUzI1NiIsInR5cCI6IkpXVCJ9.eyJ1c2VyX25hbWUiOiJhZG1pbjEiLCJleHAiOjE2ODY2MzAxNDEsImlzcyI6IjE2ODY2MjY1NDEifQ.pBhiA1E3lBHIuQnN7JSruf4QuDedPmm1u0dTErDWe8U
2023/06/13 11:24:05 admin_perm_service.go:42: [36m[DEBUG][0m newTokenStr:eyJhbGciOiJIUzI1NiIsInR5cCI6IkpXVCJ9.eyJ1c2VyX25hbWUiOiJhZG1pbjEiLCJleHAiOjE2ODY2MzAyNDUsImlzcyI6IjE2ODY2MjY2NDUifQ.pI8gQ9r4KSdWC9__vz8MnRjoORzAa73hKnZLXCTYtIo
2023/06/13 11:24:05 admin_perm_service.go:53: [36m[DEBUG][0m tokenStr:eyJhbGciOiJIUzI1NiIsInR5cCI6IkpXVCJ9.eyJ1c2VyX25hbWUiOiJhZG1pbjEiLCJleHAiOjE2ODY2MzAyNDUsImlzcyI6IjE2ODY2MjY2NDUifQ.pI8gQ9r4KSdWC9__vz8MnRjoORzAa73hKnZLXCTYtIo,&{10007 %!d(string=再次登录)}
2023/06/13 11:24:07 admin_perm_service.go:35: [36m[DEBUG][0m oldTokenStr:eyJhbGciOiJIUzI1NiIsInR5cCI6IkpXVCJ9.eyJ1c2VyX25hbWUiOiJhZG1pbjEiLCJleHAiOjE2ODY2MzAyNDUsImlzcyI6IjE2ODY2MjY2NDUifQ.pI8gQ9r4KSdWC9__vz8MnRjoORzAa73hKnZLXCTYtIo
2023/06/13 11:24:07 admin_perm_service.go:42: [36m[DEBUG][0m newTokenStr:eyJhbGciOiJIUzI1NiIsInR5cCI6IkpXVCJ9.eyJ1c2VyX25hbWUiOiJhZG1pbjEiLCJleHAiOjE2ODY2MzAyNDcsImlzcyI6IjE2ODY2MjY2NDcifQ.P7ZMl1chAxm4ZV6oT_cAhqD3WTxJhMAZyOpKU1VVg74
2023/06/13 11:24:07 admin_perm_service.go:53: [36m[DEBUG][0m tokenStr:eyJhbGciOiJIUzI1NiIsInR5cCI6IkpXVCJ9.eyJ1c2VyX25hbWUiOiJhZG1pbjEiLCJleHAiOjE2ODY2MzAyNDcsImlzcyI6IjE2ODY2MjY2NDcifQ.P7ZMl1chAxm4ZV6oT_cAhqD3WTxJhMAZyOpKU1VVg74,&{10007 %!d(string=再次登录)}
2023/06/13 11:24:08 admin_perm_service.go:35: [36m[DEBUG][0m oldTokenStr:eyJhbGciOiJIUzI1NiIsInR5cCI6IkpXVCJ9.eyJ1c2VyX25hbWUiOiJhZG1pbjEiLCJleHAiOjE2ODY2MzAyNDcsImlzcyI6IjE2ODY2MjY2NDcifQ.P7ZMl1chAxm4ZV6oT_cAhqD3WTxJhMAZyOpKU1VVg74
2023/06/13 11:24:08 admin_perm_service.go:42: [36m[DEBUG][0m newTokenStr:eyJhbGciOiJIUzI1NiIsInR5cCI6IkpXVCJ9.eyJ1c2VyX25hbWUiOiJhZG1pbjEiLCJleHAiOjE2ODY2MzAyNDgsImlzcyI6IjE2ODY2MjY2NDgifQ.uN74F_fWTRwMkY04kGRhOnviHdg1gtYRs-jZll_9W3s
2023/06/13 11:24:08 admin_perm_service.go:53: [36m[DEBUG][0m tokenStr:eyJhbGciOiJIUzI1NiIsInR5cCI6IkpXVCJ9.eyJ1c2VyX25hbWUiOiJhZG1pbjEiLCJleHAiOjE2ODY2MzAyNDgsImlzcyI6IjE2ODY2MjY2NDgifQ.uN74F_fWTRwMkY04kGRhOnviHdg1gtYRs-jZll_9W3s,&{10007 %!d(string=再次登录)}
2023/06/13 11:24:09 admin_perm_service.go:35: [36m[DEBUG][0m oldTokenStr:eyJhbGciOiJIUzI1NiIsInR5cCI6IkpXVCJ9.eyJ1c2VyX25hbWUiOiJhZG1pbjEiLCJleHAiOjE2ODY2MzAyNDgsImlzcyI6IjE2ODY2MjY2NDgifQ.uN74F_fWTRwMkY04kGRhOnviHdg1gtYRs-jZll_9W3s
2023/06/13 11:24:09 admin_perm_service.go:42: [36m[DEBUG][0m newTokenStr:eyJhbGciOiJIUzI1NiIsInR5cCI6IkpXVCJ9.eyJ1c2VyX25hbWUiOiJhZG1pbjEiLCJleHAiOjE2ODY2MzAyNDksImlzcyI6IjE2ODY2MjY2NDkifQ.4PtRcj1IoAXo0jpI_ij1cQkDmy9YKrwEAJ7roVueaUA
2023/06/13 11:24:09 admin_perm_service.go:53: [36m[DEBUG][0m tokenStr:eyJhbGciOiJIUzI1NiIsInR5cCI6IkpXVCJ9.eyJ1c2VyX25hbWUiOiJhZG1pbjEiLCJleHAiOjE2ODY2MzAyNDksImlzcyI6IjE2ODY2MjY2NDkifQ.4PtRcj1IoAXo0jpI_ij1cQkDmy9YKrwEAJ7roVueaUA,&{10007 %!d(string=再次登录)}
2023/06/13 11:24:17 admin_perm_service.go:35: [36m[DEBUG][0m oldTokenStr:eyJhbGciOiJIUzI1NiIsInR5cCI6IkpXVCJ9.eyJ1c2VyX25hbWUiOiJhZG1pbjEiLCJleHAiOjE2ODY2MzAyNDksImlzcyI6IjE2ODY2MjY2NDkifQ.4PtRcj1IoAXo0jpI_ij1cQkDmy9YKrwEAJ7roVueaUA
2023/06/13 11:24:17 admin_perm_service.go:42: [36m[DEBUG][0m newTokenStr:eyJhbGciOiJIUzI1NiIsInR5cCI6IkpXVCJ9.eyJ1c2VyX25hbWUiOiJhZG1pbjEiLCJleHAiOjE2ODY2MzAyNTcsImlzcyI6IjE2ODY2MjY2NTcifQ.CNOoYAH6lJSCODpgIBCGyvzVhEcRC48CAUtbKR_k4HM
2023/06/13 11:24:17 admin_perm_service.go:53: [36m[DEBUG][0m tokenStr:eyJhbGciOiJIUzI1NiIsInR5cCI6IkpXVCJ9.eyJ1c2VyX25hbWUiOiJhZG1pbjEiLCJleHAiOjE2ODY2MzAyNTcsImlzcyI6IjE2ODY2MjY2NTcifQ.CNOoYAH6lJSCODpgIBCGyvzVhEcRC48CAUtbKR_k4HM,&{10007 %!d(string=再次登录)}
2023/06/13 11:24:18 admin_perm_service.go:35: [36m[DEBUG][0m oldTokenStr:eyJhbGciOiJIUzI1NiIsInR5cCI6IkpXVCJ9.eyJ1c2VyX25hbWUiOiJhZG1pbjEiLCJleHAiOjE2ODY2MzAyNTcsImlzcyI6IjE2ODY2MjY2NTcifQ.CNOoYAH6lJSCODpgIBCGyvzVhEcRC48CAUtbKR_k4HM
2023/06/13 11:24:18 admin_perm_service.go:42: [36m[DEBUG][0m newTokenStr:eyJhbGciOiJIUzI1NiIsInR5cCI6IkpXVCJ9.eyJ1c2VyX25hbWUiOiJhZG1pbjEiLCJleHAiOjE2ODY2MzAyNTgsImlzcyI6IjE2ODY2MjY2NTgifQ.2d_XyloVawk1uo_eHAr31UKQ1PnaskI6ts4QiudKRdw
2023/06/13 11:24:18 admin_perm_service.go:53: [36m[DEBUG][0m tokenStr:eyJhbGciOiJIUzI1NiIsInR5cCI6IkpXVCJ9.eyJ1c2VyX25hbWUiOiJhZG1pbjEiLCJleHAiOjE2ODY2MzAyNTgsImlzcyI6IjE2ODY2MjY2NTgifQ.2d_XyloVawk1uo_eHAr31UKQ1PnaskI6ts4QiudKRdw,&{10007 %!d(string=再次登录)}
2023/06/13 11:29:26 admin_perm_service.go:42: [36m[DEBUG][0m newTokenStr:eyJhbGciOiJIUzI1NiIsInR5cCI6IkpXVCJ9.eyJ1c2VyX25hbWUiOiJhZG1pbjEiLCJleHAiOjE2ODY2MzA1NjYsImlzcyI6IjE2ODY2MjY5NjYifQ.SQhYdhVSh-GLZQ6eaEgTvtwHdt8D3rc2Y6iYubSrF_k
2023/06/13 11:29:26 admin_perm_service.go:53: [36m[DEBUG][0m tokenStr:eyJhbGciOiJIUzI1NiIsInR5cCI6IkpXVCJ9.eyJ1c2VyX25hbWUiOiJhZG1pbjEiLCJleHAiOjE2ODY2MzA1NjYsImlzcyI6IjE2ODY2MjY5NjYifQ.SQhYdhVSh-GLZQ6eaEgTvtwHdt8D3rc2Y6iYubSrF_k,&{10000 %!d(string=ok)}
2023/06/13 11:29:26 admin_perm_service.go:35: [36m[DEBUG][0m oldTokenStr:eyJhbGciOiJIUzI1NiIsInR5cCI6IkpXVCJ9.eyJ1c2VyX25hbWUiOiJhZG1pbjEiLCJleHAiOjE2ODY2MzA1NjYsImlzcyI6IjE2ODY2MjY5NjYifQ.SQhYdhVSh-GLZQ6eaEgTvtwHdt8D3rc2Y6iYubSrF_k
2023/06/13 11:29:26 admin_perm_service.go:42: [36m[DEBUG][0m newTokenStr:eyJhbGciOiJIUzI1NiIsInR5cCI6IkpXVCJ9.eyJ1c2VyX25hbWUiOiJhZG1pbjEiLCJleHAiOjE2ODY2MzA1NjYsImlzcyI6IjE2ODY2MjY5NjYifQ.SQhYdhVSh-GLZQ6eaEgTvtwHdt8D3rc2Y6iYubSrF_k
2023/06/13 11:29:26 admin_perm_service.go:53: [36m[DEBUG][0m tokenStr:eyJhbGciOiJIUzI1NiIsInR5cCI6IkpXVCJ9.eyJ1c2VyX25hbWUiOiJhZG1pbjEiLCJleHAiOjE2ODY2MzA1NjYsImlzcyI6IjE2ODY2MjY5NjYifQ.SQhYdhVSh-GLZQ6eaEgTvtwHdt8D3rc2Y6iYubSrF_k,&{10000 %!d(string=已经在其他机器登录，登出并在本机登录)}
2023/06/13 11:29:30 admin_perm_service.go:35: [36m[DEBUG][0m oldTokenStr:eyJhbGciOiJIUzI1NiIsInR5cCI6IkpXVCJ9.eyJ1c2VyX25hbWUiOiJhZG1pbjEiLCJleHAiOjE2ODY2MzA1NjYsImlzcyI6IjE2ODY2MjY5NjYifQ.SQhYdhVSh-GLZQ6eaEgTvtwHdt8D3rc2Y6iYubSrF_k
2023/06/13 11:29:30 admin_perm_service.go:42: [36m[DEBUG][0m newTokenStr:eyJhbGciOiJIUzI1NiIsInR5cCI6IkpXVCJ9.eyJ1c2VyX25hbWUiOiJhZG1pbjEiLCJleHAiOjE2ODY2MzA1NzAsImlzcyI6IjE2ODY2MjY5NzAifQ.VClEnI_TL-aZCESDmT_ACfoDOxnkmjXsWdiDe_XVIdw
2023/06/13 11:29:30 admin_perm_service.go:53: [36m[DEBUG][0m tokenStr:eyJhbGciOiJIUzI1NiIsInR5cCI6IkpXVCJ9.eyJ1c2VyX25hbWUiOiJhZG1pbjEiLCJleHAiOjE2ODY2MzA1NzAsImlzcyI6IjE2ODY2MjY5NzAifQ.VClEnI_TL-aZCESDmT_ACfoDOxnkmjXsWdiDe_XVIdw,&{10000 %!d(string=已经在其他机器登录，登出并在本机登录)}
2023/06/13 11:29:43 admin_perm_service.go:35: [36m[DEBUG][0m oldTokenStr:eyJhbGciOiJIUzI1NiIsInR5cCI6IkpXVCJ9.eyJ1c2VyX25hbWUiOiJhZG1pbjEiLCJleHAiOjE2ODY2MzA1NzAsImlzcyI6IjE2ODY2MjY5NzAifQ.VClEnI_TL-aZCESDmT_ACfoDOxnkmjXsWdiDe_XVIdw
2023/06/13 11:29:43 admin_perm_service.go:42: [36m[DEBUG][0m newTokenStr:eyJhbGciOiJIUzI1NiIsInR5cCI6IkpXVCJ9.eyJ1c2VyX25hbWUiOiJhZG1pbjEiLCJleHAiOjE2ODY2MzA1ODMsImlzcyI6IjE2ODY2MjY5ODMifQ._wNmXReDJRUJrMei8HDJyFQjvw-sw90U7pbY40TUSdw
2023/06/13 11:29:43 admin_perm_service.go:53: [36m[DEBUG][0m tokenStr:eyJhbGciOiJIUzI1NiIsInR5cCI6IkpXVCJ9.eyJ1c2VyX25hbWUiOiJhZG1pbjEiLCJleHAiOjE2ODY2MzA1ODMsImlzcyI6IjE2ODY2MjY5ODMifQ._wNmXReDJRUJrMei8HDJyFQjvw-sw90U7pbY40TUSdw,&{10000 %!d(string=已经在其他机器登录，登出并在本机登录)}
2023/06/13 11:33:38 admin_perm_service.go:35: [36m[DEBUG][0m oldTokenStr:eyJhbGciOiJIUzI1NiIsInR5cCI6IkpXVCJ9.eyJ1c2VyX25hbWUiOiJhZG1pbjEiLCJleHAiOjE2ODY2MzA1ODMsImlzcyI6IjE2ODY2MjY5ODMifQ._wNmXReDJRUJrMei8HDJyFQjvw-sw90U7pbY40TUSdw
2023/06/13 11:33:38 admin_perm_service.go:42: [36m[DEBUG][0m newTokenStr:eyJhbGciOiJIUzI1NiIsInR5cCI6IkpXVCJ9.eyJ1c2VyX25hbWUiOiJhZG1pbjEiLCJleHAiOjE2ODY2MzA4MTgsImlzcyI6IjE2ODY2MjcyMTgifQ.7Y0dv1AFAcRTGS_Z6yhh3Ia_Zg0fSCj7s54Yy_4CliA
2023/06/13 11:33:38 admin_perm_service.go:53: [36m[DEBUG][0m tokenStr:eyJhbGciOiJIUzI1NiIsInR5cCI6IkpXVCJ9.eyJ1c2VyX25hbWUiOiJhZG1pbjEiLCJleHAiOjE2ODY2MzA4MTgsImlzcyI6IjE2ODY2MjcyMTgifQ.7Y0dv1AFAcRTGS_Z6yhh3Ia_Zg0fSCj7s54Yy_4CliA,&{10000 %!d(string=已经在其他机器登录，登出并在本机登录)}
