2023/06/13 11:22:21 admin_perm_controller.go:53: [32m[INFO][0m [trace_id=1686626533497586000] [adminLogin Controller] start ...
2023/06/13 11:22:21 admin_perm_controller.go:63: [32m[INFO][0m [trace_id=1686626533497586000] ---->input param: {Password:admin1 Name:admin1 Dept: IsTeacher:false}
2023/06/13 11:22:21 admin_perm_controller.go:26: [32m[INFO][0m [trace_id=1686626541075422900] checkAuth:%!p(string=eyJhbGciOiJIUzI1NiIsInR5cCI6IkpXVCJ9.eyJ1c2VyX25hbWUiOiJhZG1pbjEiLCJleHAiOjE2ODY2MzAxNDEsImlzcyI6IjE2ODY2MjY1NDEifQ.pBhiA1E3lBHIuQnN7JSruf4QuDedPmm1u0dTErDWe8U)
2023/06/13 11:23:31 admin_perm_controller.go:145: [32m[INFO][0m [trace_id=1686626541075422900] [admin GetUser Controller] start ...
2023/06/13 11:24:05 admin_perm_controller.go:53: [32m[INFO][0m [trace_id=1686626645797995700] [adminLogin Controller] start ...
2023/06/13 11:24:05 admin_perm_controller.go:63: [32m[INFO][0m [trace_id=1686626645797995700] ---->input param: {Password:admin1 Name:admin1 Dept: IsTeacher:false}
2023/06/13 11:24:07 admin_perm_controller.go:53: [32m[INFO][0m [trace_id=1686626647958771700] [adminLogin Controller] start ...
2023/06/13 11:24:07 admin_perm_controller.go:63: [32m[INFO][0m [trace_id=1686626647958771700] ---->input param: {Password:admin1 Name:admin1 Dept: IsTeacher:false}
2023/06/13 11:24:08 admin_perm_controller.go:53: [32m[INFO][0m [trace_id=1686626648859888200] [adminLogin Controller] start ...
2023/06/13 11:24:08 admin_perm_controller.go:63: [32m[INFO][0m [trace_id=1686626648859888200] ---->input param: {Password:admin1 Name:admin1 Dept: IsTeacher:false}
2023/06/13 11:24:09 admin_perm_controller.go:53: [32m[INFO][0m [trace_id=1686626649423199400] [adminLogin Controller] start ...
2023/06/13 11:24:09 admin_perm_controller.go:63: [32m[INFO][0m [trace_id=1686626649423199400] ---->input param: {Password:admin1 Name:admin1 Dept: IsTeacher:false}
2023/06/13 11:24:17 admin_perm_controller.go:53: [32m[INFO][0m [trace_id=1686626657814858400] [adminLogin Controller] start ...
2023/06/13 11:24:17 admin_perm_controller.go:63: [32m[INFO][0m [trace_id=1686626657814858400] ---->input param: {Password:admin1 Name:admin1 Dept: IsTeacher:false}
2023/06/13 11:24:18 admin_perm_controller.go:53: [32m[INFO][0m [trace_id=1686626658637930000] [adminLogin Controller] start ...
2023/06/13 11:24:18 admin_perm_controller.go:63: [32m[INFO][0m [trace_id=1686626658637930000] ---->input param: {Password:admin1 Name:admin1 Dept: IsTeacher:false}
2023/06/13 11:25:12 admin_perm_controller.go:53: [32m[INFO][0m [trace_id=1686626712581264200] [adminLogin Controller] start ...
2023/06/13 11:25:12 admin_perm_controller.go:63: [32m[INFO][0m [trace_id=1686626712581264200] ---->input param: {Password:admin1 Name:admin1 Dept: IsTeacher:false}
2023/06/13 11:27:31 admin_perm_controller.go:26: [32m[INFO][0m [trace_id=1686626851764815400] checkAuth:%!p(string=eyJhbGciOiJIUzI1NiIsInR5cCI6IkpXVCJ9.eyJ1c2VyX25hbWUiOiJhZG1pbjEiLCJleHAiOjE2ODY2MzAxNDEsImlzcyI6IjE2ODY2MjY1NDEifQ.pBhiA1E3lBHIuQnN7JSruf4QuDedPmm1u0dTErDWe8U)
2023/06/13 11:28:00 admin_perm_controller.go:53: [32m[INFO][0m [trace_id=1686626880360011300] [adminLogin Controller] start ...
2023/06/13 11:28:00 admin_perm_controller.go:63: [32m[INFO][0m [trace_id=1686626880360011300] ---->input param: {Password:admin1 Name:admin1 Dept: IsTeacher:false}
2023/06/13 11:29:26 admin_perm_controller.go:53: [32m[INFO][0m [trace_id=1686626966090669700] [adminLogin Controller] start ...
2023/06/13 11:29:26 admin_perm_controller.go:63: [32m[INFO][0m [trace_id=1686626966090669700] ---->input param: {Password:admin1 Name:admin1 Dept: IsTeacher:false}
2023/06/13 11:29:26 admin_perm_controller.go:26: [32m[INFO][0m [trace_id=1686626966588022600] checkAuth:%!p(string=eyJhbGciOiJIUzI1NiIsInR5cCI6IkpXVCJ9.eyJ1c2VyX25hbWUiOiJhZG1pbjEiLCJleHAiOjE2ODY2MzA1NjYsImlzcyI6IjE2ODY2MjY5NjYifQ.SQhYdhVSh-GLZQ6eaEgTvtwHdt8D3rc2Y6iYubSrF_k)
2023/06/13 11:29:27 admin_perm_controller.go:145: [32m[INFO][0m [trace_id=1686626966588022600] [admin GetUser Controller] start ...
2023/06/13 11:29:29 admin_perm_controller.go:53: [32m[INFO][0m [trace_id=1686626969674707200] [adminLogin Controller] start ...
2023/06/13 11:29:29 admin_perm_controller.go:63: [32m[INFO][0m [trace_id=1686626969674707200] ---->input param: {Password:admin1 Name:admin1 Dept: IsTeacher:false}
2023/06/13 11:29:41 admin_perm_controller.go:53: [32m[INFO][0m [trace_id=1686626981559265900] [adminLogin Controller] start ...
2023/06/13 11:29:41 admin_perm_controller.go:63: [32m[INFO][0m [trace_id=1686626981559265900] ---->input param: {Password:admin1 Name:admin1 Dept: IsTeacher:false}
2023/06/13 11:33:27 admin_perm_controller.go:26: [32m[INFO][0m [trace_id=1686627207985805000] checkAuth:%!p(string=eyJhbGciOiJIUzI1NiIsInR5cCI6IkpXVCJ9.eyJ1c2VyX25hbWUiOiJhZG1pbjEiLCJleHAiOjE2ODY2MzA1ODMsImlzcyI6IjE2ODY2MjY5ODMifQ._wNmXReDJRUJrMei8HDJyFQjvw-sw90U7pbY40TUSdw)
2023/06/13 11:33:30 admin_news_edit_controller.go:126: [32m[INFO][0m [trace_id=1686627207985805000] [NewsTitleALL Controller] start ...
2023/06/13 11:33:36 admin_perm_controller.go:53: [32m[INFO][0m [trace_id=1686627216573753500] [adminLogin Controller] start ...
2023/06/13 11:33:36 admin_perm_controller.go:63: [32m[INFO][0m [trace_id=1686627216573753500] ---->input param: {Password:admin1 Name:admin1 Dept: IsTeacher:false}
2023/06/13 11:33:45 admin_perm_controller.go:26: [32m[INFO][0m [trace_id=1686627225344434100] checkAuth:%!p(string=eyJhbGciOiJIUzI1NiIsInR5cCI6IkpXVCJ9.eyJ1c2VyX25hbWUiOiJhZG1pbjEiLCJleHAiOjE2ODY2MzA1ODMsImlzcyI6IjE2ODY2MjY5ODMifQ._wNmXReDJRUJrMei8HDJyFQjvw-sw90U7pbY40TUSdw)
2023/06/13 11:33:47 admin_news_edit_controller.go:126: [32m[INFO][0m [trace_id=1686627225344434100] [NewsTitleALL Controller] start ...
2023/06/13 11:33:57 admin_perm_controller.go:26: [32m[INFO][0m [trace_id=1686627237256724900] checkAuth:%!p(string=eyJhbGciOiJIUzI1NiIsInR5cCI6IkpXVCJ9.eyJ1c2VyX25hbWUiOiJhZG1pbjEiLCJleHAiOjE2ODY2MzA1ODMsImlzcyI6IjE2ODY2MjY5ODMifQ._wNmXReDJRUJrMei8HDJyFQjvw-sw90U7pbY40TUSdw)
