2023/06/14 15:00:00 admin_perm_controller.go:56: [32m[INFO][0m [trace_id=1686725998799369800] [adminLogin Controller] start ...
2023/06/14 15:00:00 admin_perm_controller.go:66: [32m[INFO][0m [trace_id=1686725998799369800] ---->input param: {Password:admin1 Name:admin1 Dept: IsTeacher:false}
2023/06/14 15:00:09 admin_perm_controller.go:56: [32m[INFO][0m [trace_id=1686726007575905800] [adminLogin Controller] start ...
2023/06/14 15:00:09 admin_perm_controller.go:66: [32m[INFO][0m [trace_id=1686726007575905800] ---->input param: {Password:admin1 Name:admin1 Dept: IsTeacher:false}
2023/06/14 15:01:19 admin_perm_controller.go:56: [32m[INFO][0m [trace_id=1686726078086516200] [adminLogin Controller] start ...
2023/06/14 15:01:19 admin_perm_controller.go:66: [32m[INFO][0m [trace_id=1686726078086516200] ---->input param: {Password:admin1 Name:admin1 Dept: IsTeacher:false}
2023/06/14 15:01:24 admin_perm_controller.go:56: [32m[INFO][0m [trace_id=1686726082882384700] [adminLogin Controller] start ...
2023/06/14 15:01:24 admin_perm_controller.go:66: [32m[INFO][0m [trace_id=1686726082882384700] ---->input param: {Password:admin1 Name:admin1 Dept: IsTeacher:false}
2023/06/14 15:01:30 admin_perm_controller.go:27: [32m[INFO][0m [trace_id=1686726089330362800] checkAuth:%!p(string=eyJhbGciOiJIUzI1NiIsInR5cCI6IkpXVCJ9.eyJ1c2VyX25hbWUiOiJhZG1pbjEiLCJleHAiOjE2ODY3Mjg3NzgsImlzcyI6IjE2ODY3MjUxNzgifQ.c0yepZLPXjrFseZQj6DJXYOceoGz2i8F8F8unHhAMnY)
2023/06/14 15:01:52 admin_perm_controller.go:27: [32m[INFO][0m [trace_id=1686726110568296000] checkAuth:%!p(string=eyJhbGciOiJIUzI1NiIsInR5cCI6IkpXVCJ9.eyJ1c2VyX25hbWUiOiJhZG1pbjEiLCJleHAiOjE2ODY3Mjk2ODQsImlzcyI6IjE2ODY3MjYwODQifQ.wlfIqUqNr6mVJg7Q0lSqwi74rJx0fi67_g_8fYHvwXc)
2023/06/14 15:01:52 admin_news_edit_controller.go:126: [32m[INFO][0m [trace_id=1686726110568296000] [NewsTitleALL Controller] start ...
2023/06/14 15:48:28 admin_perm_controller.go:56: [32m[INFO][0m [trace_id=1686728906275793400] [adminLogin Controller] start ...
2023/06/14 15:48:28 admin_perm_controller.go:66: [32m[INFO][0m [trace_id=1686728906275793400] ---->input param: {Password:admin Name:admin Dept: IsTeacher:false}
2023/06/14 15:50:54 admin_perm_controller.go:27: [32m[INFO][0m [trace_id=1686729049561254700] checkAuth:%!p(string=eyJhbGciOiJIUzI1NiIsInR5cCI6IkpXVCJ9.eyJ1c2VyX25hbWUiOiJhZG1pbjEiLCJleHAiOjE2ODY3MTI2NDIsImlzcyI6IjE2ODY3MDkwNDIifQ.l6E5okOo9XlMS89d2MAqd9i4GncNKu07r2vEji0ciaA)
2023/06/14 15:51:09 admin_perm_controller.go:56: [32m[INFO][0m [trace_id=1686729066686104000] [adminLogin Controller] start ...
2023/06/14 15:51:17 admin_perm_controller.go:66: [32m[INFO][0m [trace_id=1686729066686104000] ---->input param: {Password:admin1 Name:admin1 Dept: IsTeacher:false}
2023/06/14 15:51:22 admin_perm_controller.go:27: [32m[INFO][0m [trace_id=1686729079470569900] checkAuth:%!p(string=eyJhbGciOiJIUzI1NiIsInR5cCI6IkpXVCJ9.eyJ1c2VyX25hbWUiOiJhZG1pbjEiLCJleHAiOjE2ODY3MzI2NzksImlzcyI6IjE2ODY3MjkwNzkifQ.LcpJXJPIqJUdqTB0QmIJ2i-A3pmvGeNtd8nr6HdH1p4)
2023/06/14 15:51:42 admin_perm_controller.go:154: [32m[INFO][0m [trace_id=1686729079470569900] [admin GetUser Controller] start ...
2023/06/14 15:51:57 admin_perm_controller.go:27: [32m[INFO][0m [trace_id=1686729111780309200] checkAuth:%!p(string=eyJhbGciOiJIUzI1NiIsInR5cCI6IkpXVCJ9.eyJ1c2VyX25hbWUiOiJhZG1pbjEiLCJleHAiOjE2ODY3MzI2NzksImlzcyI6IjE2ODY3MjkwNzkifQ.LcpJXJPIqJUdqTB0QmIJ2i-A3pmvGeNtd8nr6HdH1p4)
2023/06/14 15:51:57 admin_perm_controller.go:154: [32m[INFO][0m [trace_id=1686729111780309200] [admin GetUser Controller] start ...
2023/06/14 15:52:05 admin_perm_controller.go:56: [32m[INFO][0m [trace_id=1686729123261321500] [adminLogin Controller] start ...
2023/06/14 15:52:05 admin_perm_controller.go:66: [32m[INFO][0m [trace_id=1686729123261321500] ---->input param: {Password:admin Name:admin Dept: IsTeacher:false}
2023/06/14 15:52:13 admin_perm_controller.go:56: [32m[INFO][0m [trace_id=1686729130845442000] [adminLogin Controller] start ...
2023/06/14 15:52:15 admin_perm_controller.go:66: [32m[INFO][0m [trace_id=1686729130845442000] ---->input param: {Password:admin Name:admin Dept: IsTeacher:false}
2023/06/14 15:53:19 admin_perm_controller.go:56: [32m[INFO][0m [trace_id=1686729198077805100] [adminLogin Controller] start ...
2023/06/14 15:53:19 admin_perm_controller.go:66: [32m[INFO][0m [trace_id=1686729198077805100] ---->input param: {Password:admin Name:admin Dept: IsTeacher:false}
2023/06/14 15:53:34 admin_perm_controller.go:56: [32m[INFO][0m [trace_id=1686729212771076900] [adminLogin Controller] start ...
2023/06/14 15:53:34 admin_perm_controller.go:66: [32m[INFO][0m [trace_id=1686729212771076900] ---->input param: {Password:admin Name:admin Dept: IsTeacher:false}
2023/06/14 15:53:45 admin_perm_controller.go:56: [32m[INFO][0m [trace_id=1686729222459388800] [adminLogin Controller] start ...
2023/06/14 15:53:47 admin_perm_controller.go:66: [32m[INFO][0m [trace_id=1686729222459388800] ---->input param: {Password:admin Name:admin Dept: IsTeacher:false}
2023/06/14 15:54:20 admin_perm_controller.go:56: [32m[INFO][0m [trace_id=1686729257845528700] [adminLogin Controller] start ...
2023/06/14 15:54:22 admin_perm_controller.go:66: [32m[INFO][0m [trace_id=1686729257845528700] ---->input param: {Password:admin Name:admin Dept: IsTeacher:false}
2023/06/14 15:56:55 admin_perm_controller.go:56: [32m[INFO][0m [trace_id=1686729414365556800] [adminLogin Controller] start ...
2023/06/14 15:56:55 admin_perm_controller.go:66: [32m[INFO][0m [trace_id=1686729414365556800] ---->input param: {Password:admin Name:admin Dept: IsTeacher:false}
2023/06/14 15:57:07 admin_perm_controller.go:56: [32m[INFO][0m [trace_id=1686729426111952100] [adminLogin Controller] start ...
2023/06/14 15:57:07 admin_perm_controller.go:66: [32m[INFO][0m [trace_id=1686729426111952100] ---->input param: {Password:admin Name:admin Dept: IsTeacher:false}
2023/06/14 15:57:29 admin_perm_controller.go:56: [32m[INFO][0m [trace_id=1686729445863517800] [adminLogin Controller] start ...
2023/06/14 15:57:29 admin_perm_controller.go:66: [32m[INFO][0m [trace_id=1686729445863517800] ---->input param: {Password:admin Name:admin Dept: IsTeacher:false}
2023/06/14 15:58:02 admin_perm_controller.go:56: [32m[INFO][0m [trace_id=1686729482832897200] [adminLogin Controller] start ...
2023/06/14 15:58:02 admin_perm_controller.go:66: [32m[INFO][0m [trace_id=1686729482832897200] ---->input param: {Password:admin1 Name:admin1 Dept: IsTeacher:false}
2023/06/14 15:58:05 admin_perm_controller.go:56: [32m[INFO][0m [trace_id=1686729485142654200] [adminLogin Controller] start ...
2023/06/14 15:58:05 admin_perm_controller.go:66: [32m[INFO][0m [trace_id=1686729485142654200] ---->input param: {Password:admin1 Name:admin1 Dept: IsTeacher:false}
2023/06/14 15:58:06 admin_perm_controller.go:56: [32m[INFO][0m [trace_id=1686729486170227800] [adminLogin Controller] start ...
2023/06/14 15:58:06 admin_perm_controller.go:66: [32m[INFO][0m [trace_id=1686729486170227800] ---->input param: {Password:admin1 Name:admin1 Dept: IsTeacher:false}
2023/06/14 15:58:06 admin_perm_controller.go:56: [32m[INFO][0m [trace_id=1686729486957296800] [adminLogin Controller] start ...
2023/06/14 15:58:06 admin_perm_controller.go:66: [32m[INFO][0m [trace_id=1686729486957296800] ---->input param: {Password:admin1 Name:admin1 Dept: IsTeacher:false}
2023/06/14 15:58:07 admin_perm_controller.go:56: [32m[INFO][0m [trace_id=1686729487174114400] [adminLogin Controller] start ...
2023/06/14 15:58:07 admin_perm_controller.go:66: [32m[INFO][0m [trace_id=1686729487174114400] ---->input param: {Password:admin1 Name:admin1 Dept: IsTeacher:false}
2023/06/14 15:58:07 admin_perm_controller.go:56: [32m[INFO][0m [trace_id=1686729487356913100] [adminLogin Controller] start ...
2023/06/14 15:58:07 admin_perm_controller.go:66: [32m[INFO][0m [trace_id=1686729487356913100] ---->input param: {Password:admin1 Name:admin1 Dept: IsTeacher:false}
2023/06/14 15:58:07 admin_perm_controller.go:56: [32m[INFO][0m [trace_id=1686729487533510700] [adminLogin Controller] start ...
2023/06/14 15:58:07 admin_perm_controller.go:66: [32m[INFO][0m [trace_id=1686729487533510700] ---->input param: {Password:admin1 Name:admin1 Dept: IsTeacher:false}
2023/06/14 15:58:07 admin_perm_controller.go:56: [32m[INFO][0m [trace_id=1686729487707497300] [adminLogin Controller] start ...
2023/06/14 15:58:07 admin_perm_controller.go:66: [32m[INFO][0m [trace_id=1686729487707497300] ---->input param: {Password:admin1 Name:admin1 Dept: IsTeacher:false}
2023/06/14 15:58:07 admin_perm_controller.go:56: [32m[INFO][0m [trace_id=1686729487886248100] [adminLogin Controller] start ...
2023/06/14 15:58:07 admin_perm_controller.go:66: [32m[INFO][0m [trace_id=1686729487886248100] ---->input param: {Password:admin1 Name:admin1 Dept: IsTeacher:false}
2023/06/14 15:58:31 admin_perm_controller.go:56: [32m[INFO][0m [trace_id=1686729511288480800] [adminLogin Controller] start ...
2023/06/14 15:58:31 admin_perm_controller.go:66: [32m[INFO][0m [trace_id=1686729511288480800] ---->input param: {Password:admin Name:admin Dept: IsTeacher:false}
2023/06/14 15:58:35 admin_perm_controller.go:56: [32m[INFO][0m [trace_id=1686729515872114400] [adminLogin Controller] start ...
2023/06/14 15:58:35 admin_perm_controller.go:66: [32m[INFO][0m [trace_id=1686729515872114400] ---->input param: {Password:admin Name:admin Dept: IsTeacher:false}
2023/06/14 15:59:11 admin_perm_controller.go:56: [32m[INFO][0m [trace_id=1686729548553462700] [adminLogin Controller] start ...
2023/06/14 15:59:11 admin_perm_controller.go:66: [32m[INFO][0m [trace_id=1686729548553462700] ---->input param: {Password:admin Name:admin Dept: IsTeacher:false}
2023/06/14 15:59:19 admin_perm_controller.go:56: [32m[INFO][0m [trace_id=1686729557955573100] [adminLogin Controller] start ...
2023/06/14 15:59:20 admin_perm_controller.go:66: [32m[INFO][0m [trace_id=1686729557955573100] ---->input param: {Password:admin Name:admin Dept: IsTeacher:false}
2023/06/14 15:59:34 admin_perm_controller.go:56: [32m[INFO][0m [trace_id=1686729572811623000] [adminLogin Controller] start ...
2023/06/14 15:59:35 admin_perm_controller.go:66: [32m[INFO][0m [trace_id=1686729572811623000] ---->input param: {Password:admin Name:admin Dept: IsTeacher:false}
