2023/06/13 16:00:58 admin_perm_controller.go:53: [32m[INFO][0m [trace_id=1686643258885151900] [adminLogin Controller] start ...
2023/06/13 16:00:58 admin_perm_controller.go:63: [32m[INFO][0m [trace_id=1686643258885151900] ---->input param: {Password:admin1 Name:admin1 Dept: IsTeacher:false}
2023/06/13 16:01:14 admin_perm_controller.go:53: [32m[INFO][0m [trace_id=1686643274921243900] [adminLogin Controller] start ...
2023/06/13 16:01:14 admin_perm_controller.go:63: [32m[INFO][0m [trace_id=1686643274921243900] ---->input param: {Password:admin1 Name:admin1 Dept: IsTeacher:false}
2023/06/13 16:02:45 admin_perm_controller.go:53: [32m[INFO][0m [trace_id=1686643365680552000] [adminLogin Controller] start ...
2023/06/13 16:02:45 admin_perm_controller.go:63: [32m[INFO][0m [trace_id=1686643365680552000] ---->input param: {Password:admin1 Name:admin1 Dept: IsTeacher:false}
2023/06/13 16:02:49 admin_perm_controller.go:53: [32m[INFO][0m [trace_id=1686643369780600200] [adminLogin Controller] start ...
2023/06/13 16:02:49 admin_perm_controller.go:63: [32m[INFO][0m [trace_id=1686643369780600200] ---->input param: {Password:admin1 Name:admin1 Dept: IsTeacher:false}
2023/06/13 16:05:22 admin_perm_controller.go:53: [32m[INFO][0m [trace_id=1686643522916447900] [adminLogin Controller] start ...
2023/06/13 16:05:22 admin_perm_controller.go:63: [32m[INFO][0m [trace_id=1686643522916447900] ---->input param: {Password:admin1 Name:admin1 Dept: IsTeacher:false}
2023/06/13 16:05:22 admin_perm_controller.go:26: [32m[INFO][0m [trace_id=1686643522931122700] checkAuth:%!p(string=eyJhbGciOiJIUzI1NiIsInR5cCI6IkpXVCJ9.eyJ1c2VyX25hbWUiOiJhZG1pbjEiLCJleHAiOjE2ODY2NDcxMjIsImlzcyI6IjE2ODY2NDM1MjIifQ.YGjhxmK05B7Y4Y8m9HCOo_8z7BTYcTmE6M_AwzSIPaw)
2023/06/13 16:05:22 admin_perm_controller.go:145: [32m[INFO][0m [trace_id=1686643522931122700] [admin GetUser Controller] start ...
2023/06/13 16:05:30 admin_perm_controller.go:26: [32m[INFO][0m [trace_id=1686643530174046300] checkAuth:%!p(string=eyJhbGciOiJIUzI1NiIsInR5cCI6IkpXVCJ9.eyJ1c2VyX25hbWUiOiJhZG1pbjEiLCJleHAiOjE2ODY2MzA1NjYsImlzcyI6IjE2ODY2MjY5NjYifQ.SQhYdhVSh-GLZQ6eaEgTvtwHdt8D3rc2Y6iYubSrF_k)
2023/06/13 16:05:37 admin_perm_controller.go:53: [32m[INFO][0m [trace_id=1686643537642454100] [adminLogin Controller] start ...
2023/06/13 16:05:37 admin_perm_controller.go:63: [32m[INFO][0m [trace_id=1686643537642454100] ---->input param: {Password:admin1 Name:admin1 Dept: IsTeacher:false}
2023/06/13 16:14:43 admin_perm_controller.go:53: [32m[INFO][0m [trace_id=1686644083598439800] [adminLogin Controller] start ...
2023/06/13 16:14:43 admin_perm_controller.go:63: [32m[INFO][0m [trace_id=1686644083598439800] ---->input param: {Password:admin1 Name:admin1 Dept: IsTeacher:false}
2023/06/13 16:14:47 admin_perm_controller.go:26: [32m[INFO][0m [trace_id=1686644087802242700] checkAuth:%!p(string=eyJhbGciOiJIUzI1NiIsInR5cCI6IkpXVCJ9.eyJ1c2VyX25hbWUiOiJhZG1pbjEiLCJleHAiOjE2ODY2NDc2ODcsImlzcyI6IjE2ODY2NDQwODcifQ.K6MNspJkNCZmIyCGsscp34xjWAf0AgBR1uvpqU5E2Es)
2023/06/13 16:14:49 admin_perm_controller.go:145: [32m[INFO][0m [trace_id=1686644087802242700] [admin GetUser Controller] start ...
2023/06/13 16:14:53 admin_perm_controller.go:53: [32m[INFO][0m [trace_id=1686644093840450700] [adminLogin Controller] start ...
2023/06/13 16:14:53 admin_perm_controller.go:63: [32m[INFO][0m [trace_id=1686644093840450700] ---->input param: {Password:admin1 Name:admin1 Dept: IsTeacher:false}
2023/06/13 16:16:05 admin_perm_controller.go:53: [32m[INFO][0m [trace_id=1686644165530700200] [adminLogin Controller] start ...
2023/06/13 16:16:05 admin_perm_controller.go:63: [32m[INFO][0m [trace_id=1686644165530700200] ---->input param: {Password:admin2 Name:admin2 Dept: IsTeacher:false}
2023/06/13 16:16:41 admin_perm_controller.go:53: [32m[INFO][0m [trace_id=1686644201567925500] [adminLogin Controller] start ...
2023/06/13 16:16:41 admin_perm_controller.go:63: [32m[INFO][0m [trace_id=1686644201567925500] ---->input param: {Password:admin2 Name:admin2 Dept: IsTeacher:false}
2023/06/13 16:19:17 admin_perm_controller.go:53: [32m[INFO][0m [trace_id=1686644357682926600] [adminLogin Controller] start ...
2023/06/13 16:19:17 admin_perm_controller.go:63: [32m[INFO][0m [trace_id=1686644357682926600] ---->input param: {Password:admin2 Name:admin2 Dept: IsTeacher:false}
2023/06/13 16:19:23 admin_perm_controller.go:53: [32m[INFO][0m [trace_id=1686644363127898900] [adminLogin Controller] start ...
2023/06/13 16:19:23 admin_perm_controller.go:63: [32m[INFO][0m [trace_id=1686644363127898900] ---->input param: {Password:admin2 Name:admin2 Dept: IsTeacher:false}
2023/06/13 16:21:23 admin_perm_controller.go:26: [32m[INFO][0m [trace_id=1686644483326567400] checkAuth:%!p(string=eyJhbGciOiJIUzI1NiIsInR5cCI6IkpXVCJ9.eyJ1c2VyX25hbWUiOiJhZG1pbjEiLCJleHAiOjE2ODY2NDc2ODcsImlzcyI6IjE2ODY2NDQwODcifQ.K6MNspJkNCZmIyCGsscp34xjWAf0AgBR1uvpqU5E2Es)
2023/06/13 16:21:31 admin_perm_controller.go:53: [32m[INFO][0m [trace_id=1686644491920131800] [adminLogin Controller] start ...
2023/06/13 16:21:31 admin_perm_controller.go:63: [32m[INFO][0m [trace_id=1686644491920131800] ---->input param: {Password:admin1 Name:admin1 Dept: IsTeacher:false}
2023/06/13 16:21:34 admin_perm_controller.go:26: [32m[INFO][0m [trace_id=1686644494060623000] checkAuth:%!p(string=eyJhbGciOiJIUzI1NiIsInR5cCI6IkpXVCJ9.eyJ1c2VyX25hbWUiOiJhZG1pbjEiLCJleHAiOjE2ODY2NDgwOTQsImlzcyI6IjE2ODY2NDQ0OTQifQ.aTKk_3QBgPZmgdeCRP1PXCwKQnv_-XSpF6KkiOKQ29E)
2023/06/13 16:21:35 admin_perm_controller.go:145: [32m[INFO][0m [trace_id=1686644494060623000] [admin GetUser Controller] start ...
2023/06/13 16:21:49 admin_perm_controller.go:53: [32m[INFO][0m [trace_id=1686644509916494700] [adminLogin Controller] start ...
2023/06/13 16:21:49 admin_perm_controller.go:63: [32m[INFO][0m [trace_id=1686644509916494700] ---->input param: {Password:admin2 Name:admin2 Dept: IsTeacher:false}
2023/06/13 16:22:05 admin_perm_controller.go:53: [32m[INFO][0m [trace_id=1686644525566578200] [adminLogin Controller] start ...
2023/06/13 16:22:05 admin_perm_controller.go:63: [32m[INFO][0m [trace_id=1686644525566578200] ---->input param: {Password:admin2 Name:admin2 Dept: IsTeacher:false}
2023/06/13 16:37:59 admin_perm_controller.go:53: [32m[INFO][0m [trace_id=1686645479584784700] [adminLogin Controller] start ...
2023/06/13 16:37:59 admin_perm_controller.go:63: [32m[INFO][0m [trace_id=1686645479584784700] ---->input param: {Password:admin2 Name:admin2 Dept: IsTeacher:false}
2023/06/13 16:39:10 admin_perm_controller.go:53: [32m[INFO][0m [trace_id=1686645550482360200] [adminLogin Controller] start ...
2023/06/13 16:39:10 admin_perm_controller.go:63: [32m[INFO][0m [trace_id=1686645550482360200] ---->input param: {Password:admin1 Name:admin1 Dept: IsTeacher:false}
2023/06/13 16:39:41 admin_perm_controller.go:26: [32m[INFO][0m [trace_id=1686645581645223300] checkAuth:%!p(string=eyJhbGciOiJIUzI1NiIsInR5cCI6IkpXVCJ9.eyJ1c2VyX25hbWUiOiJhZG1pbjIiLCJleHAiOjE2ODY2NDkwODEsImlzcyI6IjE2ODY2NDU0ODEifQ.ojEQ2jElKWS8QrgBzyYK0zrraQE2l1KGYEG9a9XG-b8)
2023/06/13 16:40:01 admin_perm_controller.go:145: [32m[INFO][0m [trace_id=1686645581645223300] [admin GetUser Controller] start ...
2023/06/13 16:40:02 admin_perm_controller.go:26: [32m[INFO][0m [trace_id=1686645602057915000] checkAuth:%!p(string=eyJhbGciOiJIUzI1NiIsInR5cCI6IkpXVCJ9.eyJ1c2VyX25hbWUiOiJhZG1pbjIiLCJleHAiOjE2ODY2NDkwODEsImlzcyI6IjE2ODY2NDU0ODEifQ.ojEQ2jElKWS8QrgBzyYK0zrraQE2l1KGYEG9a9XG-b8)
2023/06/13 16:40:04 admin_perm_controller.go:145: [32m[INFO][0m [trace_id=1686645602057915000] [admin GetUser Controller] start ...
2023/06/13 16:40:12 admin_perm_controller.go:53: [32m[INFO][0m [trace_id=1686645612206518400] [adminLogin Controller] start ...
2023/06/13 16:40:12 admin_perm_controller.go:63: [32m[INFO][0m [trace_id=1686645612206518400] ---->input param: {Password:admin1 Name:admin1 Dept: IsTeacher:false}
2023/06/13 16:40:24 admin_perm_controller.go:26: [32m[INFO][0m [trace_id=1686645624051845300] checkAuth:%!p(string=eyJhbGciOiJIUzI1NiIsInR5cCI6IkpXVCJ9.eyJ1c2VyX25hbWUiOiJhZG1pbjEiLCJleHAiOjE2ODY2NDkyMTIsImlzcyI6IjE2ODY2NDU2MTIifQ.SDVGy163WIqAMiQ8bD_DES3LyUNrVVXnR-r7syDjE5s)
2023/06/13 16:40:24 admin_perm_controller.go:145: [32m[INFO][0m [trace_id=1686645624051845300] [admin GetUser Controller] start ...
2023/06/13 16:40:25 admin_perm_controller.go:53: [32m[INFO][0m [trace_id=1686645625480197500] [adminLogin Controller] start ...
2023/06/13 16:40:25 admin_perm_controller.go:63: [32m[INFO][0m [trace_id=1686645625480197500] ---->input param: {Password:admin1 Name:admin1 Dept: IsTeacher:false}
2023/06/13 16:40:31 admin_perm_controller.go:26: [32m[INFO][0m [trace_id=1686645631512829900] checkAuth:%!p(string=eyJhbGciOiJIUzI1NiIsInR5cCI6IkpXVCJ9.eyJ1c2VyX25hbWUiOiJhZG1pbjEiLCJleHAiOjE2ODY2NDkyMjUsImlzcyI6IjE2ODY2NDU2MjUifQ.JcqbAuxbAp-uBeao3NNeyeCoXxRyRma9_G-QPzv13dQ)
2023/06/13 16:40:31 admin_perm_controller.go:145: [32m[INFO][0m [trace_id=1686645631512829900] [admin GetUser Controller] start ...
2023/06/13 16:40:32 admin_perm_controller.go:53: [32m[INFO][0m [trace_id=1686645632847364500] [adminLogin Controller] start ...
2023/06/13 16:40:32 admin_perm_controller.go:63: [32m[INFO][0m [trace_id=1686645632847364500] ---->input param: {Password:admin1 Name:admin1 Dept: IsTeacher:false}
2023/06/13 16:40:41 admin_perm_controller.go:26: [32m[INFO][0m [trace_id=1686645641939598600] checkAuth:%!p(string=eyJhbGciOiJIUzI1NiIsInR5cCI6IkpXVCJ9.eyJ1c2VyX25hbWUiOiJhZG1pbjEiLCJleHAiOjE2ODY2NDkyMzIsImlzcyI6IjE2ODY2NDU2MzIifQ.lH_D4mmwceuqDPVIoar_5kLSbURaxCdnEhWsXNKPv-Q)
2023/06/13 16:40:41 admin_course_edit_controller.go:17: [32m[INFO][0m [trace_id=1686645641939598600] [Admin CourseAll Controller] start ...
2023/06/13 16:40:58 admin_perm_controller.go:53: [32m[INFO][0m [trace_id=1686645658257380400] [adminLogin Controller] start ...
2023/06/13 16:40:58 admin_perm_controller.go:63: [32m[INFO][0m [trace_id=1686645658257380400] ---->input param: {Password:admin1 Name:admin1 Dept: IsTeacher:false}
2023/06/13 16:41:45 admin_perm_controller.go:53: [32m[INFO][0m [trace_id=1686645701918580600] [adminLogin Controller] start ...
2023/06/13 16:41:46 admin_perm_controller.go:63: [32m[INFO][0m [trace_id=1686645701918580600] ---->input param: {Password:admin1 Name:admin1 Dept: IsTeacher:false}
2023/06/13 16:58:32 admin_perm_controller.go:26: [32m[INFO][0m [trace_id=1686646712142468900] checkAuth:%!p(string=eyJhbGciOiJIUzI1NiIsInR5cCI6IkpXVCJ9.eyJ1c2VyX25hbWUiOiJhZG1pbjEiLCJleHAiOjE2ODY2NDkyMzIsImlzcyI6IjE2ODY2NDU2MzIifQ.lH_D4mmwceuqDPVIoar_5kLSbURaxCdnEhWsXNKPv-Q)
2023/06/13 16:58:57 admin_perm_controller.go:53: [32m[INFO][0m [trace_id=1686646734166614800] [adminLogin Controller] start ...
2023/06/13 16:58:57 admin_perm_controller.go:63: [32m[INFO][0m [trace_id=1686646734166614800] ---->input param: {Password:admin1 Name:admin1 Dept: IsTeacher:false}
2023/06/13 16:58:57 admin_perm_controller.go:26: [32m[INFO][0m [trace_id=1686646737130638500] checkAuth:%!p(string=eyJhbGciOiJIUzI1NiIsInR5cCI6IkpXVCJ9.eyJ1c2VyX25hbWUiOiJhZG1pbjEiLCJleHAiOjE2ODY2NTAzMzcsImlzcyI6IjE2ODY2NDY3MzcifQ.F5EUbfpk-jGdYq0GZmk4aSMtbMocE28FbO6TfTfb5pg)
2023/06/13 16:58:57 admin_perm_controller.go:151: [32m[INFO][0m [trace_id=1686646737130638500] [admin GetUser Controller] start ...
2023/06/13 16:59:02 admin_perm_controller.go:53: [32m[INFO][0m [trace_id=1686646741444579500] [adminLogin Controller] start ...
2023/06/13 16:59:02 admin_perm_controller.go:63: [32m[INFO][0m [trace_id=1686646741444579500] ---->input param: {Password:admin1 Name:admin1 Dept: IsTeacher:false}
