2023/06/13 10:12:17 admin_perm_controller.go:26: [32m[INFO][0m [trace_id=1686622337136064000] checkAuth:%!p(string=eyJhbGciOiJIUzI1NiIsInR5cCI6IkpXVCJ9.eyJ1c2VyX25hbWUiOiJhZG1pbjEiLCJleHAiOjE2ODY1NzM5OTIsImlzcyI6IjE2ODY1NzAzOTIifQ.KGFmMU8_Tyw-VAc_uyKQaoOJIZqsU-fdbaHHBvMY4T4)
2023/06/13 10:12:41 admin_perm_controller.go:26: [32m[INFO][0m [trace_id=1686622361857516300] checkAuth:%!p(string=eyJhbGciOiJIUzI1NiIsInR5cCI6IkpXVCJ9)
2023/06/13 10:13:06 admin_perm_controller.go:26: [32m[INFO][0m [trace_id=1686622386968264600] checkAuth:%!p(string=eyJhbGciOiJIUzI1NiIsInR5cCI6IkpXVCJ9.eyJ1c2VyX25hbWUiOiJhZG1pbjEiLCJleHAiOjE2ODY1NzM5OTIsImlzcyI6IjE2ODY1NzAzOTIifQ.KGFmMU8_Tyw-VAc_uyKQaoOJIZqsU-fdbaHHBvMY4T4)
2023/06/13 10:13:22 admin_perm_controller.go:53: [32m[INFO][0m [trace_id=1686622402582351700] [adminLogin Controller] start ...
2023/06/13 10:13:22 admin_perm_controller.go:63: [32m[INFO][0m [trace_id=1686622402582351700] ---->input param: {Password:admin1 Name:admin1 Dept: IsTeacher:false}
2023/06/13 10:13:34 admin_perm_controller.go:26: [32m[INFO][0m [trace_id=1686622414523482700] checkAuth:%!p(string=eyJhbGciOiJIUzI1NiIsInR5cCI6IkpXVCJ9.eyJ1c2VyX25hbWUiOiJhZG1pbjEiLCJleHAiOjE2ODY2MjYwMDIsImlzcyI6IjE2ODY2MjI0MDIifQ.TorPG1xoovtR6LeXxrShrYBkVFRzgd8mF4LbCzP_0YU)
2023/06/13 10:13:51 admin_learning_edit_controller.go:143: [32m[INFO][0m [trace_id=1686622414523482700] [LearningCategory Controller] start ...
2023/06/13 10:14:25 admin_perm_controller.go:26: [32m[INFO][0m [trace_id=1686622465481697300] checkAuth:%!p(string=eyJhbGciOiJIUzI1NiIsInR5cCI6IkpXVCJ9.eyJ1c2VyX25hbWUiOiJhZG1pbjEiLCJleHAiOjE2ODY2MjYwMDIsImlzcyI6IjE2ODY2MjI0MDIifQ.TorPG1xoovtR6LeXxrShrYBkVFRzgd8mF4LbCzP_0YU)
2023/06/13 10:14:28 admin_news_edit_controller.go:126: [32m[INFO][0m [trace_id=1686622465481697300] [NewsTitleALL Controller] start ...
2023/06/13 10:14:40 admin_perm_controller.go:26: [32m[INFO][0m [trace_id=1686622480580935400] checkAuth:%!p(string=eyJhbGciOiJIUzI1NiIsInR5cCI6IkpXVCJ9.eyJ1c2VyX25hbWUiOiJhZG1pbjEiLCJleHAiOjE2ODY2MjYwMDIsImlzcyI6IjE2ODY2MjI0MDIifQ.TorPG1xoovtR6LeXxrShrYBkVFRzgd8mF4LbCzP_0YU)
2023/06/13 10:15:48 admin_perm_controller.go:26: [32m[INFO][0m [trace_id=1686622548352926000] checkAuth:%!p(string=eyJhbGciOiJIUzI1NiIsInR5cCI6IkpXVCJ9.eyJ1c2VyX25hbWUiOiJhZG1pbjEiLCJleHAiOjE2ODY2MjYwMDIsImlzcyI6IjE2ODY2MjI0MDIifQ.TorPG1xoovtR6LeXxrShrYBkVFRzgd8mF4LbCzP_0YU)
2023/06/13 10:33:36 admin_learning_edit_controller.go:143: [32m[INFO][0m [trace_id=1686623616039606600] [LearningCategory Controller] start ...
2023/06/13 10:33:50 admin_learning_edit_controller.go:16: [32m[INFO][0m [trace_id=1686623630643188700] [LearningAll Controller] start ...
2023/06/13 10:34:15 admin_learning_edit_controller.go:35: [32m[INFO][0m [trace_id=1686623655806830500] [Learning Controller] start ...
2023/06/13 10:34:15 admin_learning_edit_controller.go:45: [32m[INFO][0m [trace_id=1686623655806830500] ---->input param: {ID:1}
2023/06/13 10:34:27 admin_course_edit_controller.go:17: [32m[INFO][0m [trace_id=1686623667225597500] [Admin CourseAll Controller] start ...
2023/06/13 10:34:58 admin_course_edit_controller.go:172: [32m[INFO][0m [trace_id=1686623698355374800] [admin CourseLessonAll Controller] start ...
2023/06/13 10:34:58 admin_course_edit_controller.go:182: [32m[INFO][0m [trace_id=1686623698355374800] ---->input param: {ID:100}
2023/06/13 10:35:07 admin_course_edit_controller.go:17: [32m[INFO][0m [trace_id=1686623707210831100] [Admin CourseAll Controller] start ...
2023/06/13 10:44:07 admin_perm_controller.go:53: [32m[INFO][0m [trace_id=1686624247447766100] [adminLogin Controller] start ...
2023/06/13 10:44:07 admin_perm_controller.go:63: [32m[INFO][0m [trace_id=1686624247447766100] ---->input param: {Password:admin1 Name:admin12 Dept: IsTeacher:false}
2023/06/13 10:44:57 admin_perm_controller.go:53: [32m[INFO][0m [trace_id=1686624293944868900] [adminLogin Controller] start ...
2023/06/13 10:44:59 admin_perm_controller.go:63: [32m[INFO][0m [trace_id=1686624293944868900] ---->input param: {Password:admin1 Name:admin12 Dept: IsTeacher:false}
2023/06/13 10:48:16 admin_perm_controller.go:53: [32m[INFO][0m [trace_id=1686624495061097300] [adminLogin Controller] start ...
2023/06/13 10:48:16 admin_perm_controller.go:63: [32m[INFO][0m [trace_id=1686624495061097300] ---->input param: {Password:admin1 Name:admin12 Dept: IsTeacher:false}
2023/06/13 10:48:24 admin_perm_controller.go:53: [32m[INFO][0m [trace_id=1686624503177632400] [adminLogin Controller] start ...
2023/06/13 10:48:24 admin_perm_controller.go:63: [32m[INFO][0m [trace_id=1686624503177632400] ---->input param: {Password:admin1 Name:admin1 Dept: IsTeacher:false}
