2023/06/14 17:00:17 admin_perm_service.go:42: [36m[DEBUG][0m oldTokenStr:eyJhbGciOiJIUzI1NiIsInR5cCI6IkpXVCJ9.eyJ1c2VyX25hbWUiOiJhZG1pbiIsImV4cCI6MTY4NjczNjc5OSwiaXNzIjoiMTY4NjczMzE5OSJ9.YNIZrJLHHUWkgCEQu_U90kPqPkfztS1xqHKV3ilewHg
2023/06/14 17:00:17 admin_perm_service.go:49: [36m[DEBUG][0m newTokenStr:eyJhbGciOiJIUzI1NiIsInR5cCI6IkpXVCJ9.eyJ1c2VyX25hbWUiOiJhZG1pbiIsImV4cCI6MTY4NjczNjgxNywiaXNzIjoiMTY4NjczMzIxNyJ9.fr2ljqny2GDSA9nZhavwugHYGqw4S52w01F8l9iH6Lw
2023/06/14 17:00:17 admin_perm_service.go:65: [36m[DEBUG][0m tokenStr:eyJhbGciOiJIUzI1NiIsInR5cCI6IkpXVCJ9.eyJ1c2VyX25hbWUiOiJhZG1pbiIsImV4cCI6MTY4NjczNjgxNywiaXNzIjoiMTY4NjczMzIxNyJ9.fr2ljqny2GDSA9nZhavwugHYGqw4S52w01F8l9iH6Lw,&{10002 %!d(string=登录成功：该账号已在别处登录)}
2023/06/14 17:03:45 admin_perm_service.go:42: [36m[DEBUG][0m oldTokenStr:eyJhbGciOiJIUzI1NiIsInR5cCI6IkpXVCJ9.eyJ1c2VyX25hbWUiOiJhZG1pbiIsImV4cCI6MTY4NjczNjgxNywiaXNzIjoiMTY4NjczMzIxNyJ9.fr2ljqny2GDSA9nZhavwugHYGqw4S52w01F8l9iH6Lw
2023/06/14 17:03:45 admin_perm_service.go:49: [36m[DEBUG][0m newTokenStr:eyJhbGciOiJIUzI1NiIsInR5cCI6IkpXVCJ9.eyJ1c2VyX25hbWUiOiJhZG1pbiIsImV4cCI6MTY4NjczNzAyNSwiaXNzIjoiMTY4NjczMzQyNSJ9.N7f2mY254YQpkkEfABVXtR_gmXi_pvQRdmn_6sDNQmg
2023/06/14 17:03:45 admin_perm_service.go:65: [36m[DEBUG][0m tokenStr:eyJhbGciOiJIUzI1NiIsInR5cCI6IkpXVCJ9.eyJ1c2VyX25hbWUiOiJhZG1pbiIsImV4cCI6MTY4NjczNzAyNSwiaXNzIjoiMTY4NjczMzQyNSJ9.N7f2mY254YQpkkEfABVXtR_gmXi_pvQRdmn_6sDNQmg,&{10002 %!d(string=登录成功：该账号已在别处登录)}
2023/06/14 17:03:46 admin_perm_service.go:42: [36m[DEBUG][0m oldTokenStr:eyJhbGciOiJIUzI1NiIsInR5cCI6IkpXVCJ9.eyJ1c2VyX25hbWUiOiJhZG1pbiIsImV4cCI6MTY4NjczNzAyNSwiaXNzIjoiMTY4NjczMzQyNSJ9.N7f2mY254YQpkkEfABVXtR_gmXi_pvQRdmn_6sDNQmg
2023/06/14 17:03:46 admin_perm_service.go:49: [36m[DEBUG][0m newTokenStr:eyJhbGciOiJIUzI1NiIsInR5cCI6IkpXVCJ9.eyJ1c2VyX25hbWUiOiJhZG1pbiIsImV4cCI6MTY4NjczNzAyNiwiaXNzIjoiMTY4NjczMzQyNiJ9.OUaRPSZoKEiHImDD56kfDCPrx2DbVaDbBnd37k5bqUw
2023/06/14 17:03:46 admin_perm_service.go:65: [36m[DEBUG][0m tokenStr:eyJhbGciOiJIUzI1NiIsInR5cCI6IkpXVCJ9.eyJ1c2VyX25hbWUiOiJhZG1pbiIsImV4cCI6MTY4NjczNzAyNiwiaXNzIjoiMTY4NjczMzQyNiJ9.OUaRPSZoKEiHImDD56kfDCPrx2DbVaDbBnd37k5bqUw,&{10002 %!d(string=登录成功：该账号已在别处登录)}
2023/06/14 17:04:35 admin_perm_service.go:42: [36m[DEBUG][0m oldTokenStr:eyJhbGciOiJIUzI1NiIsInR5cCI6IkpXVCJ9.eyJ1c2VyX25hbWUiOiJhZG1pbiIsImV4cCI6MTY4NjczNzAyNiwiaXNzIjoiMTY4NjczMzQyNiJ9.OUaRPSZoKEiHImDD56kfDCPrx2DbVaDbBnd37k5bqUw
2023/06/14 17:04:35 admin_perm_service.go:49: [36m[DEBUG][0m newTokenStr:eyJhbGciOiJIUzI1NiIsInR5cCI6IkpXVCJ9.eyJ1c2VyX25hbWUiOiJhZG1pbiIsImV4cCI6MTY4NjczNzA3NSwiaXNzIjoiMTY4NjczMzQ3NSJ9.9SGB4w8kwyoK_dvzpmpNysirOFP0SgXt7huT6Jqpi0Y
2023/06/14 17:04:35 admin_perm_service.go:65: [36m[DEBUG][0m tokenStr:eyJhbGciOiJIUzI1NiIsInR5cCI6IkpXVCJ9.eyJ1c2VyX25hbWUiOiJhZG1pbiIsImV4cCI6MTY4NjczNzA3NSwiaXNzIjoiMTY4NjczMzQ3NSJ9.9SGB4w8kwyoK_dvzpmpNysirOFP0SgXt7huT6Jqpi0Y,&{10002 %!d(string=登录成功：该账号已在别处登录)}
2023/06/14 17:05:11 admin_perm_service.go:42: [36m[DEBUG][0m oldTokenStr:eyJhbGciOiJIUzI1NiIsInR5cCI6IkpXVCJ9.eyJ1c2VyX25hbWUiOiJhZG1pbiIsImV4cCI6MTY4NjczNzA3NSwiaXNzIjoiMTY4NjczMzQ3NSJ9.9SGB4w8kwyoK_dvzpmpNysirOFP0SgXt7huT6Jqpi0Y
2023/06/14 17:05:11 admin_perm_service.go:49: [36m[DEBUG][0m newTokenStr:eyJhbGciOiJIUzI1NiIsInR5cCI6IkpXVCJ9.eyJ1c2VyX25hbWUiOiJhZG1pbiIsImV4cCI6MTY4NjczNzExMSwiaXNzIjoiMTY4NjczMzUxMSJ9.H9HciqkmVl6I7lGJARS8M5vZF0J065gtLPTuZaTaQSQ
2023/06/14 17:05:11 admin_perm_service.go:65: [36m[DEBUG][0m tokenStr:eyJhbGciOiJIUzI1NiIsInR5cCI6IkpXVCJ9.eyJ1c2VyX25hbWUiOiJhZG1pbiIsImV4cCI6MTY4NjczNzExMSwiaXNzIjoiMTY4NjczMzUxMSJ9.H9HciqkmVl6I7lGJARS8M5vZF0J065gtLPTuZaTaQSQ,&{10002 %!d(string=登录成功：该账号已在别处登录)}
2023/06/14 17:16:16 admin_perm_service.go:42: [36m[DEBUG][0m oldTokenStr:eyJhbGciOiJIUzI1NiIsInR5cCI6IkpXVCJ9.eyJ1c2VyX25hbWUiOiJhZG1pbiIsImV4cCI6MTY4NjczNzExMSwiaXNzIjoiMTY4NjczMzUxMSJ9.H9HciqkmVl6I7lGJARS8M5vZF0J065gtLPTuZaTaQSQ
2023/06/14 17:16:16 admin_perm_service.go:49: [36m[DEBUG][0m newTokenStr:eyJhbGciOiJIUzI1NiIsInR5cCI6IkpXVCJ9.eyJ1c2VyX25hbWUiOiJhZG1pbiIsImV4cCI6MTY4NjczNzc3NiwiaXNzIjoiMTY4NjczNDE3NiJ9.qVIQ2JvUwdC2ayCNcECa2fa0RuPl2jWXDGtV-sWZT5o
2023/06/14 17:16:16 admin_perm_service.go:65: [36m[DEBUG][0m tokenStr:eyJhbGciOiJIUzI1NiIsInR5cCI6IkpXVCJ9.eyJ1c2VyX25hbWUiOiJhZG1pbiIsImV4cCI6MTY4NjczNzc3NiwiaXNzIjoiMTY4NjczNDE3NiJ9.qVIQ2JvUwdC2ayCNcECa2fa0RuPl2jWXDGtV-sWZT5o,&{10002 %!d(string=登录成功：该账号已在别处登录)}
2023/06/14 17:17:08 admin_perm_service.go:42: [36m[DEBUG][0m oldTokenStr:eyJhbGciOiJIUzI1NiIsInR5cCI6IkpXVCJ9.eyJ1c2VyX25hbWUiOiJhZG1pbiIsImV4cCI6MTY4NjczNzc3NiwiaXNzIjoiMTY4NjczNDE3NiJ9.qVIQ2JvUwdC2ayCNcECa2fa0RuPl2jWXDGtV-sWZT5o
2023/06/14 17:17:08 admin_perm_service.go:49: [36m[DEBUG][0m newTokenStr:eyJhbGciOiJIUzI1NiIsInR5cCI6IkpXVCJ9.eyJ1c2VyX25hbWUiOiJhZG1pbiIsImV4cCI6MTY4NjczNzgyOCwiaXNzIjoiMTY4NjczNDIyOCJ9.SqVnoukivhSmT2t7IPvMST30bob83rBwlbtNcxacPN0
2023/06/14 17:17:08 admin_perm_service.go:65: [36m[DEBUG][0m tokenStr:eyJhbGciOiJIUzI1NiIsInR5cCI6IkpXVCJ9.eyJ1c2VyX25hbWUiOiJhZG1pbiIsImV4cCI6MTY4NjczNzgyOCwiaXNzIjoiMTY4NjczNDIyOCJ9.SqVnoukivhSmT2t7IPvMST30bob83rBwlbtNcxacPN0,&{10002 %!d(string=登录成功：该账号已在别处登录)}
2023/06/14 17:17:09 admin_perm_service.go:42: [36m[DEBUG][0m oldTokenStr:eyJhbGciOiJIUzI1NiIsInR5cCI6IkpXVCJ9.eyJ1c2VyX25hbWUiOiJhZG1pbiIsImV4cCI6MTY4NjczNzgyOCwiaXNzIjoiMTY4NjczNDIyOCJ9.SqVnoukivhSmT2t7IPvMST30bob83rBwlbtNcxacPN0
2023/06/14 17:17:09 admin_perm_service.go:49: [36m[DEBUG][0m newTokenStr:eyJhbGciOiJIUzI1NiIsInR5cCI6IkpXVCJ9.eyJ1c2VyX25hbWUiOiJhZG1pbiIsImV4cCI6MTY4NjczNzgyOSwiaXNzIjoiMTY4NjczNDIyOSJ9.I7jDAeDQEprpaKwEijTVC3lqLljp0nJSoUwBq7Zgi50
2023/06/14 17:17:09 admin_perm_service.go:65: [36m[DEBUG][0m tokenStr:eyJhbGciOiJIUzI1NiIsInR5cCI6IkpXVCJ9.eyJ1c2VyX25hbWUiOiJhZG1pbiIsImV4cCI6MTY4NjczNzgyOSwiaXNzIjoiMTY4NjczNDIyOSJ9.I7jDAeDQEprpaKwEijTVC3lqLljp0nJSoUwBq7Zgi50,&{10002 %!d(string=登录成功：该账号已在别处登录)}
2023/06/14 17:17:30 admin_perm_service.go:42: [36m[DEBUG][0m oldTokenStr:eyJhbGciOiJIUzI1NiIsInR5cCI6IkpXVCJ9.eyJ1c2VyX25hbWUiOiJhZG1pbiIsImV4cCI6MTY4NjczNzgyOSwiaXNzIjoiMTY4NjczNDIyOSJ9.I7jDAeDQEprpaKwEijTVC3lqLljp0nJSoUwBq7Zgi50
2023/06/14 17:17:30 admin_perm_service.go:49: [36m[DEBUG][0m newTokenStr:eyJhbGciOiJIUzI1NiIsInR5cCI6IkpXVCJ9.eyJ1c2VyX25hbWUiOiJhZG1pbiIsImV4cCI6MTY4NjczNzg1MCwiaXNzIjoiMTY4NjczNDI1MCJ9.3_oP9XhuAQiMaMY-140JlHxwQmX_b5IBt7BTpeyA35A
2023/06/14 17:17:30 admin_perm_service.go:65: [36m[DEBUG][0m tokenStr:eyJhbGciOiJIUzI1NiIsInR5cCI6IkpXVCJ9.eyJ1c2VyX25hbWUiOiJhZG1pbiIsImV4cCI6MTY4NjczNzg1MCwiaXNzIjoiMTY4NjczNDI1MCJ9.3_oP9XhuAQiMaMY-140JlHxwQmX_b5IBt7BTpeyA35A,&{10002 %!d(string=登录成功：该账号已在别处登录)}
2023/06/14 17:17:31 admin_perm_service.go:42: [36m[DEBUG][0m oldTokenStr:eyJhbGciOiJIUzI1NiIsInR5cCI6IkpXVCJ9.eyJ1c2VyX25hbWUiOiJhZG1pbiIsImV4cCI6MTY4NjczNzg1MCwiaXNzIjoiMTY4NjczNDI1MCJ9.3_oP9XhuAQiMaMY-140JlHxwQmX_b5IBt7BTpeyA35A
2023/06/14 17:17:31 admin_perm_service.go:49: [36m[DEBUG][0m newTokenStr:eyJhbGciOiJIUzI1NiIsInR5cCI6IkpXVCJ9.eyJ1c2VyX25hbWUiOiJhZG1pbiIsImV4cCI6MTY4NjczNzg1MSwiaXNzIjoiMTY4NjczNDI1MSJ9.FAsP1qWIphUHBUamy-nqaoj60AoZoFlapMt3rdn5JWg
2023/06/14 17:17:31 admin_perm_service.go:65: [36m[DEBUG][0m tokenStr:eyJhbGciOiJIUzI1NiIsInR5cCI6IkpXVCJ9.eyJ1c2VyX25hbWUiOiJhZG1pbiIsImV4cCI6MTY4NjczNzg1MSwiaXNzIjoiMTY4NjczNDI1MSJ9.FAsP1qWIphUHBUamy-nqaoj60AoZoFlapMt3rdn5JWg,&{10002 %!d(string=登录成功：该账号已在别处登录)}
2023/06/14 17:17:48 admin_perm_service.go:42: [36m[DEBUG][0m oldTokenStr:eyJhbGciOiJIUzI1NiIsInR5cCI6IkpXVCJ9.eyJ1c2VyX25hbWUiOiJhZG1pbiIsImV4cCI6MTY4NjczNzg1MSwiaXNzIjoiMTY4NjczNDI1MSJ9.FAsP1qWIphUHBUamy-nqaoj60AoZoFlapMt3rdn5JWg
2023/06/14 17:17:48 admin_perm_service.go:49: [36m[DEBUG][0m newTokenStr:eyJhbGciOiJIUzI1NiIsInR5cCI6IkpXVCJ9.eyJ1c2VyX25hbWUiOiJhZG1pbiIsImV4cCI6MTY4NjczNzg2OCwiaXNzIjoiMTY4NjczNDI2OCJ9.QTFsrjuVJcJXUUla2ODznELe5rpUdmZ2mHd3Rjubb2Q
2023/06/14 17:17:48 admin_perm_service.go:65: [36m[DEBUG][0m tokenStr:eyJhbGciOiJIUzI1NiIsInR5cCI6IkpXVCJ9.eyJ1c2VyX25hbWUiOiJhZG1pbiIsImV4cCI6MTY4NjczNzg2OCwiaXNzIjoiMTY4NjczNDI2OCJ9.QTFsrjuVJcJXUUla2ODznELe5rpUdmZ2mHd3Rjubb2Q,&{10002 %!d(string=登录成功：该账号已在别处登录)}
2023/06/14 17:17:50 admin_perm_service.go:42: [36m[DEBUG][0m oldTokenStr:eyJhbGciOiJIUzI1NiIsInR5cCI6IkpXVCJ9.eyJ1c2VyX25hbWUiOiJhZG1pbiIsImV4cCI6MTY4NjczNzg2OCwiaXNzIjoiMTY4NjczNDI2OCJ9.QTFsrjuVJcJXUUla2ODznELe5rpUdmZ2mHd3Rjubb2Q
2023/06/14 17:17:50 admin_perm_service.go:49: [36m[DEBUG][0m newTokenStr:eyJhbGciOiJIUzI1NiIsInR5cCI6IkpXVCJ9.eyJ1c2VyX25hbWUiOiJhZG1pbiIsImV4cCI6MTY4NjczNzg3MCwiaXNzIjoiMTY4NjczNDI3MCJ9.n24CKwkt0y4NuLMazQqRaM56ffU5O9ZhzZNPx6ZZe90
2023/06/14 17:17:50 admin_perm_service.go:65: [36m[DEBUG][0m tokenStr:eyJhbGciOiJIUzI1NiIsInR5cCI6IkpXVCJ9.eyJ1c2VyX25hbWUiOiJhZG1pbiIsImV4cCI6MTY4NjczNzg3MCwiaXNzIjoiMTY4NjczNDI3MCJ9.n24CKwkt0y4NuLMazQqRaM56ffU5O9ZhzZNPx6ZZe90,&{10002 %!d(string=登录成功：该账号已在别处登录)}
2023/06/14 17:18:15 admin_perm_service.go:42: [36m[DEBUG][0m oldTokenStr:eyJhbGciOiJIUzI1NiIsInR5cCI6IkpXVCJ9.eyJ1c2VyX25hbWUiOiJhZG1pbiIsImV4cCI6MTY4NjczNzg3MCwiaXNzIjoiMTY4NjczNDI3MCJ9.n24CKwkt0y4NuLMazQqRaM56ffU5O9ZhzZNPx6ZZe90
2023/06/14 17:18:15 admin_perm_service.go:49: [36m[DEBUG][0m newTokenStr:eyJhbGciOiJIUzI1NiIsInR5cCI6IkpXVCJ9.eyJ1c2VyX25hbWUiOiJhZG1pbiIsImV4cCI6MTY4NjczNzg5NSwiaXNzIjoiMTY4NjczNDI5NSJ9.s7AEkHiONbGw9T5QnFEYNlfhscdst8yft53CqMh9khA
2023/06/14 17:18:15 admin_perm_service.go:65: [36m[DEBUG][0m tokenStr:eyJhbGciOiJIUzI1NiIsInR5cCI6IkpXVCJ9.eyJ1c2VyX25hbWUiOiJhZG1pbiIsImV4cCI6MTY4NjczNzg5NSwiaXNzIjoiMTY4NjczNDI5NSJ9.s7AEkHiONbGw9T5QnFEYNlfhscdst8yft53CqMh9khA,&{10002 %!d(string=登录成功：该账号已在别处登录)}
2023/06/14 17:18:20 admin_perm_service.go:42: [36m[DEBUG][0m oldTokenStr:eyJhbGciOiJIUzI1NiIsInR5cCI6IkpXVCJ9.eyJ1c2VyX25hbWUiOiJhZG1pbiIsImV4cCI6MTY4NjczNzg5NSwiaXNzIjoiMTY4NjczNDI5NSJ9.s7AEkHiONbGw9T5QnFEYNlfhscdst8yft53CqMh9khA
2023/06/14 17:18:20 admin_perm_service.go:49: [36m[DEBUG][0m newTokenStr:eyJhbGciOiJIUzI1NiIsInR5cCI6IkpXVCJ9.eyJ1c2VyX25hbWUiOiJhZG1pbiIsImV4cCI6MTY4NjczNzkwMCwiaXNzIjoiMTY4NjczNDMwMCJ9.UkxxkU031wd-oGYwg5jNPch6CH4pYC161Y5ZlqYIqj4
2023/06/14 17:18:20 admin_perm_service.go:65: [36m[DEBUG][0m tokenStr:eyJhbGciOiJIUzI1NiIsInR5cCI6IkpXVCJ9.eyJ1c2VyX25hbWUiOiJhZG1pbiIsImV4cCI6MTY4NjczNzkwMCwiaXNzIjoiMTY4NjczNDMwMCJ9.UkxxkU031wd-oGYwg5jNPch6CH4pYC161Y5ZlqYIqj4,&{10002 %!d(string=登录成功：该账号已在别处登录)}
2023/06/14 17:18:54 admin_perm_service.go:42: [36m[DEBUG][0m oldTokenStr:eyJhbGciOiJIUzI1NiIsInR5cCI6IkpXVCJ9.eyJ1c2VyX25hbWUiOiJhZG1pbiIsImV4cCI6MTY4NjczNzkwMCwiaXNzIjoiMTY4NjczNDMwMCJ9.UkxxkU031wd-oGYwg5jNPch6CH4pYC161Y5ZlqYIqj4
2023/06/14 17:18:54 admin_perm_service.go:49: [36m[DEBUG][0m newTokenStr:eyJhbGciOiJIUzI1NiIsInR5cCI6IkpXVCJ9.eyJ1c2VyX25hbWUiOiJhZG1pbiIsImV4cCI6MTY4NjczNzkzNCwiaXNzIjoiMTY4NjczNDMzNCJ9.DFZDFb8bHU26hj179Kk4Pf9B4H6Ycs9gu-6-vkECIj0
2023/06/14 17:18:54 admin_perm_service.go:65: [36m[DEBUG][0m tokenStr:eyJhbGciOiJIUzI1NiIsInR5cCI6IkpXVCJ9.eyJ1c2VyX25hbWUiOiJhZG1pbiIsImV4cCI6MTY4NjczNzkzNCwiaXNzIjoiMTY4NjczNDMzNCJ9.DFZDFb8bHU26hj179Kk4Pf9B4H6Ycs9gu-6-vkECIj0,&{10002 %!d(string=登录成功：该账号已在别处登录)}
2023/06/14 17:21:50 admin_perm_service.go:49: [36m[DEBUG][0m newTokenStr:eyJhbGciOiJIUzI1NiIsInR5cCI6IkpXVCJ9.eyJ1c2VyX25hbWUiOiJhZG1pbiIsImV4cCI6MTY4NjczODExMCwiaXNzIjoiMTY4NjczNDUxMCJ9.p2tv6BIWg3GBHaU74CPIxNkDDVx0Nb3MpL6UllMpy8g
2023/06/14 17:21:50 admin_perm_service.go:65: [36m[DEBUG][0m tokenStr:eyJhbGciOiJIUzI1NiIsInR5cCI6IkpXVCJ9.eyJ1c2VyX25hbWUiOiJhZG1pbiIsImV4cCI6MTY4NjczODExMCwiaXNzIjoiMTY4NjczNDUxMCJ9.p2tv6BIWg3GBHaU74CPIxNkDDVx0Nb3MpL6UllMpy8g,&{10000 %!d(string=登录成功)}
2023/06/14 17:35:11 admin_perm_service.go:49: [36m[DEBUG][0m newTokenStr:eyJhbGciOiJIUzI1NiIsInR5cCI6IkpXVCJ9.eyJ1c2VyX25hbWUiOiJhZG1pbiIsImV4cCI6MTY4NjczODkxMSwiaXNzIjoiMTY4NjczNTMxMSJ9.eB8u6scROXGuowqbor5-EV3t5EXLuupOy8pNAVMWWB8
2023/06/14 17:35:11 admin_perm_service.go:65: [36m[DEBUG][0m tokenStr:eyJhbGciOiJIUzI1NiIsInR5cCI6IkpXVCJ9.eyJ1c2VyX25hbWUiOiJhZG1pbiIsImV4cCI6MTY4NjczODkxMSwiaXNzIjoiMTY4NjczNTMxMSJ9.eB8u6scROXGuowqbor5-EV3t5EXLuupOy8pNAVMWWB8,&{10000 %!d(string=登录成功)}
2023/06/14 17:35:31 admin_perm_service.go:42: [36m[DEBUG][0m oldTokenStr:eyJhbGciOiJIUzI1NiIsInR5cCI6IkpXVCJ9.eyJ1c2VyX25hbWUiOiJhZG1pbiIsImV4cCI6MTY4NjczODkxMSwiaXNzIjoiMTY4NjczNTMxMSJ9.eB8u6scROXGuowqbor5-EV3t5EXLuupOy8pNAVMWWB8
2023/06/14 17:35:31 admin_perm_service.go:49: [36m[DEBUG][0m newTokenStr:eyJhbGciOiJIUzI1NiIsInR5cCI6IkpXVCJ9.eyJ1c2VyX25hbWUiOiJhZG1pbiIsImV4cCI6MTY4NjczODkzMSwiaXNzIjoiMTY4NjczNTMzMSJ9.yMQvawcumYSPSTNLpsDyty5OqF2D-98LQuXWw8vgCqI
2023/06/14 17:35:31 admin_perm_service.go:65: [36m[DEBUG][0m tokenStr:eyJhbGciOiJIUzI1NiIsInR5cCI6IkpXVCJ9.eyJ1c2VyX25hbWUiOiJhZG1pbiIsImV4cCI6MTY4NjczODkzMSwiaXNzIjoiMTY4NjczNTMzMSJ9.yMQvawcumYSPSTNLpsDyty5OqF2D-98LQuXWw8vgCqI,&{10002 %!d(string=登录成功：该账号已在别处登录)}
