2023/06/15 16:15:44 admin_perm_controller.go:56: [32m[INFO][0m [trace_id=1686816944215810300] [adminLogin Controller] start ...
2023/06/15 16:15:44 admin_perm_controller.go:65: [32m[INFO][0m [trace_id=1686816944215810300] ---->input param: {Password:admin Name:admin Dept: IsTeacher:false}
2023/06/15 16:15:50 admin_perm_controller.go:56: [32m[INFO][0m [trace_id=1686816950548902400] [adminLogin Controller] start ...
2023/06/15 16:15:50 admin_perm_controller.go:65: [32m[INFO][0m [trace_id=1686816950548902400] ---->input param: {Password:admin1 Name:admin1 Dept: IsTeacher:false}
2023/06/15 16:16:04 admin_perm_controller.go:56: [32m[INFO][0m [trace_id=1686816964068466400] [adminLogin Controller] start ...
2023/06/15 16:16:04 admin_perm_controller.go:65: [32m[INFO][0m [trace_id=1686816964068466400] ---->input param: {Password:admin1 Name:admin1 Dept: IsTeacher:false}
2023/06/15 16:16:04 admin_perm_controller.go:94: [32m[INFO][0m [trace_id=1686816964068466400] ---->out param: eyJhbGciOiJIUzI1NiIsInR5cCI6IkpXVCJ9.eyJ1c2VyX25hbWUiOiJhZG1pbjEiLCJleHAiOjE2ODY4NDIxNjQsImlzcyI6IjE2ODY4MTY5NjQifQ.5WgTe3sFgYY1jcxWeAmASKmEFwUS5KHZoACenUMnsuE,ç™»å½•æˆåŠŸï¼šè¯¥è´¦å·å·²åœ¨åˆ«å¤„ç™»å½•
2023/06/15 16:16:15 admin_perm_controller.go:56: [32m[INFO][0m [trace_id=1686816975419036600] [adminLogin Controller] start ...
2023/06/15 16:16:15 admin_perm_controller.go:65: [32m[INFO][0m [trace_id=1686816975419036600] ---->input param: {Password:admin2 Name:admin2 Dept: IsTeacher:false}
2023/06/15 16:16:21 admin_perm_controller.go:56: [32m[INFO][0m [trace_id=1686816981867417000] [adminLogin Controller] start ...
2023/06/15 16:16:21 admin_perm_controller.go:65: [32m[INFO][0m [trace_id=1686816981867417000] ---->input param: {Password:admin2 Name:admin2 Dept: IsTeacher:false}
2023/06/15 16:16:21 admin_perm_controller.go:94: [32m[INFO][0m [trace_id=1686816981867417000] ---->out param: eyJhbGciOiJIUzI1NiIsInR5cCI6IkpXVCJ9.eyJ1c2VyX25hbWUiOiJhZG1pbjIiLCJleHAiOjE2ODY4NDIxODEsImlzcyI6IjE2ODY4MTY5ODEifQ.zwKhNFSQ4shK4GfQJIifMvByXzRMTsCFru12ZpzeYMM,ç™»å½•æˆåŠŸï¼šè¯¥è´¦å·å·²åœ¨åˆ«å¤„ç™»å½•
2023/06/15 16:17:27 admin_perm_controller.go:56: [32m[INFO][0m [trace_id=1686817045874049500] [adminLogin Controller] start ...
2023/06/15 16:17:32 admin_perm_controller.go:65: [32m[INFO][0m [trace_id=1686817045874049500] ---->input param: {Password:admin3 Name:admin3 Dept: IsTeacher:false}
2023/06/15 16:18:03 admin_perm_controller.go:94: [32m[INFO][0m [trace_id=1686817045874049500] ---->out param: ,ç™»å½•å¤±è´¥
2023/06/15 16:18:38 admin_perm_controller.go:56: [32m[INFO][0m [trace_id=1686817116563176700] [adminLogin Controller] start ...
2023/06/15 16:18:38 admin_perm_controller.go:65: [32m[INFO][0m [trace_id=1686817116563176700] ---->input param: {Password:admin3 Name:admin3 Dept: IsTeacher:false}
2023/06/15 16:19:09 admin_perm_controller.go:56: [32m[INFO][0m [trace_id=1686817148242033700] [adminLogin Controller] start ...
2023/06/15 16:19:11 admin_perm_controller.go:65: [32m[INFO][0m [trace_id=1686817148242033700] ---->input param: {Password:admin4 Name:admin4 Dept: IsTeacher:false}
2023/06/15 16:20:34 admin_perm_controller.go:56: [32m[INFO][0m [trace_id=1686817232505251100] [adminLogin Controller] start ...
2023/06/15 16:20:35 admin_perm_controller.go:65: [32m[INFO][0m [trace_id=1686817232505251100] ---->input param: {Password:admin5 Name:admin5 Dept: IsTeacher:false}
2023/06/15 16:21:29 admin_perm_controller.go:56: [32m[INFO][0m [trace_id=1686817288388819200] [adminLogin Controller] start ...
2023/06/15 16:21:29 admin_perm_controller.go:65: [32m[INFO][0m [trace_id=1686817288388819200] ---->input param: {Password:admin5 Name:admin5 Dept: IsTeacher:false}
2023/06/15 16:21:30 admin_perm_controller.go:94: [32m[INFO][0m [trace_id=1686817288388819200] ---->out param: eyJhbGciOiJIUzI1NiIsInR5cCI6IkpXVCJ9.eyJ1c2VyX25hbWUiOiJhZG1pbjUiLCJleHAiOjE2ODY4NDI0OTAsImlzcyI6IjE2ODY4MTcyOTAifQ.kXR_54qJZt5ACflpdhjhdZC25fsl0cb5YUOw7lCYnLA,ç™»å½•æˆåŠŸ
2023/06/15 16:21:37 admin_perm_controller.go:56: [32m[INFO][0m [trace_id=1686817296770587400] [adminLogin Controller] start ...
2023/06/15 16:21:37 admin_perm_controller.go:65: [32m[INFO][0m [trace_id=1686817296770587400] ---->input param: {Password:admin Name:admin Dept: IsTeacher:false}
2023/06/15 16:21:38 admin_perm_controller.go:94: [32m[INFO][0m [trace_id=1686817296770587400] ---->out param: eyJhbGciOiJIUzI1NiIsInR5cCI6IkpXVCJ9.eyJ1c2VyX25hbWUiOiJhZG1pbiIsImV4cCI6MTY4Njg0MjQ5OCwiaXNzIjoiMTY4NjgxNzI5OCJ9.XTE_edru1QMrQcvjRyxBPHi-tbCIeCzSEvrBNu0KtDc,ç™»å½•æˆåŠŸ
2023/06/15 16:22:12 admin_perm_controller.go:27: [32m[INFO][0m [trace_id=1686817332407346100] checkAuth:%!p(string=eyJhbGciOiJIUzI1NiIsInR5cCI6IkpXVCJ9.eyJ1c2VyX25hbWUiOiJhZG1pbiIsImV4cCI6MTY4Njg0MjQ5OCwiaXNzIjoiMTY4NjgxNzI5OCJ9.XTE_edru1QMrQcvjRyxBPHi-tbCIeCzSEvrBNu0KtDc)
2023/06/15 16:22:59 admin_perm_controller.go:117: [32m[INFO][0m [trace_id=1686817332407346100] ---->out param: 0
2023/06/15 16:23:15 admin_perm_controller.go:27: [32m[INFO][0m [trace_id=1686817395263988300] checkAuth:%!p(string=eyJhbGciOiJIUzI1NiIsInR5cCI6IkpXVCJ9.eyJ1c2VyX25hbWUiOiJhZG1pbjUiLCJleHAiOjE2ODY4NDI0OTAsImlzcyI6IjE2ODY4MTcyOTAifQ.kXR_54qJZt5ACflpdhjhdZC25fsl0cb5YUOw7lCYnLA)
2023/06/15 16:23:35 admin_perm_controller.go:117: [32m[INFO][0m [trace_id=1686817395263988300] ---->out param: 0
