2023/06/16 19:03:25 admin_perm_controller.go:56: [32m[INFO][0m [trace_id=1686913405922570900] [Login Controller] start***
2023/06/16 19:03:25 admin_perm_controller.go:65: [32m[INFO][0m [trace_id=1686913405922570900] [Login Controller] input param: {Password:admin1 Name:admin1 Dept: IsTeacher:false}
2023/06/16 19:03:25 admin_perm_controller.go:94: [32m[INFO][0m [trace_id=1686913405922570900] [Login Controller] end***  result:  res=ç™»å½•æˆåŠŸ,token =eyJhbGciOiJIUzI1NiIsInR5cCI6IkpXVCJ9.eyJ1c2VyX25hbWUiOiJhZG1pbjEiLCJleHAiOjE2ODY5Mzg2MDUsImlzcyI6IjE2ODY5MTM0MDUifQ.9iNHTJ4fKgomcv-0UuWXkRNdUwZxCAbKErUNieYGu8A
2023/06/16 19:03:25 admin_perm_controller.go:27: [32m[INFO][0m [trace_id=1686913405934789400] [CheckAuth Controller] Start /admin/user,token:eyJhbGciOiJIUzI1NiIsInR5cCI6IkpXVCJ9.eyJ1c2VyX25hbWUiOiJhZG1pbjEiLCJleHAiOjE2ODY5Mzg2MDUsImlzcyI6IjE2ODY5MTM0MDUifQ.9iNHTJ4fKgomcv-0UuWXkRNdUwZxCAbKErUNieYGu8A
2023/06/16 19:03:25 admin_perm_controller.go:50: [32m[INFO][0m [trace_id=1686913405934789400] [CheckAuth Controller] end***  result:  check ok
2023/06/16 19:03:25 admin_perm_controller.go:164: [32m[INFO][0m [trace_id=1686913405934789400] [GetUser Controller] start***
2023/06/16 19:03:25 admin_perm_controller.go:207: [32m[INFO][0m [trace_id=1686913405934789400] [GetUser Controller] end***  result:  res=[{BaseModel:{ID:1 CreatedAt:2023-06-07 09:49:27 +0800 CST UpdatedAt:2023-06-07 09:49:27 +0800 CST} LoginID:0 Name:admin1 Password:admin1 Role:15 PhoneNumber: CreatorID:0 IsDeleted:0}],err=<nil>
2023/06/16 19:03:34 admin_perm_controller.go:27: [32m[INFO][0m [trace_id=1686913414166325100] [CheckAuth Controller] Start /admin/course/all,token:eyJhbGciOiJIUzI1NiIsInR5cCI6IkpXVCJ9.eyJ1c2VyX25hbWUiOiJhZG1pbjEiLCJleHAiOjE2ODY5Mzg2MDUsImlzcyI6IjE2ODY5MTM0MDUifQ.9iNHTJ4fKgomcv-0UuWXkRNdUwZxCAbKErUNieYGu8A
2023/06/16 19:03:34 admin_perm_controller.go:50: [32m[INFO][0m [trace_id=1686913414166325100] [CheckAuth Controller] end***  result:  check ok
2023/06/16 19:03:34 admin_course_edit_controller.go:16: [32m[INFO][0m [trace_id=1686913414166325100] [CourseAll Controller] start***
2023/06/16 19:03:34 admin_course_edit_controller.go:33: [32m[INFO][0m [trace_id=1686913414166325100] [CourseAll Controller] end***  result:  res=[{ID:1 Title:å‘åŠ¨æœºä¼ åŠ¨è½´å®è®­è¯¾ Desc:å‘åŠ¨æœºä¼ åŠ¨è½´åœ¨æ±½è½¦ä¼ åŠ¨è¿‡ç¨‹ä¸­æœ€é‡è¦ã€è½½è·æœ€å¤§ã€ä»·æ ¼æœ€ æ˜‚è´µçš„é›¶ä»¶ä¹‹ä¸€ï¼Œåœ¨å·¥ä½œè¿‡ç¨‹ä¸­ï¼Œä¼šå—åˆ°æ´»å¡æ†çš„è½½è·å’Œå·¥ä½œè½¬é€Ÿå¼•èµ·çš„ç¦»å...
2023/06/16 19:03:36 admin_perm_controller.go:27: [32m[INFO][0m [trace_id=1686913416035132200] [CheckAuth Controller] Start /admin/student/all,token:eyJhbGciOiJIUzI1NiIsInR5cCI6IkpXVCJ9.eyJ1c2VyX25hbWUiOiJhZG1pbjEiLCJleHAiOjE2ODY5Mzg2MDUsImlzcyI6IjE2ODY5MTM0MDUifQ.9iNHTJ4fKgomcv-0UuWXkRNdUwZxCAbKErUNieYGu8A
2023/06/16 19:03:36 admin_perm_controller.go:50: [32m[INFO][0m [trace_id=1686913416035132200] [CheckAuth Controller] end***  result:  check ok
2023/06/16 19:03:36 admin_user_controller.go:98: [32m[INFO][0m [trace_id=1686913416035132200] [AllUser Controller] start***
2023/06/16 19:03:36 admin_user_controller.go:112: [32m[INFO][0m [trace_id=1686913416035132200] [AllUser Controller] end***  result:  res=[{LoginID:abc Name:abc Password:abc OrganizationID:0} {LoginID:123 Name:lxg1 Password:123 OrganizationID:0} {LoginID:a1 Name:admin Password:admin OrganizationID:44} {LoginID:33 Name:33 Password:33 OrganizationID:3} {LoginID:78 ...
2023/06/16 19:03:37 admin_perm_controller.go:27: [32m[INFO][0m [trace_id=1686913417135513900] [CheckAuth Controller] Start /admin/teacher/all,token:eyJhbGciOiJIUzI1NiIsInR5cCI6IkpXVCJ9.eyJ1c2VyX25hbWUiOiJhZG1pbjEiLCJleHAiOjE2ODY5Mzg2MDUsImlzcyI6IjE2ODY5MTM0MDUifQ.9iNHTJ4fKgomcv-0UuWXkRNdUwZxCAbKErUNieYGu8A
2023/06/16 19:03:37 admin_perm_controller.go:50: [32m[INFO][0m [trace_id=1686913417135513900] [CheckAuth Controller] end***  result:  check ok
2023/06/16 19:03:37 admin_user_controller.go:197: [32m[INFO][0m [trace_id=1686913417135513900] [AllTeacher Controller] start***
2023/06/16 19:03:37 admin_user_controller.go:211: [32m[INFO][0m [trace_id=1686913417135513900] [AllTeacher Controller] end***  result:  res=[{LoginID:14 Name:111 Password:11 OrganizationID:11 Introduce:1111} {LoginID:å¤‡æŒ‰æ˜¯æ¥ Name:å¤‡æŒ‰æ˜¯æ¥ Password:1111 OrganizationID:11 Introduce:0} {LoginID:äº‘é“æ•™è‚² Name:äº‘é“æ•™è‚² Password: OrganizationID:0 Intr...
2023/06/16 19:03:38 admin_perm_controller.go:27: [32m[INFO][0m [trace_id=1686913418302477400] [CheckAuth Controller] Start /admin/news/banner/all,token:eyJhbGciOiJIUzI1NiIsInR5cCI6IkpXVCJ9.eyJ1c2VyX25hbWUiOiJhZG1pbjEiLCJleHAiOjE2ODY5Mzg2MDUsImlzcyI6IjE2ODY5MTM0MDUifQ.9iNHTJ4fKgomcv-0UuWXkRNdUwZxCAbKErUNieYGu8A
2023/06/16 19:03:38 admin_perm_controller.go:50: [32m[INFO][0m [trace_id=1686913418302477400] [CheckAuth Controller] end***  result:  check ok
2023/06/16 19:03:38 admin_perm_controller.go:27: [32m[INFO][0m [trace_id=1686913418303156600] [CheckAuth Controller] Start /admin/news/all,token:eyJhbGciOiJIUzI1NiIsInR5cCI6IkpXVCJ9.eyJ1c2VyX25hbWUiOiJhZG1pbjEiLCJleHAiOjE2ODY5Mzg2MDUsImlzcyI6IjE2ODY5MTM0MDUifQ.9iNHTJ4fKgomcv-0UuWXkRNdUwZxCAbKErUNieYGu8A
2023/06/16 19:03:38 admin_perm_controller.go:50: [32m[INFO][0m [trace_id=1686913418303156600] [CheckAuth Controller] end***  result:  check ok
2023/06/16 19:03:38 admin_news_edit_controller.go:123: [32m[INFO][0m [trace_id=1686913418303156600] [NewsTitleALL Controller] start***
2023/06/16 19:03:38 admin_news_edit_controller.go:138: [32m[INFO][0m [trace_id=1686913418303156600] [NewsTitleAll Controller] end***  result:  res=[{NewsID:109 Title:231 Date:2023-06-14 17:26:33 Author:admin1} {NewsID:5 Title:æ–°é—»é€šçŸ¥4 Date:2023-03-15 17:39:45 Author:admin} {NewsID:4 Title:æ–°é—»é€šçŸ¥4 Date:2023-03-15 17:39:44 Author:admin} {NewsID:2 Title:æ–°é—...
2023/06/16 19:03:38 admin_news_edit_controller.go:157: [32m[INFO][0m [trace_id=1686913418302477400] [NewsBannerAll Controller] end***  result:  res=[{NewsID:110 PictureUrl:http://127.0.0.1:8060/uploads/20230614092713419075400f796e8.png Title:bbb Date:2023-06-14 17:27:15 Author:admin1} {NewsID:3 PictureUrl:http://127.0.0.1:8060/resource/image/4.webp Title:æ–°é—»é€šçŸ¥...
2023/06/16 19:03:39 admin_perm_controller.go:27: [32m[INFO][0m [trace_id=1686913419326547100] [CheckAuth Controller] Start /admin/learning/all,token:eyJhbGciOiJIUzI1NiIsInR5cCI6IkpXVCJ9.eyJ1c2VyX25hbWUiOiJhZG1pbjEiLCJleHAiOjE2ODY5Mzg2MDUsImlzcyI6IjE2ODY5MTM0MDUifQ.9iNHTJ4fKgomcv-0UuWXkRNdUwZxCAbKErUNieYGu8A
2023/06/16 19:03:39 admin_perm_controller.go:27: [32m[INFO][0m [trace_id=1686913419326547100] [CheckAuth Controller] Start /admin/learning/category/all,token:eyJhbGciOiJIUzI1NiIsInR5cCI6IkpXVCJ9.eyJ1c2VyX25hbWUiOiJhZG1pbjEiLCJleHAiOjE2ODY5Mzg2MDUsImlzcyI6IjE2ODY5MTM0MDUifQ.9iNHTJ4fKgomcv-0UuWXkRNdUwZxCAbKErUNieYGu8A
2023/06/16 19:03:39 admin_perm_controller.go:50: [32m[INFO][0m [trace_id=1686913419326547100] [CheckAuth Controller] end***  result:  check ok
2023/06/16 19:03:39 admin_learning_edit_controller.go:15: [32m[INFO][0m [trace_id=1686913419326547100] [LearningAll Controller] start***
2023/06/16 19:03:39 admin_perm_controller.go:50: [32m[INFO][0m [trace_id=1686913419326547100] [CheckAuth Controller] end***  result:  check ok
2023/06/16 19:03:39 admin_learning_edit_controller.go:138: [32m[INFO][0m [trace_id=1686913419326547100] [LearningCategory Controller] start***
2023/06/16 19:03:39 admin_learning_edit_controller.go:148: [32m[INFO][0m [trace_id=1686913419326547100] [LearningCategory Controller] end***  result:  res=[{ID:15 Title:11111 Desc:cil111111111lum 111111111111111111111111111111111} {ID:3 Title:è¿›é˜¶è§†é¢‘ Desc:è¿›é˜¶è§†é¢‘è¿›é˜¶è§†é¢‘è¿›é˜¶è§†é¢‘} {ID:4 Title:é«˜çº§è§†é¢‘ Desc:é«˜çº§è§†é¢‘é«˜çº§è§†é¢‘é«˜çº§è§†é¢‘} {ID:2 ...
2023/06/16 19:03:39 admin_learning_edit_controller.go:29: [32m[INFO][0m [trace_id=1686913419326547100] [LearningAll Controller] end***  result:  res=[{ID:20 Title:ä½†å†µé¢å†…æ°”åº”çœ‹ Desc:elit Author:Lorem ex qui cillum PictureUrl: Category:} {ID:19 Title:1111 Desc:1111111111111111 Author:222 PictureUrl: Category:} {ID:5 Title:æ•°å­—åŒ–ä»¿çœŸèµ‹èƒ½é«˜æ ¡äººæ‰åŸ¹å…» D...
2023/06/16 19:03:40 admin_perm_controller.go:27: [32m[INFO][0m [trace_id=1686913420172080900] [CheckAuth Controller] Start /admin/course/all,token:eyJhbGciOiJIUzI1NiIsInR5cCI6IkpXVCJ9.eyJ1c2VyX25hbWUiOiJhZG1pbjEiLCJleHAiOjE2ODY5Mzg2MDUsImlzcyI6IjE2ODY5MTM0MDUifQ.9iNHTJ4fKgomcv-0UuWXkRNdUwZxCAbKErUNieYGu8A
2023/06/16 19:03:40 admin_perm_controller.go:50: [32m[INFO][0m [trace_id=1686913420172080900] [CheckAuth Controller] end***  result:  check ok
2023/06/16 19:03:40 admin_course_edit_controller.go:16: [32m[INFO][0m [trace_id=1686913420172080900] [CourseAll Controller] start***
2023/06/16 19:03:40 admin_course_edit_controller.go:33: [32m[INFO][0m [trace_id=1686913420172080900] [CourseAll Controller] end***  result:  res=[{ID:1 Title:å‘åŠ¨æœºä¼ åŠ¨è½´å®è®­è¯¾ Desc:å‘åŠ¨æœºä¼ åŠ¨è½´åœ¨æ±½è½¦ä¼ åŠ¨è¿‡ç¨‹ä¸­æœ€é‡è¦ã€è½½è·æœ€å¤§ã€ä»·æ ¼æœ€ æ˜‚è´µçš„é›¶ä»¶ä¹‹ä¸€ï¼Œåœ¨å·¥ä½œè¿‡ç¨‹ä¸­ï¼Œä¼šå—åˆ°æ´»å¡æ†çš„è½½è·å’Œå·¥ä½œè½¬é€Ÿå¼•èµ·çš„ç¦»å...
2023/06/16 19:03:58 admin_perm_controller.go:27: [32m[INFO][0m [trace_id=1686913438145992300] [CheckAuth Controller] Start /admin/news/banner/all,token:eyJhbGciOiJIUzI1NiIsInR5cCI6IkpXVCJ9.eyJ1c2VyX25hbWUiOiJhZG1pbjEiLCJleHAiOjE2ODY5Mzg2MDUsImlzcyI6IjE2ODY5MTM0MDUifQ.9iNHTJ4fKgomcv-0UuWXkRNdUwZxCAbKErUNieYGu8A
2023/06/16 19:03:58 admin_perm_controller.go:27: [32m[INFO][0m [trace_id=1686913438145992300] [CheckAuth Controller] Start /admin/news/all,token:eyJhbGciOiJIUzI1NiIsInR5cCI6IkpXVCJ9.eyJ1c2VyX25hbWUiOiJhZG1pbjEiLCJleHAiOjE2ODY5Mzg2MDUsImlzcyI6IjE2ODY5MTM0MDUifQ.9iNHTJ4fKgomcv-0UuWXkRNdUwZxCAbKErUNieYGu8A
2023/06/16 19:03:58 admin_perm_controller.go:50: [32m[INFO][0m [trace_id=1686913438145992300] [CheckAuth Controller] end***  result:  check ok
2023/06/16 19:03:58 admin_perm_controller.go:50: [32m[INFO][0m [trace_id=1686913438145992300] [CheckAuth Controller] end***  result:  check ok
2023/06/16 19:03:58 admin_news_edit_controller.go:123: [32m[INFO][0m [trace_id=1686913438145992300] [NewsTitleALL Controller] start***
2023/06/16 19:03:58 admin_news_edit_controller.go:138: [32m[INFO][0m [trace_id=1686913438145992300] [NewsTitleAll Controller] end***  result:  res=[{NewsID:109 Title:231 Date:2023-06-14 17:26:33 Author:admin1} {NewsID:5 Title:æ–°é—»é€šçŸ¥4 Date:2023-03-15 17:39:45 Author:admin} {NewsID:4 Title:æ–°é—»é€šçŸ¥4 Date:2023-03-15 17:39:44 Author:admin} {NewsID:2 Title:æ–°é—...
2023/06/16 19:03:58 admin_news_edit_controller.go:157: [32m[INFO][0m [trace_id=1686913438145992300] [NewsBannerAll Controller] end***  result:  res=[{NewsID:110 PictureUrl:http://127.0.0.1:8060/uploads/20230614092713419075400f796e8.png Title:bbb Date:2023-06-14 17:27:15 Author:admin1} {NewsID:3 PictureUrl:http://127.0.0.1:8060/resource/image/4.webp Title:æ–°é—»é€šçŸ¥...
2023/06/16 19:04:00 admin_perm_controller.go:27: [32m[INFO][0m [trace_id=1686913440196043700] [CheckAuth Controller] Start /admin/learning/all,token:eyJhbGciOiJIUzI1NiIsInR5cCI6IkpXVCJ9.eyJ1c2VyX25hbWUiOiJhZG1pbjEiLCJleHAiOjE2ODY5Mzg2MDUsImlzcyI6IjE2ODY5MTM0MDUifQ.9iNHTJ4fKgomcv-0UuWXkRNdUwZxCAbKErUNieYGu8A
2023/06/16 19:04:00 admin_perm_controller.go:27: [32m[INFO][0m [trace_id=1686913440196043700] [CheckAuth Controller] Start /admin/learning/category/all,token:eyJhbGciOiJIUzI1NiIsInR5cCI6IkpXVCJ9.eyJ1c2VyX25hbWUiOiJhZG1pbjEiLCJleHAiOjE2ODY5Mzg2MDUsImlzcyI6IjE2ODY5MTM0MDUifQ.9iNHTJ4fKgomcv-0UuWXkRNdUwZxCAbKErUNieYGu8A
2023/06/16 19:04:00 admin_perm_controller.go:50: [32m[INFO][0m [trace_id=1686913440196043700] [CheckAuth Controller] end***  result:  check ok
2023/06/16 19:04:00 admin_perm_controller.go:50: [32m[INFO][0m [trace_id=1686913440196043700] [CheckAuth Controller] end***  result:  check ok
2023/06/16 19:04:00 admin_learning_edit_controller.go:15: [32m[INFO][0m [trace_id=1686913440196043700] [LearningAll Controller] start***
2023/06/16 19:04:00 admin_learning_edit_controller.go:138: [32m[INFO][0m [trace_id=1686913440196043700] [LearningCategory Controller] start***
2023/06/16 19:04:00 admin_learning_edit_controller.go:148: [32m[INFO][0m [trace_id=1686913440196043700] [LearningCategory Controller] end***  result:  res=[{ID:15 Title:11111 Desc:cil111111111lum 111111111111111111111111111111111} {ID:3 Title:è¿›é˜¶è§†é¢‘ Desc:è¿›é˜¶è§†é¢‘è¿›é˜¶è§†é¢‘è¿›é˜¶è§†é¢‘} {ID:4 Title:é«˜çº§è§†é¢‘ Desc:é«˜çº§è§†é¢‘é«˜çº§è§†é¢‘é«˜çº§è§†é¢‘} {ID:2 ...
2023/06/16 19:04:00 admin_learning_edit_controller.go:29: [32m[INFO][0m [trace_id=1686913440196043700] [LearningAll Controller] end***  result:  res=[{ID:20 Title:ä½†å†µé¢å†…æ°”åº”çœ‹ Desc:elit Author:Lorem ex qui cillum PictureUrl: Category:} {ID:19 Title:1111 Desc:1111111111111111 Author:222 PictureUrl: Category:} {ID:5 Title:æ•°å­—åŒ–ä»¿çœŸèµ‹èƒ½é«˜æ ¡äººæ‰åŸ¹å…» D...
2023/06/16 19:04:01 admin_perm_controller.go:27: [32m[INFO][0m [trace_id=1686913441401707100] [CheckAuth Controller] Start /admin/news/banner/all,token:eyJhbGciOiJIUzI1NiIsInR5cCI6IkpXVCJ9.eyJ1c2VyX25hbWUiOiJhZG1pbjEiLCJleHAiOjE2ODY5Mzg2MDUsImlzcyI6IjE2ODY5MTM0MDUifQ.9iNHTJ4fKgomcv-0UuWXkRNdUwZxCAbKErUNieYGu8A
2023/06/16 19:04:01 admin_perm_controller.go:27: [32m[INFO][0m [trace_id=1686913441401707100] [CheckAuth Controller] Start /admin/news/all,token:eyJhbGciOiJIUzI1NiIsInR5cCI6IkpXVCJ9.eyJ1c2VyX25hbWUiOiJhZG1pbjEiLCJleHAiOjE2ODY5Mzg2MDUsImlzcyI6IjE2ODY5MTM0MDUifQ.9iNHTJ4fKgomcv-0UuWXkRNdUwZxCAbKErUNieYGu8A
2023/06/16 19:04:01 admin_perm_controller.go:50: [32m[INFO][0m [trace_id=1686913441401707100] [CheckAuth Controller] end***  result:  check ok
2023/06/16 19:04:01 admin_perm_controller.go:50: [32m[INFO][0m [trace_id=1686913441401707100] [CheckAuth Controller] end***  result:  check ok
2023/06/16 19:04:01 admin_news_edit_controller.go:123: [32m[INFO][0m [trace_id=1686913441401707100] [NewsTitleALL Controller] start***
2023/06/16 19:04:01 admin_news_edit_controller.go:138: [32m[INFO][0m [trace_id=1686913441401707100] [NewsTitleAll Controller] end***  result:  res=[{NewsID:109 Title:231 Date:2023-06-14 17:26:33 Author:admin1} {NewsID:5 Title:æ–°é—»é€šçŸ¥4 Date:2023-03-15 17:39:45 Author:admin} {NewsID:4 Title:æ–°é—»é€šçŸ¥4 Date:2023-03-15 17:39:44 Author:admin} {NewsID:2 Title:æ–°é—...
2023/06/16 19:04:01 admin_news_edit_controller.go:157: [32m[INFO][0m [trace_id=1686913441401707100] [NewsBannerAll Controller] end***  result:  res=[{NewsID:110 PictureUrl:http://127.0.0.1:8060/uploads/20230614092713419075400f796e8.png Title:bbb Date:2023-06-14 17:27:15 Author:admin1} {NewsID:3 PictureUrl:http://127.0.0.1:8060/resource/image/4.webp Title:æ–°é—»é€šçŸ¥...
2023/06/16 19:04:01 admin_perm_controller.go:27: [32m[INFO][0m [trace_id=1686913441884895500] [CheckAuth Controller] Start /admin/teacher/all,token:eyJhbGciOiJIUzI1NiIsInR5cCI6IkpXVCJ9.eyJ1c2VyX25hbWUiOiJhZG1pbjEiLCJleHAiOjE2ODY5Mzg2MDUsImlzcyI6IjE2ODY5MTM0MDUifQ.9iNHTJ4fKgomcv-0UuWXkRNdUwZxCAbKErUNieYGu8A
2023/06/16 19:04:01 admin_perm_controller.go:50: [32m[INFO][0m [trace_id=1686913441884895500] [CheckAuth Controller] end***  result:  check ok
2023/06/16 19:04:01 admin_user_controller.go:197: [32m[INFO][0m [trace_id=1686913441884895500] [AllTeacher Controller] start***
2023/06/16 19:04:01 admin_user_controller.go:211: [32m[INFO][0m [trace_id=1686913441884895500] [AllTeacher Controller] end***  result:  res=[{LoginID:14 Name:111 Password:11 OrganizationID:11 Introduce:1111} {LoginID:å¤‡æŒ‰æ˜¯æ¥ Name:å¤‡æŒ‰æ˜¯æ¥ Password:1111 OrganizationID:11 Introduce:0} {LoginID:äº‘é“æ•™è‚² Name:äº‘é“æ•™è‚² Password: OrganizationID:0 Intr...
2023/06/16 19:04:02 admin_perm_controller.go:27: [32m[INFO][0m [trace_id=1686913442248513800] [CheckAuth Controller] Start /admin/student/all,token:eyJhbGciOiJIUzI1NiIsInR5cCI6IkpXVCJ9.eyJ1c2VyX25hbWUiOiJhZG1pbjEiLCJleHAiOjE2ODY5Mzg2MDUsImlzcyI6IjE2ODY5MTM0MDUifQ.9iNHTJ4fKgomcv-0UuWXkRNdUwZxCAbKErUNieYGu8A
2023/06/16 19:04:02 admin_perm_controller.go:50: [32m[INFO][0m [trace_id=1686913442248513800] [CheckAuth Controller] end***  result:  check ok
2023/06/16 19:04:02 admin_user_controller.go:98: [32m[INFO][0m [trace_id=1686913442248513800] [AllUser Controller] start***
2023/06/16 19:04:02 admin_user_controller.go:112: [32m[INFO][0m [trace_id=1686913442248513800] [AllUser Controller] end***  result:  res=[{LoginID:abc Name:abc Password:abc OrganizationID:0} {LoginID:123 Name:lxg1 Password:123 OrganizationID:0} {LoginID:a1 Name:admin Password:admin OrganizationID:44} {LoginID:33 Name:33 Password:33 OrganizationID:3} {LoginID:78 ...
2023/06/16 19:04:03 admin_perm_controller.go:27: [32m[INFO][0m [trace_id=1686913443804779800] [CheckAuth Controller] Start /admin/course/all,token:eyJhbGciOiJIUzI1NiIsInR5cCI6IkpXVCJ9.eyJ1c2VyX25hbWUiOiJhZG1pbjEiLCJleHAiOjE2ODY5Mzg2MDUsImlzcyI6IjE2ODY5MTM0MDUifQ.9iNHTJ4fKgomcv-0UuWXkRNdUwZxCAbKErUNieYGu8A
2023/06/16 19:04:03 admin_perm_controller.go:50: [32m[INFO][0m [trace_id=1686913443804779800] [CheckAuth Controller] end***  result:  check ok
2023/06/16 19:04:03 admin_course_edit_controller.go:16: [32m[INFO][0m [trace_id=1686913443804779800] [CourseAll Controller] start***
2023/06/16 19:04:03 admin_course_edit_controller.go:33: [32m[INFO][0m [trace_id=1686913443804779800] [CourseAll Controller] end***  result:  res=[{ID:1 Title:å‘åŠ¨æœºä¼ åŠ¨è½´å®è®­è¯¾ Desc:å‘åŠ¨æœºä¼ åŠ¨è½´åœ¨æ±½è½¦ä¼ åŠ¨è¿‡ç¨‹ä¸­æœ€é‡è¦ã€è½½è·æœ€å¤§ã€ä»·æ ¼æœ€ æ˜‚è´µçš„é›¶ä»¶ä¹‹ä¸€ï¼Œåœ¨å·¥ä½œè¿‡ç¨‹ä¸­ï¼Œä¼šå—åˆ°æ´»å¡æ†çš„è½½è·å’Œå·¥ä½œè½¬é€Ÿå¼•èµ·çš„ç¦»å...
2023/06/16 19:05:10 admin_perm_controller.go:27: [32m[INFO][0m [trace_id=1686913510317135700] [CheckAuth Controller] Start /admin/course/all,token:eyJhbGciOiJIUzI1NiIsInR5cCI6IkpXVCJ9.eyJ1c2VyX25hbWUiOiJhZG1pbjEiLCJleHAiOjE2ODY5Mzg2MDUsImlzcyI6IjE2ODY5MTM0MDUifQ.9iNHTJ4fKgomcv-0UuWXkRNdUwZxCAbKErUNieYGu8A
2023/06/16 19:05:10 admin_perm_controller.go:50: [32m[INFO][0m [trace_id=1686913510317135700] [CheckAuth Controller] end***  result:  check ok
2023/06/16 19:05:10 admin_course_edit_controller.go:16: [32m[INFO][0m [trace_id=1686913510317135700] [CourseAll Controller] start***
2023/06/16 19:05:10 admin_course_edit_controller.go:33: [32m[INFO][0m [trace_id=1686913510317135700] [CourseAll Controller] end***  result:  res=[{ID:1 Title:å‘åŠ¨æœºä¼ åŠ¨è½´å®è®­è¯¾ Desc:å‘åŠ¨æœºä¼ åŠ¨è½´åœ¨æ±½è½¦ä¼ åŠ¨è¿‡ç¨‹ä¸­æœ€é‡è¦ã€è½½è·æœ€å¤§ã€ä»·æ ¼æœ€ æ˜‚è´µçš„é›¶ä»¶ä¹‹ä¸€ï¼Œåœ¨å·¥ä½œè¿‡ç¨‹ä¸­ï¼Œä¼šå—åˆ°æ´»å¡æ†çš„è½½è·å’Œå·¥ä½œè½¬é€Ÿå¼•èµ·çš„ç¦»å...
2023/06/16 19:05:11 admin_perm_controller.go:27: [32m[INFO][0m [trace_id=1686913511482182900] [CheckAuth Controller] Start /admin/student/all,token:eyJhbGciOiJIUzI1NiIsInR5cCI6IkpXVCJ9.eyJ1c2VyX25hbWUiOiJhZG1pbjEiLCJleHAiOjE2ODY5Mzg2MDUsImlzcyI6IjE2ODY5MTM0MDUifQ.9iNHTJ4fKgomcv-0UuWXkRNdUwZxCAbKErUNieYGu8A
2023/06/16 19:05:11 admin_perm_controller.go:50: [32m[INFO][0m [trace_id=1686913511482182900] [CheckAuth Controller] end***  result:  check ok
2023/06/16 19:05:11 admin_user_controller.go:98: [32m[INFO][0m [trace_id=1686913511482182900] [AllUser Controller] start***
2023/06/16 19:05:11 admin_user_controller.go:112: [32m[INFO][0m [trace_id=1686913511482182900] [AllUser Controller] end***  result:  res=[{LoginID:abc Name:abc Password:abc OrganizationID:0} {LoginID:123 Name:lxg1 Password:123 OrganizationID:0} {LoginID:a1 Name:admin Password:admin OrganizationID:44} {LoginID:33 Name:33 Password:33 OrganizationID:3} {LoginID:78 ...
2023/06/16 19:05:12 admin_perm_controller.go:27: [32m[INFO][0m [trace_id=1686913512116161000] [CheckAuth Controller] Start /admin/teacher/all,token:eyJhbGciOiJIUzI1NiIsInR5cCI6IkpXVCJ9.eyJ1c2VyX25hbWUiOiJhZG1pbjEiLCJleHAiOjE2ODY5Mzg2MDUsImlzcyI6IjE2ODY5MTM0MDUifQ.9iNHTJ4fKgomcv-0UuWXkRNdUwZxCAbKErUNieYGu8A
2023/06/16 19:05:12 admin_perm_controller.go:50: [32m[INFO][0m [trace_id=1686913512116161000] [CheckAuth Controller] end***  result:  check ok
2023/06/16 19:05:12 admin_user_controller.go:197: [32m[INFO][0m [trace_id=1686913512116161000] [AllTeacher Controller] start***
2023/06/16 19:05:12 admin_user_controller.go:211: [32m[INFO][0m [trace_id=1686913512116161000] [AllTeacher Controller] end***  result:  res=[{LoginID:14 Name:111 Password:11 OrganizationID:11 Introduce:1111} {LoginID:å¤‡æŒ‰æ˜¯æ¥ Name:å¤‡æŒ‰æ˜¯æ¥ Password:1111 OrganizationID:11 Introduce:0} {LoginID:äº‘é“æ•™è‚² Name:äº‘é“æ•™è‚² Password: OrganizationID:0 Intr...
2023/06/16 19:05:14 admin_perm_controller.go:27: [32m[INFO][0m [trace_id=1686913514102323900] [CheckAuth Controller] Start /admin/news/banner/all,token:eyJhbGciOiJIUzI1NiIsInR5cCI6IkpXVCJ9.eyJ1c2VyX25hbWUiOiJhZG1pbjEiLCJleHAiOjE2ODY5Mzg2MDUsImlzcyI6IjE2ODY5MTM0MDUifQ.9iNHTJ4fKgomcv-0UuWXkRNdUwZxCAbKErUNieYGu8A
2023/06/16 19:05:14 admin_perm_controller.go:27: [32m[INFO][0m [trace_id=1686913514102323900] [CheckAuth Controller] Start /admin/news/all,token:eyJhbGciOiJIUzI1NiIsInR5cCI6IkpXVCJ9.eyJ1c2VyX25hbWUiOiJhZG1pbjEiLCJleHAiOjE2ODY5Mzg2MDUsImlzcyI6IjE2ODY5MTM0MDUifQ.9iNHTJ4fKgomcv-0UuWXkRNdUwZxCAbKErUNieYGu8A
2023/06/16 19:05:14 admin_perm_controller.go:50: [32m[INFO][0m [trace_id=1686913514102323900] [CheckAuth Controller] end***  result:  check ok
2023/06/16 19:05:14 admin_perm_controller.go:50: [32m[INFO][0m [trace_id=1686913514102323900] [CheckAuth Controller] end***  result:  check ok
2023/06/16 19:05:14 admin_news_edit_controller.go:123: [32m[INFO][0m [trace_id=1686913514102323900] [NewsTitleALL Controller] start***
2023/06/16 19:05:14 admin_news_edit_controller.go:138: [32m[INFO][0m [trace_id=1686913514102323900] [NewsTitleAll Controller] end***  result:  res=[{NewsID:109 Title:231 Date:2023-06-14 17:26:33 Author:admin1} {NewsID:5 Title:æ–°é—»é€šçŸ¥4 Date:2023-03-15 17:39:45 Author:admin} {NewsID:4 Title:æ–°é—»é€šçŸ¥4 Date:2023-03-15 17:39:44 Author:admin} {NewsID:2 Title:æ–°é—...
2023/06/16 19:05:14 admin_news_edit_controller.go:157: [32m[INFO][0m [trace_id=1686913514102323900] [NewsBannerAll Controller] end***  result:  res=[{NewsID:110 PictureUrl:http://127.0.0.1:8060/uploads/20230614092713419075400f796e8.png Title:bbb Date:2023-06-14 17:27:15 Author:admin1} {NewsID:3 PictureUrl:http://127.0.0.1:8060/resource/image/4.webp Title:æ–°é—»é€šçŸ¥...
2023/06/16 19:05:20 admin_perm_controller.go:27: [32m[INFO][0m [trace_id=1686913520251999900] [CheckAuth Controller] Start /admin/learning/all,token:eyJhbGciOiJIUzI1NiIsInR5cCI6IkpXVCJ9.eyJ1c2VyX25hbWUiOiJhZG1pbjEiLCJleHAiOjE2ODY5Mzg2MDUsImlzcyI6IjE2ODY5MTM0MDUifQ.9iNHTJ4fKgomcv-0UuWXkRNdUwZxCAbKErUNieYGu8A
2023/06/16 19:05:20 admin_perm_controller.go:50: [32m[INFO][0m [trace_id=1686913520251999900] [CheckAuth Controller] end***  result:  check ok
2023/06/16 19:05:20 admin_learning_edit_controller.go:15: [32m[INFO][0m [trace_id=1686913520251999900] [LearningAll Controller] start***
2023/06/16 19:05:20 admin_perm_controller.go:27: [32m[INFO][0m [trace_id=1686913520253882600] [CheckAuth Controller] Start /admin/learning/category/all,token:eyJhbGciOiJIUzI1NiIsInR5cCI6IkpXVCJ9.eyJ1c2VyX25hbWUiOiJhZG1pbjEiLCJleHAiOjE2ODY5Mzg2MDUsImlzcyI6IjE2ODY5MTM0MDUifQ.9iNHTJ4fKgomcv-0UuWXkRNdUwZxCAbKErUNieYGu8A
2023/06/16 19:05:20 admin_perm_controller.go:50: [32m[INFO][0m [trace_id=1686913520253882600] [CheckAuth Controller] end***  result:  check ok
2023/06/16 19:05:20 admin_learning_edit_controller.go:138: [32m[INFO][0m [trace_id=1686913520253882600] [LearningCategory Controller] start***
2023/06/16 19:05:20 admin_learning_edit_controller.go:148: [32m[INFO][0m [trace_id=1686913520253882600] [LearningCategory Controller] end***  result:  res=[{ID:15 Title:11111 Desc:cil111111111lum 111111111111111111111111111111111} {ID:3 Title:è¿›é˜¶è§†é¢‘ Desc:è¿›é˜¶è§†é¢‘è¿›é˜¶è§†é¢‘è¿›é˜¶è§†é¢‘} {ID:4 Title:é«˜çº§è§†é¢‘ Desc:é«˜çº§è§†é¢‘é«˜çº§è§†é¢‘é«˜çº§è§†é¢‘} {ID:2 ...
2023/06/16 19:05:20 admin_learning_edit_controller.go:29: [32m[INFO][0m [trace_id=1686913520251999900] [LearningAll Controller] end***  result:  res=[{ID:20 Title:ä½†å†µé¢å†…æ°”åº”çœ‹ Desc:elit Author:Lorem ex qui cillum PictureUrl: Category:} {ID:19 Title:1111 Desc:1111111111111111 Author:222 PictureUrl: Category:} {ID:5 Title:æ•°å­—åŒ–ä»¿çœŸèµ‹èƒ½é«˜æ ¡äººæ‰åŸ¹å…» D...
2023/06/16 19:05:21 admin_perm_controller.go:27: [32m[INFO][0m [trace_id=1686913521147114700] [CheckAuth Controller] Start /admin/learning/category/all,token:eyJhbGciOiJIUzI1NiIsInR5cCI6IkpXVCJ9.eyJ1c2VyX25hbWUiOiJhZG1pbjEiLCJleHAiOjE2ODY5Mzg2MDUsImlzcyI6IjE2ODY5MTM0MDUifQ.9iNHTJ4fKgomcv-0UuWXkRNdUwZxCAbKErUNieYGu8A
2023/06/16 19:05:21 admin_perm_controller.go:50: [32m[INFO][0m [trace_id=1686913521147114700] [CheckAuth Controller] end***  result:  check ok
2023/06/16 19:05:21 admin_learning_edit_controller.go:138: [32m[INFO][0m [trace_id=1686913521147114700] [LearningCategory Controller] start***
2023/06/16 19:05:21 admin_learning_edit_controller.go:148: [32m[INFO][0m [trace_id=1686913521147114700] [LearningCategory Controller] end***  result:  res=[{ID:15 Title:11111 Desc:cil111111111lum 111111111111111111111111111111111} {ID:3 Title:è¿›é˜¶è§†é¢‘ Desc:è¿›é˜¶è§†é¢‘è¿›é˜¶è§†é¢‘è¿›é˜¶è§†é¢‘} {ID:4 Title:é«˜çº§è§†é¢‘ Desc:é«˜çº§è§†é¢‘é«˜çº§è§†é¢‘é«˜çº§è§†é¢‘} {ID:2 ...
