2023/06/14 16:01:03 admin_perm_service.go:51: [36m[DEBUG][0m newTokenStr:eyJhbGciOiJIUzI1NiIsInR5cCI6IkpXVCJ9.eyJ1c2VyX25hbWUiOiJhZG1pbiIsImV4cCI6MTY4NjczMzI2MywiaXNzIjoiMTY4NjcyOTY2MyJ9.Fnv9eSFFkPVYTZqy9BjLpjRWVUXrQD6Bu35TvOcsbLo
2023/06/14 16:01:03 admin_perm_service.go:68: [36m[DEBUG][0m tokenStr:eyJhbGciOiJIUzI1NiIsInR5cCI6IkpXVCJ9.eyJ1c2VyX25hbWUiOiJhZG1pbiIsImV4cCI6MTY4NjczMzI2MywiaXNzIjoiMTY4NjcyOTY2MyJ9.Fnv9eSFFkPVYTZqy9BjLpjRWVUXrQD6Bu35TvOcsbLo,&{10000 %!d(string=登录成功)}
2023/06/14 16:01:06 admin_perm_service.go:44: [36m[DEBUG][0m oldTokenStr:eyJhbGciOiJIUzI1NiIsInR5cCI6IkpXVCJ9.eyJ1c2VyX25hbWUiOiJhZG1pbiIsImV4cCI6MTY4NjczMzI2MywiaXNzIjoiMTY4NjcyOTY2MyJ9.Fnv9eSFFkPVYTZqy9BjLpjRWVUXrQD6Bu35TvOcsbLo
2023/06/14 16:01:06 admin_perm_service.go:51: [36m[DEBUG][0m newTokenStr:eyJhbGciOiJIUzI1NiIsInR5cCI6IkpXVCJ9.eyJ1c2VyX25hbWUiOiJhZG1pbiIsImV4cCI6MTY4NjczMzI2NiwiaXNzIjoiMTY4NjcyOTY2NiJ9.pwdRssMZjoVPrgu_f0WD0DNn3asl4B6Fgu5ei23bJlk
2023/06/14 16:01:06 admin_perm_service.go:68: [36m[DEBUG][0m tokenStr:eyJhbGciOiJIUzI1NiIsInR5cCI6IkpXVCJ9.eyJ1c2VyX25hbWUiOiJhZG1pbiIsImV4cCI6MTY4NjczMzI2NiwiaXNzIjoiMTY4NjcyOTY2NiJ9.pwdRssMZjoVPrgu_f0WD0DNn3asl4B6Fgu5ei23bJlk,&{10002 %!d(string=登录成功：该账号已在别处登录)}
2023/06/14 16:01:43 admin_perm_service.go:51: [36m[DEBUG][0m newTokenStr:eyJhbGciOiJIUzI1NiIsInR5cCI6IkpXVCJ9.eyJ1c2VyX25hbWUiOiJhZG1pbjEiLCJleHAiOjE2ODY3MzMzMDMsImlzcyI6IjE2ODY3Mjk3MDMifQ.BsnNpymAL1Sl0LZtAjTZnL9oEHSAPy2Si7Kqzs4hpII
2023/06/14 16:01:43 admin_perm_service.go:68: [36m[DEBUG][0m tokenStr:eyJhbGciOiJIUzI1NiIsInR5cCI6IkpXVCJ9.eyJ1c2VyX25hbWUiOiJhZG1pbjEiLCJleHAiOjE2ODY3MzMzMDMsImlzcyI6IjE2ODY3Mjk3MDMifQ.BsnNpymAL1Sl0LZtAjTZnL9oEHSAPy2Si7Kqzs4hpII,&{10000 %!d(string=登录成功)}
2023/06/14 16:13:32 admin_perm_service.go:48: [36m[DEBUG][0m newTokenStr:eyJhbGciOiJIUzI1NiIsInR5cCI6IkpXVCJ9.eyJ1c2VyX25hbWUiOiJhZG1pbiIsImV4cCI6MTY4NjczNDAxMiwiaXNzIjoiMTY4NjczMDQxMiJ9.dz7E1Aclvc8eN9O0ByZNROXBViQpdLC-eohdQLqL_c0
2023/06/14 16:13:32 admin_perm_service.go:64: [36m[DEBUG][0m tokenStr:eyJhbGciOiJIUzI1NiIsInR5cCI6IkpXVCJ9.eyJ1c2VyX25hbWUiOiJhZG1pbiIsImV4cCI6MTY4NjczNDAxMiwiaXNzIjoiMTY4NjczMDQxMiJ9.dz7E1Aclvc8eN9O0ByZNROXBViQpdLC-eohdQLqL_c0,&{10000 %!d(string=登录成功)}
2023/06/14 16:16:05 admin_perm_service.go:41: [36m[DEBUG][0m oldTokenStr:eyJhbGciOiJIUzI1NiIsInR5cCI6IkpXVCJ9.eyJ1c2VyX25hbWUiOiJhZG1pbiIsImV4cCI6MTY4NjczNDAxMiwiaXNzIjoiMTY4NjczMDQxMiJ9.dz7E1Aclvc8eN9O0ByZNROXBViQpdLC-eohdQLqL_c0
2023/06/14 16:16:05 admin_perm_service.go:48: [36m[DEBUG][0m newTokenStr:eyJhbGciOiJIUzI1NiIsInR5cCI6IkpXVCJ9.eyJ1c2VyX25hbWUiOiJhZG1pbiIsImV4cCI6MTY4NjczNDE2NSwiaXNzIjoiMTY4NjczMDU2NSJ9.u7YuHsTLNDyj51jTG5pEKI5_I-Q7TflaPiwfH9FGFqk
2023/06/14 16:16:05 admin_perm_service.go:64: [36m[DEBUG][0m tokenStr:eyJhbGciOiJIUzI1NiIsInR5cCI6IkpXVCJ9.eyJ1c2VyX25hbWUiOiJhZG1pbiIsImV4cCI6MTY4NjczNDE2NSwiaXNzIjoiMTY4NjczMDU2NSJ9.u7YuHsTLNDyj51jTG5pEKI5_I-Q7TflaPiwfH9FGFqk,&{10002 %!d(string=登录成功：该账号已在别处登录)}
2023/06/14 16:18:28 admin_perm_service.go:48: [36m[DEBUG][0m newTokenStr:eyJhbGciOiJIUzI1NiIsInR5cCI6IkpXVCJ9.eyJ1c2VyX25hbWUiOiJhZG1pbiIsImV4cCI6MTY4NjczNDMwMywiaXNzIjoiMTY4NjczMDcwMyJ9.omemBY5c3b71FJFL6cSwF22ILmNcwB3kbkvbsIBY3YE
2023/06/14 16:18:30 admin_perm_service.go:64: [36m[DEBUG][0m tokenStr:eyJhbGciOiJIUzI1NiIsInR5cCI6IkpXVCJ9.eyJ1c2VyX25hbWUiOiJhZG1pbiIsImV4cCI6MTY4NjczNDMwMywiaXNzIjoiMTY4NjczMDcwMyJ9.omemBY5c3b71FJFL6cSwF22ILmNcwB3kbkvbsIBY3YE,&{10000 %!d(string=登录成功)}
2023/06/14 16:29:30 admin_perm_service.go:48: [36m[DEBUG][0m newTokenStr:eyJhbGciOiJIUzI1NiIsInR5cCI6IkpXVCJ9.eyJ1c2VyX25hbWUiOiJhZG1pbjEiLCJleHAiOjE2ODY3MzQ5NzAsImlzcyI6IjE2ODY3MzEzNzAifQ.wEPP1_v4Lf84YEAQ6ZwaJcO4-5PHXReWX6zEdB4soaA
2023/06/14 16:29:30 admin_perm_service.go:64: [36m[DEBUG][0m tokenStr:eyJhbGciOiJIUzI1NiIsInR5cCI6IkpXVCJ9.eyJ1c2VyX25hbWUiOiJhZG1pbjEiLCJleHAiOjE2ODY3MzQ5NzAsImlzcyI6IjE2ODY3MzEzNzAifQ.wEPP1_v4Lf84YEAQ6ZwaJcO4-5PHXReWX6zEdB4soaA,&{10000 %!d(string=登录成功)}
2023/06/14 16:31:01 admin_perm_service.go:48: [36m[DEBUG][0m newTokenStr:eyJhbGciOiJIUzI1NiIsInR5cCI6IkpXVCJ9.eyJ1c2VyX25hbWUiOiJhZG1pbjEiLCJleHAiOjE2ODY3MzUwNjEsImlzcyI6IjE2ODY3MzE0NjEifQ.Xsl6juD0Emu7fag6TjaK6lefDJF7A1dLsv3NLy4GQOI
2023/06/14 16:31:01 admin_perm_service.go:64: [36m[DEBUG][0m tokenStr:eyJhbGciOiJIUzI1NiIsInR5cCI6IkpXVCJ9.eyJ1c2VyX25hbWUiOiJhZG1pbjEiLCJleHAiOjE2ODY3MzUwNjEsImlzcyI6IjE2ODY3MzE0NjEifQ.Xsl6juD0Emu7fag6TjaK6lefDJF7A1dLsv3NLy4GQOI,&{10000 %!d(string=登录成功)}
2023/06/14 16:31:25 admin_perm_service.go:41: [36m[DEBUG][0m oldTokenStr:eyJhbGciOiJIUzI1NiIsInR5cCI6IkpXVCJ9.eyJ1c2VyX25hbWUiOiJhZG1pbjEiLCJleHAiOjE2ODY3MzUwNjEsImlzcyI6IjE2ODY3MzE0NjEifQ.Xsl6juD0Emu7fag6TjaK6lefDJF7A1dLsv3NLy4GQOI
2023/06/14 16:31:25 admin_perm_service.go:48: [36m[DEBUG][0m newTokenStr:eyJhbGciOiJIUzI1NiIsInR5cCI6IkpXVCJ9.eyJ1c2VyX25hbWUiOiJhZG1pbjEiLCJleHAiOjE2ODY3MzUwODUsImlzcyI6IjE2ODY3MzE0ODUifQ.WVV0ksv0S0n6wz2T3Rtv4y6MeMJXBacI1cb0KoWsQyo
2023/06/14 16:31:25 admin_perm_service.go:64: [36m[DEBUG][0m tokenStr:eyJhbGciOiJIUzI1NiIsInR5cCI6IkpXVCJ9.eyJ1c2VyX25hbWUiOiJhZG1pbjEiLCJleHAiOjE2ODY3MzUwODUsImlzcyI6IjE2ODY3MzE0ODUifQ.WVV0ksv0S0n6wz2T3Rtv4y6MeMJXBacI1cb0KoWsQyo,&{10002 %!d(string=登录成功：该账号已在别处登录)}
2023/06/14 16:37:05 admin_perm_service.go:48: [36m[DEBUG][0m newTokenStr:eyJhbGciOiJIUzI1NiIsInR5cCI6IkpXVCJ9.eyJ1c2VyX25hbWUiOiJhZG1pbiIsImV4cCI6MTY4NjczNTQyNSwiaXNzIjoiMTY4NjczMTgyNSJ9.YnV_eljytY-GtEfkc9n-2l4o99R98BmjRWsPn6HQo6I
2023/06/14 16:37:05 admin_perm_service.go:64: [36m[DEBUG][0m tokenStr:eyJhbGciOiJIUzI1NiIsInR5cCI6IkpXVCJ9.eyJ1c2VyX25hbWUiOiJhZG1pbiIsImV4cCI6MTY4NjczNTQyNSwiaXNzIjoiMTY4NjczMTgyNSJ9.YnV_eljytY-GtEfkc9n-2l4o99R98BmjRWsPn6HQo6I,&{10000 %!d(string=登录成功)}
2023/06/14 16:59:59 admin_perm_service.go:49: [36m[DEBUG][0m newTokenStr:eyJhbGciOiJIUzI1NiIsInR5cCI6IkpXVCJ9.eyJ1c2VyX25hbWUiOiJhZG1pbiIsImV4cCI6MTY4NjczNjc5OSwiaXNzIjoiMTY4NjczMzE5OSJ9.YNIZrJLHHUWkgCEQu_U90kPqPkfztS1xqHKV3ilewHg
2023/06/14 16:59:59 admin_perm_service.go:65: [36m[DEBUG][0m tokenStr:eyJhbGciOiJIUzI1NiIsInR5cCI6IkpXVCJ9.eyJ1c2VyX25hbWUiOiJhZG1pbiIsImV4cCI6MTY4NjczNjc5OSwiaXNzIjoiMTY4NjczMzE5OSJ9.YNIZrJLHHUWkgCEQu_U90kPqPkfztS1xqHKV3ilewHg,&{10000 %!d(string=登录成功)}
