2023/06/14 16:01:03 admin_perm_controller.go:56: [32m[INFO][0m [trace_id=1686729661630683600] [adminLogin Controller] start ...
2023/06/14 16:01:03 admin_perm_controller.go:66: [32m[INFO][0m [trace_id=1686729661630683600] ---->input param: {Password:admin Name:admin Dept: IsTeacher:false}
2023/06/14 16:01:06 admin_perm_controller.go:56: [32m[INFO][0m [trace_id=1686729665956474600] [adminLogin Controller] start ...
2023/06/14 16:01:06 admin_perm_controller.go:66: [32m[INFO][0m [trace_id=1686729665956474600] ---->input param: {Password:admin Name:admin Dept: IsTeacher:false}
2023/06/14 16:01:43 admin_perm_controller.go:56: [32m[INFO][0m [trace_id=1686729703610026400] [adminLogin Controller] start ...
2023/06/14 16:01:43 admin_perm_controller.go:66: [32m[INFO][0m [trace_id=1686729703610026400] ---->input param: {Password:admin1 Name:admin1 Dept: IsTeacher:false}
2023/06/14 16:01:43 admin_perm_controller.go:27: [32m[INFO][0m [trace_id=1686729703617540100] checkAuth:%!p(string=eyJhbGciOiJIUzI1NiIsInR5cCI6IkpXVCJ9.eyJ1c2VyX25hbWUiOiJhZG1pbjEiLCJleHAiOjE2ODY3MzMzMDMsImlzcyI6IjE2ODY3Mjk3MDMifQ.BsnNpymAL1Sl0LZtAjTZnL9oEHSAPy2Si7Kqzs4hpII)
2023/06/14 16:01:43 admin_perm_controller.go:160: [32m[INFO][0m [trace_id=1686729703617540100] [admin GetUser Controller] start ...
2023/06/14 16:01:49 admin_perm_controller.go:27: [32m[INFO][0m [trace_id=1686729709377183500] checkAuth:%!p(string=eyJhbGciOiJIUzI1NiIsInR5cCI6IkpXVCJ9.eyJ1c2VyX25hbWUiOiJhZG1pbjEiLCJleHAiOjE2ODY3MzMzMDMsImlzcyI6IjE2ODY3Mjk3MDMifQ.BsnNpymAL1Sl0LZtAjTZnL9oEHSAPy2Si7Kqzs4hpII)
2023/06/14 16:01:49 admin_course_edit_controller.go:17: [32m[INFO][0m [trace_id=1686729709377183500] [Admin CourseAll Controller] start ...
2023/06/14 16:01:51 admin_perm_controller.go:27: [32m[INFO][0m [trace_id=1686729711438699900] checkAuth:%!p(string=eyJhbGciOiJIUzI1NiIsInR5cCI6IkpXVCJ9.eyJ1c2VyX25hbWUiOiJhZG1pbjEiLCJleHAiOjE2ODY3MzMzMDMsImlzcyI6IjE2ODY3Mjk3MDMifQ.BsnNpymAL1Sl0LZtAjTZnL9oEHSAPy2Si7Kqzs4hpII)
2023/06/14 16:01:51 admin_user_controller.go:205: [32m[INFO][0m [trace_id=1686729711438699900] [admin AllTeacher Controller] start ...
2023/06/14 16:01:59 admin_perm_controller.go:27: [32m[INFO][0m [trace_id=1686729719801282500] checkAuth:%!p(string=eyJhbGciOiJIUzI1NiIsInR5cCI6IkpXVCJ9.eyJ1c2VyX25hbWUiOiJhZG1pbjEiLCJleHAiOjE2ODY3MzMzMDMsImlzcyI6IjE2ODY3Mjk3MDMifQ.BsnNpymAL1Sl0LZtAjTZnL9oEHSAPy2Si7Kqzs4hpII)
2023/06/14 16:01:59 admin_course_edit_controller.go:17: [32m[INFO][0m [trace_id=1686729719801282500] [Admin CourseAll Controller] start ...
2023/06/14 16:02:02 admin_perm_controller.go:27: [32m[INFO][0m [trace_id=1686729722516990300] checkAuth:%!p(string=eyJhbGciOiJIUzI1NiIsInR5cCI6IkpXVCJ9.eyJ1c2VyX25hbWUiOiJhZG1pbjEiLCJleHAiOjE2ODY3MzMzMDMsImlzcyI6IjE2ODY3Mjk3MDMifQ.BsnNpymAL1Sl0LZtAjTZnL9oEHSAPy2Si7Kqzs4hpII)
2023/06/14 16:02:02 admin_course_edit_controller.go:17: [32m[INFO][0m [trace_id=1686729722516990300] [Admin CourseAll Controller] start ...
2023/06/14 16:02:29 admin_perm_controller.go:27: [32m[INFO][0m [trace_id=1686729749766914400] checkAuth:%!p(string=eyJhbGciOiJIUzI1NiIsInR5cCI6IkpXVCJ9.eyJ1c2VyX25hbWUiOiJhZG1pbjEiLCJleHAiOjE2ODY3MzMzMDMsImlzcyI6IjE2ODY3Mjk3MDMifQ.BsnNpymAL1Sl0LZtAjTZnL9oEHSAPy2Si7Kqzs4hpII)
2023/06/14 16:02:29 admin_course_edit_controller.go:17: [32m[INFO][0m [trace_id=1686729749766914400] [Admin CourseAll Controller] start ...
2023/06/14 16:13:32 admin_perm_controller.go:56: [32m[INFO][0m [trace_id=1686730409456163900] [adminLogin Controller] start ...
2023/06/14 16:13:32 admin_perm_controller.go:66: [32m[INFO][0m [trace_id=1686730409456163900] ---->input param: {Password:admin Name:admin Dept: IsTeacher:false}
2023/06/14 16:16:05 admin_perm_controller.go:56: [32m[INFO][0m [trace_id=1686730563456060200] [adminLogin Controller] start ...
2023/06/14 16:16:05 admin_perm_controller.go:66: [32m[INFO][0m [trace_id=1686730563456060200] ---->input param: {Password:admin Name:admin Dept: IsTeacher:false}
2023/06/14 16:17:53 admin_perm_controller.go:56: [32m[INFO][0m [trace_id=1686730671999238600] [adminLogin Controller] start ...
2023/06/14 16:17:54 admin_perm_controller.go:66: [32m[INFO][0m [trace_id=1686730671999238600] ---->input param: {Password:admin Name:admin Dept: IsTeacher:false}
2023/06/14 16:29:30 admin_perm_controller.go:56: [32m[INFO][0m [trace_id=1686731368639913400] [adminLogin Controller] start ...
2023/06/14 16:29:30 admin_perm_controller.go:66: [32m[INFO][0m [trace_id=1686731368639913400] ---->input param: {Password:admin1 Name:admin1 Dept: IsTeacher:false}
2023/06/14 16:29:44 admin_perm_controller.go:27: [32m[INFO][0m [trace_id=1686731380685888900] checkAuth:%!p(string=eyJhbGciOiJIUzI1NiIsInR5cCI6IkpXVCJ9.eyJ1c2VyX25hbWUiOiJhZG1pbjEiLCJleHAiOjE2ODY3MzQ5MTcsImlzcyI6IjE2ODY3MzEzMTcifQ.11JVT0uPIiERPehgsoekzcpd5WItW0cPfk7opxsQO7c)
2023/06/14 16:29:55 admin_perm_controller.go:27: [32m[INFO][0m [trace_id=1686731395805892400] checkAuth:%!p(string=eyJhbGciOiJIUzI1NiIsInR5cCI6IkpXVCJ9.eyJ1c2VyX25hbWUiOiJhZG1pbjEiLCJleHAiOjE2ODY3MzQ5MTcsImlzcyI6IjE2ODY3MzEzMTcifQ.11JVT0uPIiERPehgsoekzcpd5WItW0cPfk7opxsQO7c)
2023/06/14 16:29:59 admin_perm_controller.go:27: [32m[INFO][0m [trace_id=1686731399603341600] checkAuth:%!p(string=eyJhbGciOiJIUzI1NiIsInR5cCI6IkpXVCJ9.eyJ1c2VyX25hbWUiOiJhZG1pbjEiLCJleHAiOjE2ODY3MzQ5MTcsImlzcyI6IjE2ODY3MzEzMTcifQ.11JVT0uPIiERPehgsoekzcpd5WItW0cPfk7opxsQO7c)
2023/06/14 16:31:01 admin_perm_controller.go:56: [32m[INFO][0m [trace_id=1686731461857126500] [adminLogin Controller] start ...
2023/06/14 16:31:01 admin_perm_controller.go:66: [32m[INFO][0m [trace_id=1686731461857126500] ---->input param: {Password:admin1 Name:admin1 Dept: IsTeacher:false}
2023/06/14 16:31:10 admin_perm_controller.go:27: [32m[INFO][0m [trace_id=1686731470724013900] checkAuth:%!p(string=eyJhbGciOiJIUzI1NiIsInR5cCI6IkpXVCJ9.eyJ1c2VyX25hbWUiOiJhZG1pbjEiLCJleHAiOjE2ODY3MzQ5MTcsImlzcyI6IjE2ODY3MzEzMTcifQ.11JVT0uPIiERPehgsoekzcpd5WItW0cPfk7opxsQO7c)
2023/06/14 16:31:20 admin_perm_controller.go:27: [32m[INFO][0m [trace_id=1686731480478266900] checkAuth:%!p(string=eyJhbGciOiJIUzI1NiIsInR5cCI6IkpXVCJ9.eyJ1c2VyX25hbWUiOiJhZG1pbjEiLCJleHAiOjE2ODY3MzUwNjEsImlzcyI6IjE2ODY3MzE0NjEifQ.Xsl6juD0Emu7fag6TjaK6lefDJF7A1dLsv3NLy4GQOI)
2023/06/14 16:31:20 admin_course_edit_controller.go:17: [32m[INFO][0m [trace_id=1686731480478266900] [Admin CourseAll Controller] start ...
2023/06/14 16:31:25 admin_perm_controller.go:56: [32m[INFO][0m [trace_id=1686731485460456600] [adminLogin Controller] start ...
2023/06/14 16:31:25 admin_perm_controller.go:66: [32m[INFO][0m [trace_id=1686731485460456600] ---->input param: {Password:admin1 Name:admin1 Dept: IsTeacher:false}
2023/06/14 16:31:29 admin_perm_controller.go:27: [32m[INFO][0m [trace_id=1686731489605406300] checkAuth:%!p(string=eyJhbGciOiJIUzI1NiIsInR5cCI6IkpXVCJ9.eyJ1c2VyX25hbWUiOiJhZG1pbjEiLCJleHAiOjE2ODY3MzUwNjEsImlzcyI6IjE2ODY3MzE0NjEifQ.Xsl6juD0Emu7fag6TjaK6lefDJF7A1dLsv3NLy4GQOI)
2023/06/14 16:37:05 admin_perm_controller.go:56: [32m[INFO][0m [trace_id=1686731825144360800] [adminLogin Controller] start ...
2023/06/14 16:37:05 admin_perm_controller.go:66: [32m[INFO][0m [trace_id=1686731825144360800] ---->input param: {Password:admin Name:admin Dept: IsTeacher:false}
2023/06/14 16:59:59 admin_perm_controller.go:56: [32m[INFO][0m [trace_id=1686733199949601900] [adminLogin Controller] start ...
2023/06/14 16:59:59 admin_perm_controller.go:65: [32m[INFO][0m [trace_id=1686733199949601900] ---->input param: {Password:admin Name:admin Dept: IsTeacher:false}
