2023/06/13 16:01:00 admin_perm_service.go:49: [36m[DEBUG][0m newTokenStr:eyJhbGciOiJIUzI1NiIsInR5cCI6IkpXVCJ9.eyJ1c2VyX25hbWUiOiJhZG1pbjEiLCJleHAiOjE2ODY2NDY4NjAsImlzcyI6IjE2ODY2NDMyNjAifQ.Ew0JGpw8aRyVR5JeQJfkzOv0t6t0cvduhXfNomqwqk0
2023/06/13 16:01:00 admin_perm_service.go:60: [36m[DEBUG][0m tokenStr:eyJhbGciOiJIUzI1NiIsInR5cCI6IkpXVCJ9.eyJ1c2VyX25hbWUiOiJhZG1pbjEiLCJleHAiOjE2ODY2NDY4NjAsImlzcyI6IjE2ODY2NDMyNjAifQ.Ew0JGpw8aRyVR5JeQJfkzOv0t6t0cvduhXfNomqwqk0,&{10000 %!d(string=ok)}
2023/06/13 16:01:17 admin_perm_service.go:42: [36m[DEBUG][0m oldTokenStr:eyJhbGciOiJIUzI1NiIsInR5cCI6IkpXVCJ9.eyJ1c2VyX25hbWUiOiJhZG1pbjEiLCJleHAiOjE2ODY2NDY4NjAsImlzcyI6IjE2ODY2NDMyNjAifQ.Ew0JGpw8aRyVR5JeQJfkzOv0t6t0cvduhXfNomqwqk0
2023/06/13 16:01:17 admin_perm_service.go:49: [36m[DEBUG][0m newTokenStr:eyJhbGciOiJIUzI1NiIsInR5cCI6IkpXVCJ9.eyJ1c2VyX25hbWUiOiJhZG1pbjEiLCJleHAiOjE2ODY2NDY4NzcsImlzcyI6IjE2ODY2NDMyNzcifQ.cVyX_dETy1hIzpxdLgiFtimYHhAuBy5bgjCdyRYuXis
2023/06/13 16:01:17 admin_perm_service.go:60: [36m[DEBUG][0m tokenStr:eyJhbGciOiJIUzI1NiIsInR5cCI6IkpXVCJ9.eyJ1c2VyX25hbWUiOiJhZG1pbjEiLCJleHAiOjE2ODY2NDY4NzcsImlzcyI6IjE2ODY2NDMyNzcifQ.cVyX_dETy1hIzpxdLgiFtimYHhAuBy5bgjCdyRYuXis,&{10010 %!d(string=已经在其他机器登录，登出并在本机登录)}
2023/06/13 16:02:47 admin_perm_service.go:49: [36m[DEBUG][0m newTokenStr:eyJhbGciOiJIUzI1NiIsInR5cCI6IkpXVCJ9.eyJ1c2VyX25hbWUiOiJhZG1pbjEiLCJleHAiOjE2ODY2NDY5NjcsImlzcyI6IjE2ODY2NDMzNjcifQ.aEtgUSTReUhMUhuUnb3jz8ymHfkoCd1quCagyFihvfI
2023/06/13 16:02:47 admin_perm_service.go:60: [36m[DEBUG][0m tokenStr:eyJhbGciOiJIUzI1NiIsInR5cCI6IkpXVCJ9.eyJ1c2VyX25hbWUiOiJhZG1pbjEiLCJleHAiOjE2ODY2NDY5NjcsImlzcyI6IjE2ODY2NDMzNjcifQ.aEtgUSTReUhMUhuUnb3jz8ymHfkoCd1quCagyFihvfI,&{10000 %!d(string=ok)}
2023/06/13 16:02:51 admin_perm_service.go:42: [36m[DEBUG][0m oldTokenStr:eyJhbGciOiJIUzI1NiIsInR5cCI6IkpXVCJ9.eyJ1c2VyX25hbWUiOiJhZG1pbjEiLCJleHAiOjE2ODY2NDY5NjcsImlzcyI6IjE2ODY2NDMzNjcifQ.aEtgUSTReUhMUhuUnb3jz8ymHfkoCd1quCagyFihvfI
2023/06/13 16:02:51 admin_perm_service.go:49: [36m[DEBUG][0m newTokenStr:eyJhbGciOiJIUzI1NiIsInR5cCI6IkpXVCJ9.eyJ1c2VyX25hbWUiOiJhZG1pbjEiLCJleHAiOjE2ODY2NDY5NzEsImlzcyI6IjE2ODY2NDMzNzEifQ.mLF5R5mZmaSM9albYX9h8wGdtDHa1f-Uwlyp7fGp90Y
2023/06/13 16:02:51 admin_perm_service.go:60: [36m[DEBUG][0m tokenStr:eyJhbGciOiJIUzI1NiIsInR5cCI6IkpXVCJ9.eyJ1c2VyX25hbWUiOiJhZG1pbjEiLCJleHAiOjE2ODY2NDY5NzEsImlzcyI6IjE2ODY2NDMzNzEifQ.mLF5R5mZmaSM9albYX9h8wGdtDHa1f-Uwlyp7fGp90Y,&{10010 %!d(string=已经在其他机器登录:退出登录，并在本机登录)}
2023/06/13 16:05:22 admin_perm_service.go:49: [36m[DEBUG][0m newTokenStr:eyJhbGciOiJIUzI1NiIsInR5cCI6IkpXVCJ9.eyJ1c2VyX25hbWUiOiJhZG1pbjEiLCJleHAiOjE2ODY2NDcxMjIsImlzcyI6IjE2ODY2NDM1MjIifQ.YGjhxmK05B7Y4Y8m9HCOo_8z7BTYcTmE6M_AwzSIPaw
2023/06/13 16:05:22 admin_perm_service.go:60: [36m[DEBUG][0m tokenStr:eyJhbGciOiJIUzI1NiIsInR5cCI6IkpXVCJ9.eyJ1c2VyX25hbWUiOiJhZG1pbjEiLCJleHAiOjE2ODY2NDcxMjIsImlzcyI6IjE2ODY2NDM1MjIifQ.YGjhxmK05B7Y4Y8m9HCOo_8z7BTYcTmE6M_AwzSIPaw,&{10000 %!d(string=ok)}
2023/06/13 16:05:37 admin_perm_service.go:42: [36m[DEBUG][0m oldTokenStr:eyJhbGciOiJIUzI1NiIsInR5cCI6IkpXVCJ9.eyJ1c2VyX25hbWUiOiJhZG1pbjEiLCJleHAiOjE2ODY2NDcxMjIsImlzcyI6IjE2ODY2NDM1MjIifQ.YGjhxmK05B7Y4Y8m9HCOo_8z7BTYcTmE6M_AwzSIPaw
2023/06/13 16:05:37 admin_perm_service.go:49: [36m[DEBUG][0m newTokenStr:eyJhbGciOiJIUzI1NiIsInR5cCI6IkpXVCJ9.eyJ1c2VyX25hbWUiOiJhZG1pbjEiLCJleHAiOjE2ODY2NDcxMzcsImlzcyI6IjE2ODY2NDM1MzcifQ.ffmnbygcMWmQiLXWYkFQSj1uiN5sA2GKujZO5x_AtdQ
2023/06/13 16:05:37 admin_perm_service.go:60: [36m[DEBUG][0m tokenStr:eyJhbGciOiJIUzI1NiIsInR5cCI6IkpXVCJ9.eyJ1c2VyX25hbWUiOiJhZG1pbjEiLCJleHAiOjE2ODY2NDcxMzcsImlzcyI6IjE2ODY2NDM1MzcifQ.ffmnbygcMWmQiLXWYkFQSj1uiN5sA2GKujZO5x_AtdQ,&{10010 %!d(string=已经在其他机器登录:退出登录，并在本机登录)}
2023/06/13 16:14:47 admin_perm_service.go:49: [36m[DEBUG][0m newTokenStr:eyJhbGciOiJIUzI1NiIsInR5cCI6IkpXVCJ9.eyJ1c2VyX25hbWUiOiJhZG1pbjEiLCJleHAiOjE2ODY2NDc2ODcsImlzcyI6IjE2ODY2NDQwODcifQ.K6MNspJkNCZmIyCGsscp34xjWAf0AgBR1uvpqU5E2Es
2023/06/13 16:14:47 admin_perm_service.go:60: [36m[DEBUG][0m tokenStr:eyJhbGciOiJIUzI1NiIsInR5cCI6IkpXVCJ9.eyJ1c2VyX25hbWUiOiJhZG1pbjEiLCJleHAiOjE2ODY2NDc2ODcsImlzcyI6IjE2ODY2NDQwODcifQ.K6MNspJkNCZmIyCGsscp34xjWAf0AgBR1uvpqU5E2Es,&{10000 %!d(string=登录成功)}
2023/06/13 16:14:56 admin_perm_service.go:42: [36m[DEBUG][0m oldTokenStr:eyJhbGciOiJIUzI1NiIsInR5cCI6IkpXVCJ9.eyJ1c2VyX25hbWUiOiJhZG1pbjEiLCJleHAiOjE2ODY2NDc2ODcsImlzcyI6IjE2ODY2NDQwODcifQ.K6MNspJkNCZmIyCGsscp34xjWAf0AgBR1uvpqU5E2Es
2023/06/13 16:14:56 admin_perm_service.go:49: [36m[DEBUG][0m newTokenStr:eyJhbGciOiJIUzI1NiIsInR5cCI6IkpXVCJ9.eyJ1c2VyX25hbWUiOiJhZG1pbjEiLCJleHAiOjE2ODY2NDc2OTYsImlzcyI6IjE2ODY2NDQwOTYifQ.VoelnIk8Wt1QfZJVCWeGxV55D0br9kR05gzbYTlZ8Fo
2023/06/13 16:14:56 admin_perm_service.go:60: [36m[DEBUG][0m tokenStr:eyJhbGciOiJIUzI1NiIsInR5cCI6IkpXVCJ9.eyJ1c2VyX25hbWUiOiJhZG1pbjEiLCJleHAiOjE2ODY2NDc2OTYsImlzcyI6IjE2ODY2NDQwOTYifQ.VoelnIk8Wt1QfZJVCWeGxV55D0br9kR05gzbYTlZ8Fo,&{10002 %!d(string=已经在其他机器登录:退出登录，并在本机登录)}
2023/06/13 16:16:07 admin_perm_service.go:60: [36m[DEBUG][0m tokenStr:,&{10022 %!d(string=用户不存在)}
2023/06/13 16:16:43 admin_perm_service.go:49: [36m[DEBUG][0m newTokenStr:eyJhbGciOiJIUzI1NiIsInR5cCI6IkpXVCJ9.eyJ1c2VyX25hbWUiOiJhZG1pbjIiLCJleHAiOjE2ODY2NDc4MDMsImlzcyI6IjE2ODY2NDQyMDMifQ.d9wuuIAnUaBn4C-AFR6dtVwmfQ83Owrr3_jCn7idIbE
2023/06/13 16:16:43 admin_perm_service.go:60: [36m[DEBUG][0m tokenStr:eyJhbGciOiJIUzI1NiIsInR5cCI6IkpXVCJ9.eyJ1c2VyX25hbWUiOiJhZG1pbjIiLCJleHAiOjE2ODY2NDc4MDMsImlzcyI6IjE2ODY2NDQyMDMifQ.d9wuuIAnUaBn4C-AFR6dtVwmfQ83Owrr3_jCn7idIbE,&{10000 %!d(string=登录成功)}
2023/06/13 16:19:19 admin_perm_service.go:49: [36m[DEBUG][0m newTokenStr:eyJhbGciOiJIUzI1NiIsInR5cCI6IkpXVCJ9.eyJ1c2VyX25hbWUiOiJhZG1pbjIiLCJleHAiOjE2ODY2NDc5NTksImlzcyI6IjE2ODY2NDQzNTkifQ.J4h44R2nsDRE_29J6ey2fjP7J_DQTagJp04zaSilc5I
2023/06/13 16:19:19 admin_perm_service.go:60: [36m[DEBUG][0m tokenStr:eyJhbGciOiJIUzI1NiIsInR5cCI6IkpXVCJ9.eyJ1c2VyX25hbWUiOiJhZG1pbjIiLCJleHAiOjE2ODY2NDc5NTksImlzcyI6IjE2ODY2NDQzNTkifQ.J4h44R2nsDRE_29J6ey2fjP7J_DQTagJp04zaSilc5I,&{10000 %!d(string=登录成功)}
2023/06/13 16:19:23 admin_perm_service.go:42: [36m[DEBUG][0m oldTokenStr:eyJhbGciOiJIUzI1NiIsInR5cCI6IkpXVCJ9.eyJ1c2VyX25hbWUiOiJhZG1pbjIiLCJleHAiOjE2ODY2NDc5NTksImlzcyI6IjE2ODY2NDQzNTkifQ.J4h44R2nsDRE_29J6ey2fjP7J_DQTagJp04zaSilc5I
2023/06/13 16:19:23 admin_perm_service.go:49: [36m[DEBUG][0m newTokenStr:eyJhbGciOiJIUzI1NiIsInR5cCI6IkpXVCJ9.eyJ1c2VyX25hbWUiOiJhZG1pbjIiLCJleHAiOjE2ODY2NDc5NjMsImlzcyI6IjE2ODY2NDQzNjMifQ.ZE8kcNkFaTchgGE6qIw2KAXVMs1dx4S60s2XznoyALs
2023/06/13 16:19:23 admin_perm_service.go:60: [36m[DEBUG][0m tokenStr:eyJhbGciOiJIUzI1NiIsInR5cCI6IkpXVCJ9.eyJ1c2VyX25hbWUiOiJhZG1pbjIiLCJleHAiOjE2ODY2NDc5NjMsImlzcyI6IjE2ODY2NDQzNjMifQ.ZE8kcNkFaTchgGE6qIw2KAXVMs1dx4S60s2XznoyALs,&{10002 %!d(string=已经在其他机器登录:退出登录，并在本机登录)}
2023/06/13 16:21:34 admin_perm_service.go:49: [36m[DEBUG][0m newTokenStr:eyJhbGciOiJIUzI1NiIsInR5cCI6IkpXVCJ9.eyJ1c2VyX25hbWUiOiJhZG1pbjEiLCJleHAiOjE2ODY2NDgwOTQsImlzcyI6IjE2ODY2NDQ0OTQifQ.aTKk_3QBgPZmgdeCRP1PXCwKQnv_-XSpF6KkiOKQ29E
2023/06/13 16:21:34 admin_perm_service.go:60: [36m[DEBUG][0m tokenStr:eyJhbGciOiJIUzI1NiIsInR5cCI6IkpXVCJ9.eyJ1c2VyX25hbWUiOiJhZG1pbjEiLCJleHAiOjE2ODY2NDgwOTQsImlzcyI6IjE2ODY2NDQ0OTQifQ.aTKk_3QBgPZmgdeCRP1PXCwKQnv_-XSpF6KkiOKQ29E,&{10000 %!d(string=登录成功)}
2023/06/13 16:21:55 admin_perm_service.go:42: [36m[DEBUG][0m oldTokenStr:eyJhbGciOiJIUzI1NiIsInR5cCI6IkpXVCJ9.eyJ1c2VyX25hbWUiOiJhZG1pbjIiLCJleHAiOjE2ODY2NDc5NjMsImlzcyI6IjE2ODY2NDQzNjMifQ.ZE8kcNkFaTchgGE6qIw2KAXVMs1dx4S60s2XznoyALs
2023/06/13 16:21:55 admin_perm_service.go:49: [36m[DEBUG][0m newTokenStr:eyJhbGciOiJIUzI1NiIsInR5cCI6IkpXVCJ9.eyJ1c2VyX25hbWUiOiJhZG1pbjIiLCJleHAiOjE2ODY2NDgxMTUsImlzcyI6IjE2ODY2NDQ1MTUifQ.kI63OAe86ttBXDoqOJbmfpIwl8KjnV_Sd9PI1mPQjVg
2023/06/13 16:21:55 admin_perm_service.go:60: [36m[DEBUG][0m tokenStr:eyJhbGciOiJIUzI1NiIsInR5cCI6IkpXVCJ9.eyJ1c2VyX25hbWUiOiJhZG1pbjIiLCJleHAiOjE2ODY2NDgxMTUsImlzcyI6IjE2ODY2NDQ1MTUifQ.kI63OAe86ttBXDoqOJbmfpIwl8KjnV_Sd9PI1mPQjVg,&{10002 %!d(string=已经在其他机器登录:退出登录，并在本机登录)}
2023/06/13 16:22:08 admin_perm_service.go:42: [36m[DEBUG][0m oldTokenStr:eyJhbGciOiJIUzI1NiIsInR5cCI6IkpXVCJ9.eyJ1c2VyX25hbWUiOiJhZG1pbjIiLCJleHAiOjE2ODY2NDgxMTUsImlzcyI6IjE2ODY2NDQ1MTUifQ.kI63OAe86ttBXDoqOJbmfpIwl8KjnV_Sd9PI1mPQjVg
2023/06/13 16:22:08 admin_perm_service.go:49: [36m[DEBUG][0m newTokenStr:eyJhbGciOiJIUzI1NiIsInR5cCI6IkpXVCJ9.eyJ1c2VyX25hbWUiOiJhZG1pbjIiLCJleHAiOjE2ODY2NDgxMjgsImlzcyI6IjE2ODY2NDQ1MjgifQ.Pcm7A7bSmsS4I3dyqIGsl9di1gDNiaOVzXSACBLc8x8
2023/06/13 16:22:08 admin_perm_service.go:60: [36m[DEBUG][0m tokenStr:eyJhbGciOiJIUzI1NiIsInR5cCI6IkpXVCJ9.eyJ1c2VyX25hbWUiOiJhZG1pbjIiLCJleHAiOjE2ODY2NDgxMjgsImlzcyI6IjE2ODY2NDQ1MjgifQ.Pcm7A7bSmsS4I3dyqIGsl9di1gDNiaOVzXSACBLc8x8,&{10002 %!d(string=已经在其他机器登录:退出登录，并在本机登录)}
2023/06/13 16:38:01 admin_perm_service.go:42: [36m[DEBUG][0m oldTokenStr:eyJhbGciOiJIUzI1NiIsInR5cCI6IkpXVCJ9.eyJ1c2VyX25hbWUiOiJhZG1pbjIiLCJleHAiOjE2ODY2NDgxMjgsImlzcyI6IjE2ODY2NDQ1MjgifQ.Pcm7A7bSmsS4I3dyqIGsl9di1gDNiaOVzXSACBLc8x8
2023/06/13 16:38:01 admin_perm_service.go:49: [36m[DEBUG][0m newTokenStr:eyJhbGciOiJIUzI1NiIsInR5cCI6IkpXVCJ9.eyJ1c2VyX25hbWUiOiJhZG1pbjIiLCJleHAiOjE2ODY2NDkwODEsImlzcyI6IjE2ODY2NDU0ODEifQ.ojEQ2jElKWS8QrgBzyYK0zrraQE2l1KGYEG9a9XG-b8
2023/06/13 16:38:01 admin_perm_service.go:60: [36m[DEBUG][0m tokenStr:eyJhbGciOiJIUzI1NiIsInR5cCI6IkpXVCJ9.eyJ1c2VyX25hbWUiOiJhZG1pbjIiLCJleHAiOjE2ODY2NDkwODEsImlzcyI6IjE2ODY2NDU0ODEifQ.ojEQ2jElKWS8QrgBzyYK0zrraQE2l1KGYEG9a9XG-b8,&{10002 %!d(string=已经在其他机器登录:退出登录，并在本机登录)}
2023/06/13 16:39:14 admin_perm_service.go:42: [36m[DEBUG][0m oldTokenStr:eyJhbGciOiJIUzI1NiIsInR5cCI6IkpXVCJ9.eyJ1c2VyX25hbWUiOiJhZG1pbjEiLCJleHAiOjE2ODY2NDgwOTQsImlzcyI6IjE2ODY2NDQ0OTQifQ.aTKk_3QBgPZmgdeCRP1PXCwKQnv_-XSpF6KkiOKQ29E
2023/06/13 16:39:14 admin_perm_service.go:49: [36m[DEBUG][0m newTokenStr:eyJhbGciOiJIUzI1NiIsInR5cCI6IkpXVCJ9.eyJ1c2VyX25hbWUiOiJhZG1pbjEiLCJleHAiOjE2ODY2NDkxNTQsImlzcyI6IjE2ODY2NDU1NTQifQ.2gzXbfCAzZFRpF6RaklOJo2xnz7TI72isB9Bbr3Hgfk
2023/06/13 16:39:14 admin_perm_service.go:60: [36m[DEBUG][0m tokenStr:eyJhbGciOiJIUzI1NiIsInR5cCI6IkpXVCJ9.eyJ1c2VyX25hbWUiOiJhZG1pbjEiLCJleHAiOjE2ODY2NDkxNTQsImlzcyI6IjE2ODY2NDU1NTQifQ.2gzXbfCAzZFRpF6RaklOJo2xnz7TI72isB9Bbr3Hgfk,&{10002 %!d(string=已经在其他机器登录:退出登录，并在本机登录)}
2023/06/13 16:40:12 admin_perm_service.go:42: [36m[DEBUG][0m oldTokenStr:eyJhbGciOiJIUzI1NiIsInR5cCI6IkpXVCJ9.eyJ1c2VyX25hbWUiOiJhZG1pbjEiLCJleHAiOjE2ODY2NDkxNTQsImlzcyI6IjE2ODY2NDU1NTQifQ.2gzXbfCAzZFRpF6RaklOJo2xnz7TI72isB9Bbr3Hgfk
2023/06/13 16:40:12 admin_perm_service.go:49: [36m[DEBUG][0m newTokenStr:eyJhbGciOiJIUzI1NiIsInR5cCI6IkpXVCJ9.eyJ1c2VyX25hbWUiOiJhZG1pbjEiLCJleHAiOjE2ODY2NDkyMTIsImlzcyI6IjE2ODY2NDU2MTIifQ.SDVGy163WIqAMiQ8bD_DES3LyUNrVVXnR-r7syDjE5s
2023/06/13 16:40:12 admin_perm_service.go:60: [36m[DEBUG][0m tokenStr:eyJhbGciOiJIUzI1NiIsInR5cCI6IkpXVCJ9.eyJ1c2VyX25hbWUiOiJhZG1pbjEiLCJleHAiOjE2ODY2NDkyMTIsImlzcyI6IjE2ODY2NDU2MTIifQ.SDVGy163WIqAMiQ8bD_DES3LyUNrVVXnR-r7syDjE5s,&{10002 %!d(string=已经在其他机器登录:退出登录，并在本机登录)}
2023/06/13 16:40:25 admin_perm_service.go:42: [36m[DEBUG][0m oldTokenStr:eyJhbGciOiJIUzI1NiIsInR5cCI6IkpXVCJ9.eyJ1c2VyX25hbWUiOiJhZG1pbjEiLCJleHAiOjE2ODY2NDkyMTIsImlzcyI6IjE2ODY2NDU2MTIifQ.SDVGy163WIqAMiQ8bD_DES3LyUNrVVXnR-r7syDjE5s
2023/06/13 16:40:25 admin_perm_service.go:49: [36m[DEBUG][0m newTokenStr:eyJhbGciOiJIUzI1NiIsInR5cCI6IkpXVCJ9.eyJ1c2VyX25hbWUiOiJhZG1pbjEiLCJleHAiOjE2ODY2NDkyMjUsImlzcyI6IjE2ODY2NDU2MjUifQ.JcqbAuxbAp-uBeao3NNeyeCoXxRyRma9_G-QPzv13dQ
2023/06/13 16:40:25 admin_perm_service.go:60: [36m[DEBUG][0m tokenStr:eyJhbGciOiJIUzI1NiIsInR5cCI6IkpXVCJ9.eyJ1c2VyX25hbWUiOiJhZG1pbjEiLCJleHAiOjE2ODY2NDkyMjUsImlzcyI6IjE2ODY2NDU2MjUifQ.JcqbAuxbAp-uBeao3NNeyeCoXxRyRma9_G-QPzv13dQ,&{10002 %!d(string=已经在其他机器登录:退出登录，并在本机登录)}
2023/06/13 16:40:32 admin_perm_service.go:42: [36m[DEBUG][0m oldTokenStr:eyJhbGciOiJIUzI1NiIsInR5cCI6IkpXVCJ9.eyJ1c2VyX25hbWUiOiJhZG1pbjEiLCJleHAiOjE2ODY2NDkyMjUsImlzcyI6IjE2ODY2NDU2MjUifQ.JcqbAuxbAp-uBeao3NNeyeCoXxRyRma9_G-QPzv13dQ
2023/06/13 16:40:32 admin_perm_service.go:49: [36m[DEBUG][0m newTokenStr:eyJhbGciOiJIUzI1NiIsInR5cCI6IkpXVCJ9.eyJ1c2VyX25hbWUiOiJhZG1pbjEiLCJleHAiOjE2ODY2NDkyMzIsImlzcyI6IjE2ODY2NDU2MzIifQ.lH_D4mmwceuqDPVIoar_5kLSbURaxCdnEhWsXNKPv-Q
2023/06/13 16:40:32 admin_perm_service.go:60: [36m[DEBUG][0m tokenStr:eyJhbGciOiJIUzI1NiIsInR5cCI6IkpXVCJ9.eyJ1c2VyX25hbWUiOiJhZG1pbjEiLCJleHAiOjE2ODY2NDkyMzIsImlzcyI6IjE2ODY2NDU2MzIifQ.lH_D4mmwceuqDPVIoar_5kLSbURaxCdnEhWsXNKPv-Q,&{10002 %!d(string=已经在其他机器登录:退出登录，并在本机登录)}
2023/06/13 16:40:58 admin_perm_service.go:42: [36m[DEBUG][0m oldTokenStr:eyJhbGciOiJIUzI1NiIsInR5cCI6IkpXVCJ9.eyJ1c2VyX25hbWUiOiJhZG1pbjEiLCJleHAiOjE2ODY2NDkyMzIsImlzcyI6IjE2ODY2NDU2MzIifQ.lH_D4mmwceuqDPVIoar_5kLSbURaxCdnEhWsXNKPv-Q
2023/06/13 16:40:58 admin_perm_service.go:49: [36m[DEBUG][0m newTokenStr:eyJhbGciOiJIUzI1NiIsInR5cCI6IkpXVCJ9.eyJ1c2VyX25hbWUiOiJhZG1pbjEiLCJleHAiOjE2ODY2NDkyNTgsImlzcyI6IjE2ODY2NDU2NTgifQ.08x1NCNKq8JSLXJwnDRxt2i2PlSJCuvU-VYdacahQvU
2023/06/13 16:40:58 admin_perm_service.go:60: [36m[DEBUG][0m tokenStr:eyJhbGciOiJIUzI1NiIsInR5cCI6IkpXVCJ9.eyJ1c2VyX25hbWUiOiJhZG1pbjEiLCJleHAiOjE2ODY2NDkyNTgsImlzcyI6IjE2ODY2NDU2NTgifQ.08x1NCNKq8JSLXJwnDRxt2i2PlSJCuvU-VYdacahQvU,&{10002 %!d(string=已经在其他机器登录:退出登录，并在本机登录)}
2023/06/13 16:41:56 admin_perm_service.go:42: [36m[DEBUG][0m oldTokenStr:eyJhbGciOiJIUzI1NiIsInR5cCI6IkpXVCJ9.eyJ1c2VyX25hbWUiOiJhZG1pbjEiLCJleHAiOjE2ODY2NDkyNTgsImlzcyI6IjE2ODY2NDU2NTgifQ.08x1NCNKq8JSLXJwnDRxt2i2PlSJCuvU-VYdacahQvU
2023/06/13 16:41:56 admin_perm_service.go:49: [36m[DEBUG][0m newTokenStr:eyJhbGciOiJIUzI1NiIsInR5cCI6IkpXVCJ9.eyJ1c2VyX25hbWUiOiJhZG1pbjEiLCJleHAiOjE2ODY2NDkzMTYsImlzcyI6IjE2ODY2NDU3MTYifQ.tf5PDlKNkCEN41uj25UOqA3AZLZe1IL9BAQFnM1d06A
2023/06/13 16:41:58 admin_perm_service.go:60: [36m[DEBUG][0m tokenStr:eyJhbGciOiJIUzI1NiIsInR5cCI6IkpXVCJ9.eyJ1c2VyX25hbWUiOiJhZG1pbjEiLCJleHAiOjE2ODY2NDkzMTYsImlzcyI6IjE2ODY2NDU3MTYifQ.tf5PDlKNkCEN41uj25UOqA3AZLZe1IL9BAQFnM1d06A,&{10002 %!d(string=已经在其他机器登录:退出登录，并在本机登录)}
2023/06/13 16:58:57 admin_perm_service.go:49: [36m[DEBUG][0m newTokenStr:eyJhbGciOiJIUzI1NiIsInR5cCI6IkpXVCJ9.eyJ1c2VyX25hbWUiOiJhZG1pbjEiLCJleHAiOjE2ODY2NTAzMzcsImlzcyI6IjE2ODY2NDY3MzcifQ.F5EUbfpk-jGdYq0GZmk4aSMtbMocE28FbO6TfTfb5pg
2023/06/13 16:58:57 admin_perm_service.go:60: [36m[DEBUG][0m tokenStr:eyJhbGciOiJIUzI1NiIsInR5cCI6IkpXVCJ9.eyJ1c2VyX25hbWUiOiJhZG1pbjEiLCJleHAiOjE2ODY2NTAzMzcsImlzcyI6IjE2ODY2NDY3MzcifQ.F5EUbfpk-jGdYq0GZmk4aSMtbMocE28FbO6TfTfb5pg,&{10000 %!d(string=登录成功)}
2023/06/13 16:59:02 admin_perm_service.go:42: [36m[DEBUG][0m oldTokenStr:eyJhbGciOiJIUzI1NiIsInR5cCI6IkpXVCJ9.eyJ1c2VyX25hbWUiOiJhZG1pbjEiLCJleHAiOjE2ODY2NTAzMzcsImlzcyI6IjE2ODY2NDY3MzcifQ.F5EUbfpk-jGdYq0GZmk4aSMtbMocE28FbO6TfTfb5pg
2023/06/13 16:59:02 admin_perm_service.go:49: [36m[DEBUG][0m newTokenStr:eyJhbGciOiJIUzI1NiIsInR5cCI6IkpXVCJ9.eyJ1c2VyX25hbWUiOiJhZG1pbjEiLCJleHAiOjE2ODY2NTAzNDIsImlzcyI6IjE2ODY2NDY3NDIifQ._VfNkuENDYAG5CDL8EROIzCxjFNpFwo0eWgn5HI4RGY
2023/06/13 16:59:02 admin_perm_service.go:60: [36m[DEBUG][0m tokenStr:eyJhbGciOiJIUzI1NiIsInR5cCI6IkpXVCJ9.eyJ1c2VyX25hbWUiOiJhZG1pbjEiLCJleHAiOjE2ODY2NTAzNDIsImlzcyI6IjE2ODY2NDY3NDIifQ._VfNkuENDYAG5CDL8EROIzCxjFNpFwo0eWgn5HI4RGY,&{10002 %!d(string=登录成功：再次登录)}
