2023/06/14 10:17:20 admin_perm_controller.go:151: [32m[INFO][0m [trace_id=1686709040938562500] [admin GetUser Controller] start ...
2023/06/14 10:17:22 admin_perm_controller.go:53: [32m[INFO][0m [trace_id=1686709042378514400] [adminLogin Controller] start ...
2023/06/14 10:17:22 admin_perm_controller.go:63: [32m[INFO][0m [trace_id=1686709042378514400] ---->input param: {Password:admin1 Name:admin1 Dept: IsTeacher:false}
2023/06/14 10:17:37 admin_course_edit_controller.go:17: [32m[INFO][0m [trace_id=1686709057429817100] [Admin CourseAll Controller] start ...
2023/06/14 10:18:09 admin_course_edit_controller.go:17: [32m[INFO][0m [trace_id=1686709089104377000] [Admin CourseAll Controller] start ...
2023/06/14 10:18:25 upload_file_controller.go:19: [32m[INFO][0m [trace_id=1686709105149470000] [UploadFiles Controller] start ...
2023/06/14 10:18:25 upload_file_service.go:134: [32m[INFO][0m [trace_id=1686709105149470000] [service.UploadMultiFiles] form.File=map[file:[0xc0004c90e0]], form=&{Value:map[] File:map[file:[0xc0004c90e0]]}
2023/06/14 10:18:44 admin_course_edit_controller.go:17: [32m[INFO][0m [trace_id=1686709124801691500] [Admin CourseAll Controller] start ...
2023/06/14 10:19:03 admin_course_edit_controller.go:17: [32m[INFO][0m [trace_id=1686709143285269300] [Admin CourseAll Controller] start ...
2023/06/14 10:19:05 admin_course_edit_controller.go:17: [32m[INFO][0m [trace_id=1686709145086631900] [Admin CourseAll Controller] start ...
2023/06/14 10:20:12 admin_course_edit_controller.go:17: [32m[INFO][0m [trace_id=1686709212765194200] [Admin CourseAll Controller] start ...
2023/06/14 10:20:40 admin_course_edit_controller.go:17: [32m[INFO][0m [trace_id=1686709240136815400] [Admin CourseAll Controller] start ...
2023/06/14 10:21:40 admin_course_edit_controller.go:17: [32m[INFO][0m [trace_id=1686709300352177900] [Admin CourseAll Controller] start ...
2023/06/14 10:22:15 admin_user_controller.go:100: [32m[INFO][0m [trace_id=1686709335109173300] [admin AllUser Controller] start ...
2023/06/14 10:23:33 admin_user_controller.go:205: [32m[INFO][0m [trace_id=1686709413956206900] [admin AllTeacher Controller] start ...
2023/06/14 10:23:38 admin_news_edit_controller.go:126: [32m[INFO][0m [trace_id=1686709418896445300] [NewsTitleALL Controller] start ...
2023/06/14 10:23:55 admin_user_controller.go:100: [32m[INFO][0m [trace_id=1686709435520332800] [admin AllUser Controller] start ...
2023/06/14 10:23:57 admin_course_edit_controller.go:17: [32m[INFO][0m [trace_id=1686709437285211800] [Admin CourseAll Controller] start ...
2023/06/14 10:24:01 admin_news_edit_controller.go:16: [32m[INFO][0m [trace_id=1686709441415878000] [News Controller] start ...
2023/06/14 10:24:01 admin_news_edit_controller.go:26: [32m[INFO][0m [trace_id=1686709441415878000] ---->input param: {ID:1}
2023/06/14 10:24:05 admin_course_edit_controller.go:17: [32m[INFO][0m [trace_id=1686709445121800800] [Admin CourseAll Controller] start ...
2023/06/14 10:24:12 admin_course_edit_controller.go:65: [32m[INFO][0m [trace_id=1686709452570080700] [Admin Course Controller] start ...
2023/06/14 10:24:12 admin_course_edit_controller.go:75: [32m[INFO][0m [trace_id=1686709452570080700] ---->input param: {ID:1}
2023/06/14 10:34:17 admin_perm_controller.go:53: [32m[INFO][0m [trace_id=1686710057966210100] [adminLogin Controller] start ...
2023/06/14 10:34:17 admin_perm_controller.go:63: [32m[INFO][0m [trace_id=1686710057966210100] ---->input param: {Password:admin1 Name:admin1 Dept: IsTeacher:false}
2023/06/14 10:46:39 admin_user_controller.go:100: [32m[INFO][0m [trace_id=1686710799575948800] [admin AllUser Controller] start ...
2023/06/14 10:46:42 admin_course_edit_controller.go:17: [32m[INFO][0m [trace_id=1686710802017806700] [Admin CourseAll Controller] start ...
2023/06/14 10:46:43 admin_user_controller.go:100: [32m[INFO][0m [trace_id=1686710803925507700] [admin AllUser Controller] start ...
